[0.113s] Invoking command in '/home/sanjib28/turtlebot3_ws/build/turtlebot3_node': AMENT_PREFIX_PATH=/home/sanjib28/turtlebot3_ws/install/turtlebot3_msgs:${AMENT_PREFIX_PATH} CMAKE_PREFIX_PATH=/home/sanjib28/turtlebot3_ws/install/turtlebot3_msgs:/opt/ros/foxy LD_LIBRARY_PATH=/home/sanjib28/turtlebot3_ws/install/turtlebot3_msgs/lib:${LD_LIBRARY_PATH} PYTHONPATH=/home/sanjib28/turtlebot3_ws/install/turtlebot3_msgs/lib/python3.8/site-packages:${PYTHONPATH} /usr/bin/cmake /home/sanjib28/turtlebot3_ws/src/turtlebot3/turtlebot3_node -DCMAKE_INSTALL_PREFIX=/home/sanjib28/turtlebot3_ws/install/turtlebot3_node
[0.215s] -- The C compiler identification is GNU 9.4.0
[0.297s] -- The CXX compiler identification is GNU 9.4.0
[0.302s] -- Check for working C compiler: /usr/bin/cc
[0.386s] -- Check for working C compiler: /usr/bin/cc -- works
[0.386s] -- Detecting C compiler ABI info
[0.472s] -- Detecting C compiler ABI info - done
[0.483s] -- Detecting C compile features
[0.483s] -- Detecting C compile features - done
[0.486s] -- Check for working CXX compiler: /usr/bin/c++
[0.757s] -- Check for working CXX compiler: /usr/bin/c++ -- works
[0.759s] -- Detecting CXX compiler ABI info
[1.083s] -- Detecting CXX compiler ABI info - done
[1.100s] -- Detecting CXX compile features
[1.101s] -- Detecting CXX compile features - done
[1.105s] -- Found ament_cmake: 0.9.11 (/opt/ros/foxy/share/ament_cmake/cmake)
[1.132s] -- Found PythonInterp: /usr/bin/python3 (found suitable version "3.8.10", minimum required is "3") 
[1.133s] -- Using PYTHON_EXECUTABLE: /usr/bin/python3
[1.466s] -- Found dynamixel_sdk: 3.7.40 (/opt/ros/foxy/share/dynamixel_sdk/cmake)
[1.470s] -- Found geometry_msgs: 2.0.5 (/opt/ros/foxy/share/geometry_msgs/cmake)
[1.508s] -- Using all available rosidl_typesupport_c: rosidl_typesupport_fastrtps_c;rosidl_typesupport_introspection_c
[1.515s] -- Found rosidl_adapter: 1.3.0 (/opt/ros/foxy/share/rosidl_adapter/cmake)
[1.753s] -- Found OpenSSL: /usr/lib/x86_64-linux-gnu/libcrypto.so (found version "1.1.1f")  
[1.841s] -- Found FastRTPS: /opt/ros/foxy/include  
[2.060s] -- Using all available rosidl_typesupport_cpp: rosidl_typesupport_fastrtps_cpp;rosidl_typesupport_introspection_cpp
[2.189s] -- Found message_filters: 3.2.5 (/opt/ros/foxy/share/message_filters/cmake)
[2.193s] -- Found nav_msgs: 2.0.5 (/opt/ros/foxy/share/nav_msgs/cmake)
[2.365s] -- Found rclcpp: 2.4.2 (/opt/ros/foxy/share/rclcpp/cmake)
[2.527s] -- Found rmw_implementation_cmake: 1.0.3 (/opt/ros/foxy/share/rmw_implementation_cmake/cmake)
[2.530s] -- Using RMW implementation 'rmw_fastrtps_cpp' as default
[2.531s] -- Looking for pthread.h
[2.655s] -- Looking for pthread.h - found
[2.655s] -- Performing Test CMAKE_HAVE_LIBC_PTHREAD
[2.732s] -- Performing Test CMAKE_HAVE_LIBC_PTHREAD - Failed
[2.732s] -- Looking for pthread_create in pthreads
[2.797s] -- Looking for pthread_create in pthreads - not found
[2.797s] -- Looking for pthread_create in pthread
[2.891s] -- Looking for pthread_create in pthread - found
[2.892s] -- Found Threads: TRUE  
[3.053s] -- Found sensor_msgs: 2.0.5 (/opt/ros/foxy/share/sensor_msgs/cmake)
[3.167s] -- Found std_srvs: 2.0.5 (/opt/ros/foxy/share/std_srvs/cmake)
[3.182s] -- Found tf2: 0.13.13 (/opt/ros/foxy/share/tf2/cmake)
[3.208s] -- Found tf2_ros: 0.13.13 (/opt/ros/foxy/share/tf2_ros/cmake)
[3.941s] -- Found turtlebot3_msgs: 2.2.1 (/home/sanjib28/turtlebot3_ws/install/turtlebot3_msgs/share/turtlebot3_msgs/cmake)
[4.200s] -- Configuring done
[4.238s] -- Generating done
[4.241s] -- Build files have been written to: /home/sanjib28/turtlebot3_ws/build/turtlebot3_node
[4.257s] Invoked command in '/home/sanjib28/turtlebot3_ws/build/turtlebot3_node' returned '0': AMENT_PREFIX_PATH=/home/sanjib28/turtlebot3_ws/install/turtlebot3_msgs:${AMENT_PREFIX_PATH} CMAKE_PREFIX_PATH=/home/sanjib28/turtlebot3_ws/install/turtlebot3_msgs:/opt/ros/foxy LD_LIBRARY_PATH=/home/sanjib28/turtlebot3_ws/install/turtlebot3_msgs/lib:${LD_LIBRARY_PATH} PYTHONPATH=/home/sanjib28/turtlebot3_ws/install/turtlebot3_msgs/lib/python3.8/site-packages:${PYTHONPATH} /usr/bin/cmake /home/sanjib28/turtlebot3_ws/src/turtlebot3/turtlebot3_node -DCMAKE_INSTALL_PREFIX=/home/sanjib28/turtlebot3_ws/install/turtlebot3_node
[4.262s] Invoking command in '/home/sanjib28/turtlebot3_ws/build/turtlebot3_node': AMENT_PREFIX_PATH=/home/sanjib28/turtlebot3_ws/install/turtlebot3_msgs:${AMENT_PREFIX_PATH} CMAKE_PREFIX_PATH=/home/sanjib28/turtlebot3_ws/install/turtlebot3_msgs:/opt/ros/foxy LD_LIBRARY_PATH=/home/sanjib28/turtlebot3_ws/install/turtlebot3_msgs/lib:${LD_LIBRARY_PATH} PYTHONPATH=/home/sanjib28/turtlebot3_ws/install/turtlebot3_msgs/lib/python3.8/site-packages:${PYTHONPATH} /usr/bin/cmake --build /home/sanjib28/turtlebot3_ws/build/turtlebot3_node -- -j2 -l2
[4.319s] [35m[1mScanning dependencies of target turtlebot3_node_lib[0m
[4.619s] [  7%] [32mBuilding CXX object CMakeFiles/turtlebot3_node_lib.dir/src/devices/motor_power.cpp.o[0m
[4.625s] [ 14%] [32mBuilding CXX object CMakeFiles/turtlebot3_node_lib.dir/src/devices/sound.cpp.o[0m
[9.873s] [ 21%] [32mBuilding CXX object CMakeFiles/turtlebot3_node_lib.dir/src/devices/reset.cpp.o[0m
[12.955s] [ 28%] [32mBuilding CXX object CMakeFiles/turtlebot3_node_lib.dir/src/diff_drive_controller.cpp.o[0m
[16.333s] [ 35%] [32mBuilding CXX object CMakeFiles/turtlebot3_node_lib.dir/src/dynamixel_sdk_wrapper.cpp.o[0m
[16.820s] [ 42%] [32mBuilding CXX object CMakeFiles/turtlebot3_node_lib.dir/src/odometry.cpp.o[0m
[29.572s] [ 50%] [32mBuilding CXX object CMakeFiles/turtlebot3_node_lib.dir/src/turtlebot3.cpp.o[0m
[39.027s] [ 57%] [32mBuilding CXX object CMakeFiles/turtlebot3_node_lib.dir/src/sensors/battery_state.cpp.o[0m
[43.211s] [ 64%] [32mBuilding CXX object CMakeFiles/turtlebot3_node_lib.dir/src/sensors/imu.cpp.o[0m
[47.858s] [ 71%] [32mBuilding CXX object CMakeFiles/turtlebot3_node_lib.dir/src/sensors/joint_state.cpp.o[0m
[53.450s] [ 78%] [32mBuilding CXX object CMakeFiles/turtlebot3_node_lib.dir/src/sensors/sensor_state.cpp.o[0m
[58.951s] [ 85%] [32m[1mLinking CXX static library libturtlebot3_node_lib.a[0m
[59.537s] [ 85%] Built target turtlebot3_node_lib
[59.561s] [35m[1mScanning dependencies of target turtlebot3_ros[0m
[59.686s] [ 92%] [32mBuilding CXX object CMakeFiles/turtlebot3_ros.dir/src/node_main.cpp.o[0m
[63.005s] [100%] [32m[1mLinking CXX executable turtlebot3_ros[0m
[64.519s] [100%] Built target turtlebot3_ros
[64.536s] Invoked command in '/home/sanjib28/turtlebot3_ws/build/turtlebot3_node' returned '0': AMENT_PREFIX_PATH=/home/sanjib28/turtlebot3_ws/install/turtlebot3_msgs:${AMENT_PREFIX_PATH} CMAKE_PREFIX_PATH=/home/sanjib28/turtlebot3_ws/install/turtlebot3_msgs:/opt/ros/foxy LD_LIBRARY_PATH=/home/sanjib28/turtlebot3_ws/install/turtlebot3_msgs/lib:${LD_LIBRARY_PATH} PYTHONPATH=/home/sanjib28/turtlebot3_ws/install/turtlebot3_msgs/lib/python3.8/site-packages:${PYTHONPATH} /usr/bin/cmake --build /home/sanjib28/turtlebot3_ws/build/turtlebot3_node -- -j2 -l2
[64.587s] Invoking command in '/home/sanjib28/turtlebot3_ws/build/turtlebot3_node': AMENT_PREFIX_PATH=/home/sanjib28/turtlebot3_ws/install/turtlebot3_msgs:${AMENT_PREFIX_PATH} CMAKE_PREFIX_PATH=/home/sanjib28/turtlebot3_ws/install/turtlebot3_msgs:/opt/ros/foxy LD_LIBRARY_PATH=/home/sanjib28/turtlebot3_ws/install/turtlebot3_msgs/lib:${LD_LIBRARY_PATH} PYTHONPATH=/home/sanjib28/turtlebot3_ws/install/turtlebot3_msgs/lib/python3.8/site-packages:${PYTHONPATH} /usr/bin/cmake --install /home/sanjib28/turtlebot3_ws/build/turtlebot3_node
[64.600s] -- Install configuration: ""
[64.600s] -- Installing: /home/sanjib28/turtlebot3_ws/install/turtlebot3_node/share/turtlebot3_node/param
[64.600s] -- Installing: /home/sanjib28/turtlebot3_ws/install/turtlebot3_node/share/turtlebot3_node/param/waffle.yaml
[64.600s] -- Installing: /home/sanjib28/turtlebot3_ws/install/turtlebot3_node/share/turtlebot3_node/param/burger.yaml
[64.600s] -- Installing: /home/sanjib28/turtlebot3_ws/install/turtlebot3_node/share/turtlebot3_node/param/waffle_pi.yaml
[64.601s] -- Installing: /home/sanjib28/turtlebot3_ws/install/turtlebot3_node/lib/turtlebot3_node/turtlebot3_ros
[64.610s] -- Set runtime path of "/home/sanjib28/turtlebot3_ws/install/turtlebot3_node/lib/turtlebot3_node/turtlebot3_ros" to ""
[64.610s] -- Installing: /home/sanjib28/turtlebot3_ws/install/turtlebot3_node/share/ament_index/resource_index/package_run_dependencies/turtlebot3_node
[64.610s] -- Installing: /home/sanjib28/turtlebot3_ws/install/turtlebot3_node/share/ament_index/resource_index/parent_prefix_path/turtlebot3_node
[64.611s] -- Installing: /home/sanjib28/turtlebot3_ws/install/turtlebot3_node/share/turtlebot3_node/environment/ament_prefix_path.sh
[64.611s] -- Installing: /home/sanjib28/turtlebot3_ws/install/turtlebot3_node/share/turtlebot3_node/environment/ament_prefix_path.dsv
[64.611s] -- Installing: /home/sanjib28/turtlebot3_ws/install/turtlebot3_node/share/turtlebot3_node/environment/path.sh
[64.611s] -- Installing: /home/sanjib28/turtlebot3_ws/install/turtlebot3_node/share/turtlebot3_node/environment/path.dsv
[64.611s] -- Installing: /home/sanjib28/turtlebot3_ws/install/turtlebot3_node/share/turtlebot3_node/local_setup.bash
[64.611s] -- Installing: /home/sanjib28/turtlebot3_ws/install/turtlebot3_node/share/turtlebot3_node/local_setup.sh
[64.612s] -- Installing: /home/sanjib28/turtlebot3_ws/install/turtlebot3_node/share/turtlebot3_node/local_setup.zsh
[64.612s] -- Installing: /home/sanjib28/turtlebot3_ws/install/turtlebot3_node/share/turtlebot3_node/local_setup.dsv
[64.612s] -- Installing: /home/sanjib28/turtlebot3_ws/install/turtlebot3_node/share/turtlebot3_node/package.dsv
[64.612s] -- Installing: /home/sanjib28/turtlebot3_ws/install/turtlebot3_node/share/ament_index/resource_index/packages/turtlebot3_node
[64.613s] -- Installing: /home/sanjib28/turtlebot3_ws/install/turtlebot3_node/share/turtlebot3_node/cmake/ament_cmake_export_include_directories-extras.cmake
[64.613s] -- Installing: /home/sanjib28/turtlebot3_ws/install/turtlebot3_node/share/turtlebot3_node/cmake/turtlebot3_nodeConfig.cmake
[64.613s] -- Installing: /home/sanjib28/turtlebot3_ws/install/turtlebot3_node/share/turtlebot3_node/cmake/turtlebot3_nodeConfig-version.cmake
[64.613s] -- Installing: /home/sanjib28/turtlebot3_ws/install/turtlebot3_node/share/turtlebot3_node/package.xml
[64.619s] Invoked command in '/home/sanjib28/turtlebot3_ws/build/turtlebot3_node' returned '0': AMENT_PREFIX_PATH=/home/sanjib28/turtlebot3_ws/install/turtlebot3_msgs:${AMENT_PREFIX_PATH} CMAKE_PREFIX_PATH=/home/sanjib28/turtlebot3_ws/install/turtlebot3_msgs:/opt/ros/foxy LD_LIBRARY_PATH=/home/sanjib28/turtlebot3_ws/install/turtlebot3_msgs/lib:${LD_LIBRARY_PATH} PYTHONPATH=/home/sanjib28/turtlebot3_ws/install/turtlebot3_msgs/lib/python3.8/site-packages:${PYTHONPATH} /usr/bin/cmake --install /home/sanjib28/turtlebot3_ws/build/turtlebot3_node
