[0.045s] Invoking command in '/home/sanjib28/turtlebot3_ws/build/turtlebot3_fake_node': CMAKE_PREFIX_PATH=/home/sanjib28/turtlebot3_ws/install/turtlebot3_msgs:/home/sanjib28/turtlebot3_ws/install/turtlebot3:/home/sanjib28/turtlebot3_ws/install/turtlebot3_simulations:/home/sanjib28/turtlebot3_ws/install/turtlebot3_bringup:/home/sanjib28/turtlebot3_ws/install/turtlebot3_node:/home/sanjib28/turtlebot3_ws/install/turtlebot3_navigation2:/home/sanjib28/turtlebot3_ws/install/turtlebot3_fake_node:/home/sanjib28/turtlebot3_ws/install/turtlebot3_gazebo:/home/sanjib28/turtlebot3_ws/install/turtlebot3_description:/home/sanjib28/turtlebot3_ws/install/turtlebot3_cartographer:/home/sanjib28/turtlebot3_ws/install/turtlebot3_teleop:/home/sanjib28/turtlebot3_ws/install/turtlebot3_example:/opt/ros/foxy PYTHONPATH=/home/sanjib28/turtlebot3_ws/install/turtlebot3_msgs/lib/python3.8/site-packages:/home/sanjib28/turtlebot3_ws/install/turtlebot3_teleop/lib/python3.8/site-packages:/home/sanjib28/turtlebot3_ws/install/turtlebot3_example/lib/python3.8/site-packages:/opt/ros/foxy/lib/python3.8/site-packages /usr/bin/cmake --build /home/sanjib28/turtlebot3_ws/build/turtlebot3_fake_node -- -j2 -l2
[0.207s] [100%] Built target turtlebot3_fake_node
[0.226s] Invoked command in '/home/sanjib28/turtlebot3_ws/build/turtlebot3_fake_node' returned '0': CMAKE_PREFIX_PATH=/home/sanjib28/turtlebot3_ws/install/turtlebot3_msgs:/home/sanjib28/turtlebot3_ws/install/turtlebot3:/home/sanjib28/turtlebot3_ws/install/turtlebot3_simulations:/home/sanjib28/turtlebot3_ws/install/turtlebot3_bringup:/home/sanjib28/turtlebot3_ws/install/turtlebot3_node:/home/sanjib28/turtlebot3_ws/install/turtlebot3_navigation2:/home/sanjib28/turtlebot3_ws/install/turtlebot3_fake_node:/home/sanjib28/turtlebot3_ws/install/turtlebot3_gazebo:/home/sanjib28/turtlebot3_ws/install/turtlebot3_description:/home/sanjib28/turtlebot3_ws/install/turtlebot3_cartographer:/home/sanjib28/turtlebot3_ws/install/turtlebot3_teleop:/home/sanjib28/turtlebot3_ws/install/turtlebot3_example:/opt/ros/foxy PYTHONPATH=/home/sanjib28/turtlebot3_ws/install/turtlebot3_msgs/lib/python3.8/site-packages:/home/sanjib28/turtlebot3_ws/install/turtlebot3_teleop/lib/python3.8/site-packages:/home/sanjib28/turtlebot3_ws/install/turtlebot3_example/lib/python3.8/site-packages:/opt/ros/foxy/lib/python3.8/site-packages /usr/bin/cmake --build /home/sanjib28/turtlebot3_ws/build/turtlebot3_fake_node -- -j2 -l2
[0.262s] Invoking command in '/home/sanjib28/turtlebot3_ws/build/turtlebot3_fake_node': CMAKE_PREFIX_PATH=/home/sanjib28/turtlebot3_ws/install/turtlebot3_msgs:/home/sanjib28/turtlebot3_ws/install/turtlebot3:/home/sanjib28/turtlebot3_ws/install/turtlebot3_simulations:/home/sanjib28/turtlebot3_ws/install/turtlebot3_bringup:/home/sanjib28/turtlebot3_ws/install/turtlebot3_node:/home/sanjib28/turtlebot3_ws/install/turtlebot3_navigation2:/home/sanjib28/turtlebot3_ws/install/turtlebot3_fake_node:/home/sanjib28/turtlebot3_ws/install/turtlebot3_gazebo:/home/sanjib28/turtlebot3_ws/install/turtlebot3_description:/home/sanjib28/turtlebot3_ws/install/turtlebot3_cartographer:/home/sanjib28/turtlebot3_ws/install/turtlebot3_teleop:/home/sanjib28/turtlebot3_ws/install/turtlebot3_example:/opt/ros/foxy PYTHONPATH=/home/sanjib28/turtlebot3_ws/install/turtlebot3_msgs/lib/python3.8/site-packages:/home/sanjib28/turtlebot3_ws/install/turtlebot3_teleop/lib/python3.8/site-packages:/home/sanjib28/turtlebot3_ws/install/turtlebot3_example/lib/python3.8/site-packages:/opt/ros/foxy/lib/python3.8/site-packages /usr/bin/cmake --install /home/sanjib28/turtlebot3_ws/build/turtlebot3_fake_node
[0.283s] -- Install configuration: ""
[0.285s] -- Up-to-date: /home/sanjib28/turtlebot3_ws/install/turtlebot3_fake_node/lib/turtlebot3_fake_node/turtlebot3_fake_node
[0.285s] -- Up-to-date: /home/sanjib28/turtlebot3_ws/install/turtlebot3_fake_node/share/turtlebot3_fake_node/launch
[0.286s] -- Up-to-date: /home/sanjib28/turtlebot3_ws/install/turtlebot3_fake_node/share/turtlebot3_fake_node/launch/rviz2.launch.py
[0.286s] -- Up-to-date: /home/sanjib28/turtlebot3_ws/install/turtlebot3_fake_node/share/turtlebot3_fake_node/launch/turtlebot3_fake_node.launch.py
[0.286s] -- Up-to-date: /home/sanjib28/turtlebot3_ws/install/turtlebot3_fake_node/share/turtlebot3_fake_node/param
[0.287s] -- Up-to-date: /home/sanjib28/turtlebot3_ws/install/turtlebot3_fake_node/share/turtlebot3_fake_node/param/waffle.yaml
[0.287s] -- Up-to-date: /home/sanjib28/turtlebot3_ws/install/turtlebot3_fake_node/share/turtlebot3_fake_node/param/burger.yaml
[0.287s] -- Up-to-date: /home/sanjib28/turtlebot3_ws/install/turtlebot3_fake_node/share/turtlebot3_fake_node/param/waffle_pi.yaml
[0.287s] -- Up-to-date: /home/sanjib28/turtlebot3_ws/install/turtlebot3_fake_node/share/turtlebot3_fake_node/rviz
[0.287s] -- Up-to-date: /home/sanjib28/turtlebot3_ws/install/turtlebot3_fake_node/share/turtlebot3_fake_node/rviz/model.rviz
[0.287s] -- Up-to-date: /home/sanjib28/turtlebot3_ws/install/turtlebot3_fake_node/include/
[0.288s] -- Up-to-date: /home/sanjib28/turtlebot3_ws/install/turtlebot3_fake_node/include//turtlebot3_fake_node
[0.289s] -- Up-to-date: /home/sanjib28/turtlebot3_ws/install/turtlebot3_fake_node/include//turtlebot3_fake_node/turtlebot3_fake_node.hpp
[0.289s] -- Up-to-date: /home/sanjib28/turtlebot3_ws/install/turtlebot3_fake_node/share/ament_index/resource_index/package_run_dependencies/turtlebot3_fake_node
[0.289s] -- Up-to-date: /home/sanjib28/turtlebot3_ws/install/turtlebot3_fake_node/share/ament_index/resource_index/parent_prefix_path/turtlebot3_fake_node
[0.290s] -- Up-to-date: /home/sanjib28/turtlebot3_ws/install/turtlebot3_fake_node/share/turtlebot3_fake_node/environment/ament_prefix_path.sh
[0.290s] -- Up-to-date: /home/sanjib28/turtlebot3_ws/install/turtlebot3_fake_node/share/turtlebot3_fake_node/environment/ament_prefix_path.dsv
[0.290s] -- Up-to-date: /home/sanjib28/turtlebot3_ws/install/turtlebot3_fake_node/share/turtlebot3_fake_node/environment/path.sh
[0.290s] -- Up-to-date: /home/sanjib28/turtlebot3_ws/install/turtlebot3_fake_node/share/turtlebot3_fake_node/environment/path.dsv
[0.290s] -- Up-to-date: /home/sanjib28/turtlebot3_ws/install/turtlebot3_fake_node/share/turtlebot3_fake_node/local_setup.bash
[0.291s] -- Up-to-date: /home/sanjib28/turtlebot3_ws/install/turtlebot3_fake_node/share/turtlebot3_fake_node/local_setup.sh
[0.291s] -- Up-to-date: /home/sanjib28/turtlebot3_ws/install/turtlebot3_fake_node/share/turtlebot3_fake_node/local_setup.zsh
[0.291s] -- Up-to-date: /home/sanjib28/turtlebot3_ws/install/turtlebot3_fake_node/share/turtlebot3_fake_node/local_setup.dsv
[0.291s] -- Installing: /home/sanjib28/turtlebot3_ws/install/turtlebot3_fake_node/share/turtlebot3_fake_node/package.dsv
[0.291s] -- Up-to-date: /home/sanjib28/turtlebot3_ws/install/turtlebot3_fake_node/share/ament_index/resource_index/packages/turtlebot3_fake_node
[0.292s] -- Up-to-date: /home/sanjib28/turtlebot3_ws/install/turtlebot3_fake_node/share/turtlebot3_fake_node/cmake/ament_cmake_export_include_directories-extras.cmake
[0.292s] -- Up-to-date: /home/sanjib28/turtlebot3_ws/install/turtlebot3_fake_node/share/turtlebot3_fake_node/cmake/ament_cmake_export_dependencies-extras.cmake
[0.293s] -- Up-to-date: /home/sanjib28/turtlebot3_ws/install/turtlebot3_fake_node/share/turtlebot3_fake_node/cmake/turtlebot3_fake_nodeConfig.cmake
[0.293s] -- Up-to-date: /home/sanjib28/turtlebot3_ws/install/turtlebot3_fake_node/share/turtlebot3_fake_node/cmake/turtlebot3_fake_nodeConfig-version.cmake
[0.293s] -- Up-to-date: /home/sanjib28/turtlebot3_ws/install/turtlebot3_fake_node/share/turtlebot3_fake_node/package.xml
[0.295s] Invoked command in '/home/sanjib28/turtlebot3_ws/build/turtlebot3_fake_node' returned '0': CMAKE_PREFIX_PATH=/home/sanjib28/turtlebot3_ws/install/turtlebot3_msgs:/home/sanjib28/turtlebot3_ws/install/turtlebot3:/home/sanjib28/turtlebot3_ws/install/turtlebot3_simulations:/home/sanjib28/turtlebot3_ws/install/turtlebot3_bringup:/home/sanjib28/turtlebot3_ws/install/turtlebot3_node:/home/sanjib28/turtlebot3_ws/install/turtlebot3_navigation2:/home/sanjib28/turtlebot3_ws/install/turtlebot3_fake_node:/home/sanjib28/turtlebot3_ws/install/turtlebot3_gazebo:/home/sanjib28/turtlebot3_ws/install/turtlebot3_description:/home/sanjib28/turtlebot3_ws/install/turtlebot3_cartographer:/home/sanjib28/turtlebot3_ws/install/turtlebot3_teleop:/home/sanjib28/turtlebot3_ws/install/turtlebot3_example:/opt/ros/foxy PYTHONPATH=/home/sanjib28/turtlebot3_ws/install/turtlebot3_msgs/lib/python3.8/site-packages:/home/sanjib28/turtlebot3_ws/install/turtlebot3_teleop/lib/python3.8/site-packages:/home/sanjib28/turtlebot3_ws/install/turtlebot3_example/lib/python3.8/site-packages:/opt/ros/foxy/lib/python3.8/site-packages /usr/bin/cmake --install /home/sanjib28/turtlebot3_ws/build/turtlebot3_fake_node
