[0.041s] Invoking command in '/home/sanjib28/turtlebot3_ws/build/turtlebot3_gazebo': CMAKE_PREFIX_PATH=/home/sanjib28/turtlebot3_ws/install/turtlebot3_description:/home/sanjib28/turtlebot3_ws/install/turtlebot3:/home/sanjib28/turtlebot3_ws/install/turtlebot3_simulations:/home/sanjib28/turtlebot3_ws/install/turtlebot3_bringup:/home/sanjib28/turtlebot3_ws/install/turtlebot3_node:/home/sanjib28/turtlebot3_ws/install/turtlebot3_navigation2:/home/sanjib28/turtlebot3_ws/install/turtlebot3_fake_node:/home/sanjib28/turtlebot3_ws/install/turtlebot3_msgs:/home/sanjib28/turtlebot3_ws/install/turtlebot3_gazebo:/home/sanjib28/turtlebot3_ws/install/turtlebot3_cartographer:/home/sanjib28/turtlebot3_ws/install/turtlebot3_teleop:/home/sanjib28/turtlebot3_ws/install/turtlebot3_example:/opt/ros/foxy /usr/bin/cmake --build /home/sanjib28/turtlebot3_ws/build/turtlebot3_gazebo -- -j2 -l2
[0.277s] [ 25%] Built target obstacles
[0.346s] [ 50%] Built target obstacle2
[0.370s] [ 75%] Built target turtlebot3_drive
[0.459s] [100%] Built target obstacle1
[0.490s] Invoked command in '/home/sanjib28/turtlebot3_ws/build/turtlebot3_gazebo' returned '0': CMAKE_PREFIX_PATH=/home/sanjib28/turtlebot3_ws/install/turtlebot3_description:/home/sanjib28/turtlebot3_ws/install/turtlebot3:/home/sanjib28/turtlebot3_ws/install/turtlebot3_simulations:/home/sanjib28/turtlebot3_ws/install/turtlebot3_bringup:/home/sanjib28/turtlebot3_ws/install/turtlebot3_node:/home/sanjib28/turtlebot3_ws/install/turtlebot3_navigation2:/home/sanjib28/turtlebot3_ws/install/turtlebot3_fake_node:/home/sanjib28/turtlebot3_ws/install/turtlebot3_msgs:/home/sanjib28/turtlebot3_ws/install/turtlebot3_gazebo:/home/sanjib28/turtlebot3_ws/install/turtlebot3_cartographer:/home/sanjib28/turtlebot3_ws/install/turtlebot3_teleop:/home/sanjib28/turtlebot3_ws/install/turtlebot3_example:/opt/ros/foxy /usr/bin/cmake --build /home/sanjib28/turtlebot3_ws/build/turtlebot3_gazebo -- -j2 -l2
[0.567s] Invoking command in '/home/sanjib28/turtlebot3_ws/build/turtlebot3_gazebo': CMAKE_PREFIX_PATH=/home/sanjib28/turtlebot3_ws/install/turtlebot3_description:/home/sanjib28/turtlebot3_ws/install/turtlebot3:/home/sanjib28/turtlebot3_ws/install/turtlebot3_simulations:/home/sanjib28/turtlebot3_ws/install/turtlebot3_bringup:/home/sanjib28/turtlebot3_ws/install/turtlebot3_node:/home/sanjib28/turtlebot3_ws/install/turtlebot3_navigation2:/home/sanjib28/turtlebot3_ws/install/turtlebot3_fake_node:/home/sanjib28/turtlebot3_ws/install/turtlebot3_msgs:/home/sanjib28/turtlebot3_ws/install/turtlebot3_gazebo:/home/sanjib28/turtlebot3_ws/install/turtlebot3_cartographer:/home/sanjib28/turtlebot3_ws/install/turtlebot3_teleop:/home/sanjib28/turtlebot3_ws/install/turtlebot3_example:/opt/ros/foxy /usr/bin/cmake --install /home/sanjib28/turtlebot3_ws/build/turtlebot3_gazebo
[0.589s] -- Install configuration: ""
[0.598s] -- Up-to-date: /home/sanjib28/turtlebot3_ws/install/turtlebot3_gazebo/lib/turtlebot3_gazebo/turtlebot3_drive
[0.599s] -- Up-to-date: /home/sanjib28/turtlebot3_ws/install/turtlebot3_gazebo/share/turtlebot3_gazebo//launch
[0.600s] -- Up-to-date: /home/sanjib28/turtlebot3_ws/install/turtlebot3_gazebo/share/turtlebot3_gazebo//launch/turtlebot3_dqn_stage2.launch.py
[0.600s] -- Up-to-date: /home/sanjib28/turtlebot3_ws/install/turtlebot3_gazebo/share/turtlebot3_gazebo//launch/turtlebot3_world.launch.py
[0.600s] -- Up-to-date: /home/sanjib28/turtlebot3_ws/install/turtlebot3_gazebo/share/turtlebot3_gazebo//launch/robot_state_publisher.launch.py
[0.601s] -- Up-to-date: /home/sanjib28/turtlebot3_ws/install/turtlebot3_gazebo/share/turtlebot3_gazebo//launch/empty_world.launch.py
[0.601s] -- Up-to-date: /home/sanjib28/turtlebot3_ws/install/turtlebot3_gazebo/share/turtlebot3_gazebo//launch/turtlebot3_dqn_stage3.launch.py
[0.602s] -- Up-to-date: /home/sanjib28/turtlebot3_ws/install/turtlebot3_gazebo/share/turtlebot3_gazebo//launch/turtlebot3_autorace.launch.py
[0.602s] -- Up-to-date: /home/sanjib28/turtlebot3_ws/install/turtlebot3_gazebo/share/turtlebot3_gazebo//launch/turtlebot3_dqn_stage4.launch.py
[0.602s] -- Up-to-date: /home/sanjib28/turtlebot3_ws/install/turtlebot3_gazebo/share/turtlebot3_gazebo//launch/turtlebot3_house.launch.py
[0.605s] -- Up-to-date: /home/sanjib28/turtlebot3_ws/install/turtlebot3_gazebo/share/turtlebot3_gazebo//launch/turtlebot3_dqn_stage1.launch.py
[0.605s] -- Up-to-date: /home/sanjib28/turtlebot3_ws/install/turtlebot3_gazebo/share/turtlebot3_gazebo//models
[0.605s] -- Up-to-date: /home/sanjib28/turtlebot3_ws/install/turtlebot3_gazebo/share/turtlebot3_gazebo//models/turtlebot3_dqn_world
[0.606s] -- Up-to-date: /home/sanjib28/turtlebot3_ws/install/turtlebot3_gazebo/share/turtlebot3_gazebo//models/turtlebot3_dqn_world/obstacle1
[0.606s] -- Up-to-date: /home/sanjib28/turtlebot3_ws/install/turtlebot3_gazebo/share/turtlebot3_gazebo//models/turtlebot3_dqn_world/obstacle1/model.sdf
[0.606s] -- Up-to-date: /home/sanjib28/turtlebot3_ws/install/turtlebot3_gazebo/share/turtlebot3_gazebo//models/turtlebot3_dqn_world/obstacle1/model.config
[0.606s] -- Up-to-date: /home/sanjib28/turtlebot3_ws/install/turtlebot3_gazebo/share/turtlebot3_gazebo//models/turtlebot3_dqn_world/model.sdf
[0.607s] -- Up-to-date: /home/sanjib28/turtlebot3_ws/install/turtlebot3_gazebo/share/turtlebot3_gazebo//models/turtlebot3_dqn_world/obstacles
[0.607s] -- Up-to-date: /home/sanjib28/turtlebot3_ws/install/turtlebot3_gazebo/share/turtlebot3_gazebo//models/turtlebot3_dqn_world/obstacles/model.sdf
[0.607s] -- Up-to-date: /home/sanjib28/turtlebot3_ws/install/turtlebot3_gazebo/share/turtlebot3_gazebo//models/turtlebot3_dqn_world/obstacles/model.config
[0.607s] -- Up-to-date: /home/sanjib28/turtlebot3_ws/install/turtlebot3_gazebo/share/turtlebot3_gazebo//models/turtlebot3_dqn_world/obstacle_plugin
[0.608s] -- Up-to-date: /home/sanjib28/turtlebot3_ws/install/turtlebot3_gazebo/share/turtlebot3_gazebo//models/turtlebot3_dqn_world/obstacle_plugin/obstacle2.cc
[0.608s] -- Up-to-date: /home/sanjib28/turtlebot3_ws/install/turtlebot3_gazebo/share/turtlebot3_gazebo//models/turtlebot3_dqn_world/obstacle_plugin/obstacles.cc
[0.608s] -- Up-to-date: /home/sanjib28/turtlebot3_ws/install/turtlebot3_gazebo/share/turtlebot3_gazebo//models/turtlebot3_dqn_world/obstacle_plugin/obstacle1.cc
[0.608s] -- Up-to-date: /home/sanjib28/turtlebot3_ws/install/turtlebot3_gazebo/share/turtlebot3_gazebo//models/turtlebot3_dqn_world/obstacle_plugin/CMakeLists.txt
[0.611s] -- Up-to-date: /home/sanjib28/turtlebot3_ws/install/turtlebot3_gazebo/share/turtlebot3_gazebo//models/turtlebot3_dqn_world/model.config
[0.612s] -- Up-to-date: /home/sanjib28/turtlebot3_ws/install/turtlebot3_gazebo/share/turtlebot3_gazebo//models/turtlebot3_dqn_world/goal_box
[0.613s] -- Up-to-date: /home/sanjib28/turtlebot3_ws/install/turtlebot3_gazebo/share/turtlebot3_gazebo//models/turtlebot3_dqn_world/goal_box/model.sdf
[0.613s] -- Up-to-date: /home/sanjib28/turtlebot3_ws/install/turtlebot3_gazebo/share/turtlebot3_gazebo//models/turtlebot3_dqn_world/goal_box/model.config
[0.613s] -- Up-to-date: /home/sanjib28/turtlebot3_ws/install/turtlebot3_gazebo/share/turtlebot3_gazebo//models/turtlebot3_dqn_world/inner_walls
[0.613s] -- Up-to-date: /home/sanjib28/turtlebot3_ws/install/turtlebot3_gazebo/share/turtlebot3_gazebo//models/turtlebot3_dqn_world/inner_walls/model.sdf
[0.613s] -- Up-to-date: /home/sanjib28/turtlebot3_ws/install/turtlebot3_gazebo/share/turtlebot3_gazebo//models/turtlebot3_dqn_world/inner_walls/model.config
[0.613s] -- Up-to-date: /home/sanjib28/turtlebot3_ws/install/turtlebot3_gazebo/share/turtlebot3_gazebo//models/turtlebot3_dqn_world/obstacle2
[0.614s] -- Up-to-date: /home/sanjib28/turtlebot3_ws/install/turtlebot3_gazebo/share/turtlebot3_gazebo//models/turtlebot3_dqn_world/obstacle2/model.sdf
[0.614s] -- Up-to-date: /home/sanjib28/turtlebot3_ws/install/turtlebot3_gazebo/share/turtlebot3_gazebo//models/turtlebot3_dqn_world/obstacle2/model.config
[0.614s] -- Up-to-date: /home/sanjib28/turtlebot3_ws/install/turtlebot3_gazebo/share/turtlebot3_gazebo//models/turtlebot3_house
[0.614s] -- Up-to-date: /home/sanjib28/turtlebot3_ws/install/turtlebot3_gazebo/share/turtlebot3_gazebo//models/turtlebot3_house/model.sdf
[0.614s] -- Up-to-date: /home/sanjib28/turtlebot3_ws/install/turtlebot3_gazebo/share/turtlebot3_gazebo//models/turtlebot3_house/model.config
[0.614s] -- Up-to-date: /home/sanjib28/turtlebot3_ws/install/turtlebot3_gazebo/share/turtlebot3_gazebo//models/turtlebot3_world
[0.614s] -- Up-to-date: /home/sanjib28/turtlebot3_ws/install/turtlebot3_gazebo/share/turtlebot3_gazebo//models/turtlebot3_world/model.sdf
[0.615s] -- Up-to-date: /home/sanjib28/turtlebot3_ws/install/turtlebot3_gazebo/share/turtlebot3_gazebo//models/turtlebot3_world/meshes
[0.615s] -- Up-to-date: /home/sanjib28/turtlebot3_ws/install/turtlebot3_gazebo/share/turtlebot3_gazebo//models/turtlebot3_world/meshes/wall.dae
[0.615s] -- Up-to-date: /home/sanjib28/turtlebot3_ws/install/turtlebot3_gazebo/share/turtlebot3_gazebo//models/turtlebot3_world/meshes/hexagon.dae
[0.615s] -- Up-to-date: /home/sanjib28/turtlebot3_ws/install/turtlebot3_gazebo/share/turtlebot3_gazebo//models/turtlebot3_world/model.config
[0.615s] -- Up-to-date: /home/sanjib28/turtlebot3_ws/install/turtlebot3_gazebo/share/turtlebot3_gazebo//models/turtlebot3_world/model-1_4.sdf
[0.615s] -- Up-to-date: /home/sanjib28/turtlebot3_ws/install/turtlebot3_gazebo/share/turtlebot3_gazebo//models/turtlebot3_autorace
[0.618s] -- Up-to-date: /home/sanjib28/turtlebot3_ws/install/turtlebot3_gazebo/share/turtlebot3_gazebo//models/turtlebot3_autorace/traffic_light_yellow
[0.618s] -- Up-to-date: /home/sanjib28/turtlebot3_ws/install/turtlebot3_gazebo/share/turtlebot3_gazebo//models/turtlebot3_autorace/traffic_light_yellow/model.sdf
[0.618s] -- Up-to-date: /home/sanjib28/turtlebot3_ws/install/turtlebot3_gazebo/share/turtlebot3_gazebo//models/turtlebot3_autorace/traffic_light_yellow/model.config
[0.620s] -- Up-to-date: /home/sanjib28/turtlebot3_ws/install/turtlebot3_gazebo/share/turtlebot3_gazebo//models/turtlebot3_autorace/traffic_bar_up
[0.620s] -- Up-to-date: /home/sanjib28/turtlebot3_ws/install/turtlebot3_gazebo/share/turtlebot3_gazebo//models/turtlebot3_autorace/traffic_bar_up/materials
[0.621s] -- Up-to-date: /home/sanjib28/turtlebot3_ws/install/turtlebot3_gazebo/share/turtlebot3_gazebo//models/turtlebot3_autorace/traffic_bar_up/materials/scripts
[0.621s] -- Up-to-date: /home/sanjib28/turtlebot3_ws/install/turtlebot3_gazebo/share/turtlebot3_gazebo//models/turtlebot3_autorace/traffic_bar_up/materials/scripts/traffic_bar.material
[0.621s] -- Up-to-date: /home/sanjib28/turtlebot3_ws/install/turtlebot3_gazebo/share/turtlebot3_gazebo//models/turtlebot3_autorace/traffic_bar_up/materials/textures
[0.622s] -- Up-to-date: /home/sanjib28/turtlebot3_ws/install/turtlebot3_gazebo/share/turtlebot3_gazebo//models/turtlebot3_autorace/traffic_bar_up/materials/textures/traffic_bar.png
[0.625s] -- Up-to-date: /home/sanjib28/turtlebot3_ws/install/turtlebot3_gazebo/share/turtlebot3_gazebo//models/turtlebot3_autorace/traffic_bar_up/model.sdf
[0.625s] -- Up-to-date: /home/sanjib28/turtlebot3_ws/install/turtlebot3_gazebo/share/turtlebot3_gazebo//models/turtlebot3_autorace/traffic_bar_up/model.config
[0.627s] -- Up-to-date: /home/sanjib28/turtlebot3_ws/install/turtlebot3_gazebo/share/turtlebot3_gazebo//models/turtlebot3_autorace/traffic_tunnel
[0.627s] -- Up-to-date: /home/sanjib28/turtlebot3_ws/install/turtlebot3_gazebo/share/turtlebot3_gazebo//models/turtlebot3_autorace/traffic_tunnel/materials
[0.627s] -- Up-to-date: /home/sanjib28/turtlebot3_ws/install/turtlebot3_gazebo/share/turtlebot3_gazebo//models/turtlebot3_autorace/traffic_tunnel/materials/scripts
[0.627s] -- Up-to-date: /home/sanjib28/turtlebot3_ws/install/turtlebot3_gazebo/share/turtlebot3_gazebo//models/turtlebot3_autorace/traffic_tunnel/materials/scripts/tunnel.material
[0.628s] -- Up-to-date: /home/sanjib28/turtlebot3_ws/install/turtlebot3_gazebo/share/turtlebot3_gazebo//models/turtlebot3_autorace/traffic_tunnel/materials/textures
[0.628s] -- Up-to-date: /home/sanjib28/turtlebot3_ws/install/turtlebot3_gazebo/share/turtlebot3_gazebo//models/turtlebot3_autorace/traffic_tunnel/materials/textures/tunnel.png
[0.637s] -- Up-to-date: /home/sanjib28/turtlebot3_ws/install/turtlebot3_gazebo/share/turtlebot3_gazebo//models/turtlebot3_autorace/traffic_tunnel/model.sdf
[0.637s] -- Up-to-date: /home/sanjib28/turtlebot3_ws/install/turtlebot3_gazebo/share/turtlebot3_gazebo//models/turtlebot3_autorace/traffic_tunnel/model.config
[0.637s] -- Up-to-date: /home/sanjib28/turtlebot3_ws/install/turtlebot3_gazebo/share/turtlebot3_gazebo//models/turtlebot3_autorace/traffic_bar_down
[0.640s] -- Up-to-date: /home/sanjib28/turtlebot3_ws/install/turtlebot3_gazebo/share/turtlebot3_gazebo//models/turtlebot3_autorace/traffic_bar_down/materials
[0.640s] -- Up-to-date: /home/sanjib28/turtlebot3_ws/install/turtlebot3_gazebo/share/turtlebot3_gazebo//models/turtlebot3_autorace/traffic_bar_down/materials/scripts
[0.640s] -- Up-to-date: /home/sanjib28/turtlebot3_ws/install/turtlebot3_gazebo/share/turtlebot3_gazebo//models/turtlebot3_autorace/traffic_bar_down/materials/scripts/traffic_bar.material
[0.641s] -- Up-to-date: /home/sanjib28/turtlebot3_ws/install/turtlebot3_gazebo/share/turtlebot3_gazebo//models/turtlebot3_autorace/traffic_bar_down/materials/textures
[0.641s] -- Up-to-date: /home/sanjib28/turtlebot3_ws/install/turtlebot3_gazebo/share/turtlebot3_gazebo//models/turtlebot3_autorace/traffic_bar_down/materials/textures/traffic_bar.png
[0.641s] -- Up-to-date: /home/sanjib28/turtlebot3_ws/install/turtlebot3_gazebo/share/turtlebot3_gazebo//models/turtlebot3_autorace/traffic_bar_down/model.sdf
[0.641s] -- Up-to-date: /home/sanjib28/turtlebot3_ws/install/turtlebot3_gazebo/share/turtlebot3_gazebo//models/turtlebot3_autorace/traffic_bar_down/model.config
[0.641s] -- Up-to-date: /home/sanjib28/turtlebot3_ws/install/turtlebot3_gazebo/share/turtlebot3_gazebo//models/turtlebot3_autorace/tunnel_obstacles
[0.641s] -- Up-to-date: /home/sanjib28/turtlebot3_ws/install/turtlebot3_gazebo/share/turtlebot3_gazebo//models/turtlebot3_autorace/tunnel_obstacles/model.sdf
[0.641s] -- Up-to-date: /home/sanjib28/turtlebot3_ws/install/turtlebot3_gazebo/share/turtlebot3_gazebo//models/turtlebot3_autorace/tunnel_obstacles/model.config
[0.642s] -- Up-to-date: /home/sanjib28/turtlebot3_ws/install/turtlebot3_gazebo/share/turtlebot3_gazebo//models/turtlebot3_autorace/tunnel_wall
[0.644s] -- Up-to-date: /home/sanjib28/turtlebot3_ws/install/turtlebot3_gazebo/share/turtlebot3_gazebo//models/turtlebot3_autorace/tunnel_wall/model.sdf
[0.647s] -- Up-to-date: /home/sanjib28/turtlebot3_ws/install/turtlebot3_gazebo/share/turtlebot3_gazebo//models/turtlebot3_autorace/tunnel_wall/model.config
[0.647s] -- Up-to-date: /home/sanjib28/turtlebot3_ws/install/turtlebot3_gazebo/share/turtlebot3_gazebo//models/turtlebot3_autorace/traffic_light_red
[0.647s] -- Up-to-date: /home/sanjib28/turtlebot3_ws/install/turtlebot3_gazebo/share/turtlebot3_gazebo//models/turtlebot3_autorace/traffic_light_red/model.sdf
[0.647s] -- Up-to-date: /home/sanjib28/turtlebot3_ws/install/turtlebot3_gazebo/share/turtlebot3_gazebo//models/turtlebot3_autorace/traffic_light_red/model.config
[0.650s] -- Up-to-date: /home/sanjib28/turtlebot3_ws/install/turtlebot3_gazebo/share/turtlebot3_gazebo//models/turtlebot3_autorace/traffic_parking
[0.650s] -- Up-to-date: /home/sanjib28/turtlebot3_ws/install/turtlebot3_gazebo/share/turtlebot3_gazebo//models/turtlebot3_autorace/traffic_parking/materials
[0.650s] -- Up-to-date: /home/sanjib28/turtlebot3_ws/install/turtlebot3_gazebo/share/turtlebot3_gazebo//models/turtlebot3_autorace/traffic_parking/materials/scripts
[0.650s] -- Up-to-date: /home/sanjib28/turtlebot3_ws/install/turtlebot3_gazebo/share/turtlebot3_gazebo//models/turtlebot3_autorace/traffic_parking/materials/scripts/traffic_parking.material
[0.651s] -- Up-to-date: /home/sanjib28/turtlebot3_ws/install/turtlebot3_gazebo/share/turtlebot3_gazebo//models/turtlebot3_autorace/traffic_parking/materials/textures
[0.651s] -- Up-to-date: /home/sanjib28/turtlebot3_ws/install/turtlebot3_gazebo/share/turtlebot3_gazebo//models/turtlebot3_autorace/traffic_parking/materials/textures/traffic_parking.png
[0.651s] -- Up-to-date: /home/sanjib28/turtlebot3_ws/install/turtlebot3_gazebo/share/turtlebot3_gazebo//models/turtlebot3_autorace/traffic_parking/model.sdf
[0.651s] -- Up-to-date: /home/sanjib28/turtlebot3_ws/install/turtlebot3_gazebo/share/turtlebot3_gazebo//models/turtlebot3_autorace/traffic_parking/model.config
[0.651s] -- Up-to-date: /home/sanjib28/turtlebot3_ws/install/turtlebot3_gazebo/share/turtlebot3_gazebo//models/turtlebot3_autorace/model.config
[0.652s] -- Up-to-date: /home/sanjib28/turtlebot3_ws/install/turtlebot3_gazebo/share/turtlebot3_gazebo//models/turtlebot3_autorace/traffic_stop
[0.652s] -- Up-to-date: /home/sanjib28/turtlebot3_ws/install/turtlebot3_gazebo/share/turtlebot3_gazebo//models/turtlebot3_autorace/traffic_stop/materials
[0.653s] -- Up-to-date: /home/sanjib28/turtlebot3_ws/install/turtlebot3_gazebo/share/turtlebot3_gazebo//models/turtlebot3_autorace/traffic_stop/materials/scripts
[0.654s] -- Up-to-date: /home/sanjib28/turtlebot3_ws/install/turtlebot3_gazebo/share/turtlebot3_gazebo//models/turtlebot3_autorace/traffic_stop/materials/scripts/traffic_stop.material
[0.655s] -- Up-to-date: /home/sanjib28/turtlebot3_ws/install/turtlebot3_gazebo/share/turtlebot3_gazebo//models/turtlebot3_autorace/traffic_stop/materials/textures
[0.655s] -- Up-to-date: /home/sanjib28/turtlebot3_ws/install/turtlebot3_gazebo/share/turtlebot3_gazebo//models/turtlebot3_autorace/traffic_stop/materials/textures/traffic_stop.png
[0.655s] -- Up-to-date: /home/sanjib28/turtlebot3_ws/install/turtlebot3_gazebo/share/turtlebot3_gazebo//models/turtlebot3_autorace/traffic_stop/model.sdf
[0.655s] -- Up-to-date: /home/sanjib28/turtlebot3_ws/install/turtlebot3_gazebo/share/turtlebot3_gazebo//models/turtlebot3_autorace/traffic_stop/model.config
[0.655s] -- Up-to-date: /home/sanjib28/turtlebot3_ws/install/turtlebot3_gazebo/share/turtlebot3_gazebo//models/turtlebot3_autorace/traffic_light_green
[0.655s] -- Up-to-date: /home/sanjib28/turtlebot3_ws/install/turtlebot3_gazebo/share/turtlebot3_gazebo//models/turtlebot3_autorace/traffic_light_green/model.sdf
[0.656s] -- Up-to-date: /home/sanjib28/turtlebot3_ws/install/turtlebot3_gazebo/share/turtlebot3_gazebo//models/turtlebot3_autorace/traffic_light_green/model.config
[0.656s] -- Up-to-date: /home/sanjib28/turtlebot3_ws/install/turtlebot3_gazebo/share/turtlebot3_gazebo//models/turtlebot3_autorace/lights
[0.656s] -- Up-to-date: /home/sanjib28/turtlebot3_ws/install/turtlebot3_gazebo/share/turtlebot3_gazebo//models/turtlebot3_autorace/lights/model.sdf
[0.656s] -- Up-to-date: /home/sanjib28/turtlebot3_ws/install/turtlebot3_gazebo/share/turtlebot3_gazebo//models/turtlebot3_autorace/lights/model.config
[0.656s] -- Up-to-date: /home/sanjib28/turtlebot3_ws/install/turtlebot3_gazebo/share/turtlebot3_gazebo//models/turtlebot3_autorace/course
[0.656s] -- Up-to-date: /home/sanjib28/turtlebot3_ws/install/turtlebot3_gazebo/share/turtlebot3_gazebo//models/turtlebot3_autorace/course/materials
[0.657s] -- Up-to-date: /home/sanjib28/turtlebot3_ws/install/turtlebot3_gazebo/share/turtlebot3_gazebo//models/turtlebot3_autorace/course/materials/scripts
[0.657s] -- Up-to-date: /home/sanjib28/turtlebot3_ws/install/turtlebot3_gazebo/share/turtlebot3_gazebo//models/turtlebot3_autorace/course/materials/scripts/course.material
[0.657s] -- Up-to-date: /home/sanjib28/turtlebot3_ws/install/turtlebot3_gazebo/share/turtlebot3_gazebo//models/turtlebot3_autorace/course/materials/textures
[0.657s] -- Up-to-date: /home/sanjib28/turtlebot3_ws/install/turtlebot3_gazebo/share/turtlebot3_gazebo//models/turtlebot3_autorace/course/materials/textures/course.png
[0.658s] -- Up-to-date: /home/sanjib28/turtlebot3_ws/install/turtlebot3_gazebo/share/turtlebot3_gazebo//models/turtlebot3_autorace/course/model.sdf
[0.662s] -- Up-to-date: /home/sanjib28/turtlebot3_ws/install/turtlebot3_gazebo/share/turtlebot3_gazebo//models/turtlebot3_autorace/course/model.config
[0.663s] -- Up-to-date: /home/sanjib28/turtlebot3_ws/install/turtlebot3_gazebo/share/turtlebot3_gazebo//models/turtlebot3_autorace/ground
[0.663s] -- Up-to-date: /home/sanjib28/turtlebot3_ws/install/turtlebot3_gazebo/share/turtlebot3_gazebo//models/turtlebot3_autorace/ground/model.sdf
[0.663s] -- Up-to-date: /home/sanjib28/turtlebot3_ws/install/turtlebot3_gazebo/share/turtlebot3_gazebo//models/turtlebot3_autorace/ground/model.config
[0.663s] -- Up-to-date: /home/sanjib28/turtlebot3_ws/install/turtlebot3_gazebo/share/turtlebot3_gazebo//models/turtlebot3_waffle_pi
[0.664s] -- Up-to-date: /home/sanjib28/turtlebot3_ws/install/turtlebot3_gazebo/share/turtlebot3_gazebo//models/turtlebot3_waffle_pi/model.sdf
[0.664s] -- Up-to-date: /home/sanjib28/turtlebot3_ws/install/turtlebot3_gazebo/share/turtlebot3_gazebo//models/turtlebot3_waffle_pi/meshes
[0.665s] -- Up-to-date: /home/sanjib28/turtlebot3_ws/install/turtlebot3_gazebo/share/turtlebot3_gazebo//models/turtlebot3_waffle_pi/meshes/tire.dae
[0.665s] -- Up-to-date: /home/sanjib28/turtlebot3_ws/install/turtlebot3_gazebo/share/turtlebot3_gazebo//models/turtlebot3_waffle_pi/meshes/waffle_pi_base.dae
[0.665s] -- Up-to-date: /home/sanjib28/turtlebot3_ws/install/turtlebot3_gazebo/share/turtlebot3_gazebo//models/turtlebot3_waffle_pi/meshes/lds.dae
[0.665s] -- Up-to-date: /home/sanjib28/turtlebot3_ws/install/turtlebot3_gazebo/share/turtlebot3_gazebo//models/turtlebot3_waffle_pi/model.config
[0.665s] -- Up-to-date: /home/sanjib28/turtlebot3_ws/install/turtlebot3_gazebo/share/turtlebot3_gazebo//models/turtlebot3_waffle_pi/model-1_4_.sdf
[0.666s] -- Up-to-date: /home/sanjib28/turtlebot3_ws/install/turtlebot3_gazebo/share/turtlebot3_gazebo//models/turtlebot3_burger
[0.666s] -- Up-to-date: /home/sanjib28/turtlebot3_ws/install/turtlebot3_gazebo/share/turtlebot3_gazebo//models/turtlebot3_burger/model.sdf
[0.667s] -- Up-to-date: /home/sanjib28/turtlebot3_ws/install/turtlebot3_gazebo/share/turtlebot3_gazebo//models/turtlebot3_burger/meshes
[0.667s] -- Up-to-date: /home/sanjib28/turtlebot3_ws/install/turtlebot3_gazebo/share/turtlebot3_gazebo//models/turtlebot3_burger/meshes/tire.dae
[0.667s] -- Up-to-date: /home/sanjib28/turtlebot3_ws/install/turtlebot3_gazebo/share/turtlebot3_gazebo//models/turtlebot3_burger/meshes/burger_base.dae
[0.667s] -- Up-to-date: /home/sanjib28/turtlebot3_ws/install/turtlebot3_gazebo/share/turtlebot3_gazebo//models/turtlebot3_burger/meshes/lds.dae
[0.667s] -- Up-to-date: /home/sanjib28/turtlebot3_ws/install/turtlebot3_gazebo/share/turtlebot3_gazebo//models/turtlebot3_burger/model.config
[0.668s] -- Up-to-date: /home/sanjib28/turtlebot3_ws/install/turtlebot3_gazebo/share/turtlebot3_gazebo//models/turtlebot3_burger/model-1_4.sdf
[0.668s] -- Up-to-date: /home/sanjib28/turtlebot3_ws/install/turtlebot3_gazebo/share/turtlebot3_gazebo//models/turtlebot3_waffle
[0.668s] -- Up-to-date: /home/sanjib28/turtlebot3_ws/install/turtlebot3_gazebo/share/turtlebot3_gazebo//models/turtlebot3_waffle/model.sdf
[0.669s] -- Up-to-date: /home/sanjib28/turtlebot3_ws/install/turtlebot3_gazebo/share/turtlebot3_gazebo//models/turtlebot3_waffle/meshes
[0.669s] -- Up-to-date: /home/sanjib28/turtlebot3_ws/install/turtlebot3_gazebo/share/turtlebot3_gazebo//models/turtlebot3_waffle/meshes/r200.dae
[0.670s] -- Up-to-date: /home/sanjib28/turtlebot3_ws/install/turtlebot3_gazebo/share/turtlebot3_gazebo//models/turtlebot3_waffle/meshes/tire.dae
[0.670s] -- Up-to-date: /home/sanjib28/turtlebot3_ws/install/turtlebot3_gazebo/share/turtlebot3_gazebo//models/turtlebot3_waffle/meshes/lds.dae
[0.670s] -- Up-to-date: /home/sanjib28/turtlebot3_ws/install/turtlebot3_gazebo/share/turtlebot3_gazebo//models/turtlebot3_waffle/meshes/waffle_base.dae
[0.670s] -- Up-to-date: /home/sanjib28/turtlebot3_ws/install/turtlebot3_gazebo/share/turtlebot3_gazebo//models/turtlebot3_waffle/model.config
[0.671s] -- Up-to-date: /home/sanjib28/turtlebot3_ws/install/turtlebot3_gazebo/share/turtlebot3_gazebo//models/turtlebot3_waffle/model-1_4.sdf
[0.671s] -- Up-to-date: /home/sanjib28/turtlebot3_ws/install/turtlebot3_gazebo/share/turtlebot3_gazebo//rviz
[0.671s] -- Up-to-date: /home/sanjib28/turtlebot3_ws/install/turtlebot3_gazebo/share/turtlebot3_gazebo//rviz/tb3_gazebo.rviz
[0.671s] -- Up-to-date: /home/sanjib28/turtlebot3_ws/install/turtlebot3_gazebo/share/turtlebot3_gazebo//worlds
[0.671s] -- Up-to-date: /home/sanjib28/turtlebot3_ws/install/turtlebot3_gazebo/share/turtlebot3_gazebo//worlds/turtlebot3_houses
[0.671s] -- Up-to-date: /home/sanjib28/turtlebot3_ws/install/turtlebot3_gazebo/share/turtlebot3_gazebo//worlds/turtlebot3_houses/waffle_pi.model
[0.671s] -- Up-to-date: /home/sanjib28/turtlebot3_ws/install/turtlebot3_gazebo/share/turtlebot3_gazebo//worlds/turtlebot3_houses/waffle.model
[0.672s] -- Up-to-date: /home/sanjib28/turtlebot3_ws/install/turtlebot3_gazebo/share/turtlebot3_gazebo//worlds/turtlebot3_houses/burger.model
[0.672s] -- Up-to-date: /home/sanjib28/turtlebot3_ws/install/turtlebot3_gazebo/share/turtlebot3_gazebo//worlds/turtlebot3_dqn_stage2
[0.672s] -- Up-to-date: /home/sanjib28/turtlebot3_ws/install/turtlebot3_gazebo/share/turtlebot3_gazebo//worlds/turtlebot3_dqn_stage2/waffle_pi.model
[0.672s] -- Up-to-date: /home/sanjib28/turtlebot3_ws/install/turtlebot3_gazebo/share/turtlebot3_gazebo//worlds/turtlebot3_dqn_stage2/waffle.model
[0.672s] -- Up-to-date: /home/sanjib28/turtlebot3_ws/install/turtlebot3_gazebo/share/turtlebot3_gazebo//worlds/turtlebot3_dqn_stage2/burger.model
[0.672s] -- Up-to-date: /home/sanjib28/turtlebot3_ws/install/turtlebot3_gazebo/share/turtlebot3_gazebo//worlds/turtlebot3_dqn_stage4
[0.673s] -- Up-to-date: /home/sanjib28/turtlebot3_ws/install/turtlebot3_gazebo/share/turtlebot3_gazebo//worlds/turtlebot3_dqn_stage4/waffle_pi.model
[0.673s] -- Up-to-date: /home/sanjib28/turtlebot3_ws/install/turtlebot3_gazebo/share/turtlebot3_gazebo//worlds/turtlebot3_dqn_stage4/waffle.model
[0.673s] -- Up-to-date: /home/sanjib28/turtlebot3_ws/install/turtlebot3_gazebo/share/turtlebot3_gazebo//worlds/turtlebot3_dqn_stage4/burger.model
[0.673s] -- Up-to-date: /home/sanjib28/turtlebot3_ws/install/turtlebot3_gazebo/share/turtlebot3_gazebo//worlds/turtlebot3_autoraces
[0.673s] -- Up-to-date: /home/sanjib28/turtlebot3_ws/install/turtlebot3_gazebo/share/turtlebot3_gazebo//worlds/turtlebot3_autoraces/waffle_pi.model
[0.674s] -- Up-to-date: /home/sanjib28/turtlebot3_ws/install/turtlebot3_gazebo/share/turtlebot3_gazebo//worlds/turtlebot3_autoraces/waffle.model
[0.674s] -- Up-to-date: /home/sanjib28/turtlebot3_ws/install/turtlebot3_gazebo/share/turtlebot3_gazebo//worlds/turtlebot3_autoraces/burger.model
[0.675s] -- Up-to-date: /home/sanjib28/turtlebot3_ws/install/turtlebot3_gazebo/share/turtlebot3_gazebo//worlds/turtlebot3_worlds
[0.675s] -- Up-to-date: /home/sanjib28/turtlebot3_ws/install/turtlebot3_gazebo/share/turtlebot3_gazebo//worlds/turtlebot3_worlds/waffle_pi.model
[0.675s] -- Up-to-date: /home/sanjib28/turtlebot3_ws/install/turtlebot3_gazebo/share/turtlebot3_gazebo//worlds/turtlebot3_worlds/waffle.model
[0.675s] -- Up-to-date: /home/sanjib28/turtlebot3_ws/install/turtlebot3_gazebo/share/turtlebot3_gazebo//worlds/turtlebot3_worlds/burger.model
[0.675s] -- Up-to-date: /home/sanjib28/turtlebot3_ws/install/turtlebot3_gazebo/share/turtlebot3_gazebo//worlds/turtlebot3_dqn_stage3
[0.676s] -- Up-to-date: /home/sanjib28/turtlebot3_ws/install/turtlebot3_gazebo/share/turtlebot3_gazebo//worlds/turtlebot3_dqn_stage3/waffle_pi.model
[0.676s] -- Up-to-date: /home/sanjib28/turtlebot3_ws/install/turtlebot3_gazebo/share/turtlebot3_gazebo//worlds/turtlebot3_dqn_stage3/waffle.model
[0.676s] -- Up-to-date: /home/sanjib28/turtlebot3_ws/install/turtlebot3_gazebo/share/turtlebot3_gazebo//worlds/turtlebot3_dqn_stage3/burger.model
[0.676s] -- Up-to-date: /home/sanjib28/turtlebot3_ws/install/turtlebot3_gazebo/share/turtlebot3_gazebo//worlds/turtlebot3_dqn_stage1
[0.676s] -- Up-to-date: /home/sanjib28/turtlebot3_ws/install/turtlebot3_gazebo/share/turtlebot3_gazebo//worlds/turtlebot3_dqn_stage1/waffle_pi.model
[0.677s] -- Up-to-date: /home/sanjib28/turtlebot3_ws/install/turtlebot3_gazebo/share/turtlebot3_gazebo//worlds/turtlebot3_dqn_stage1/waffle.model
[0.677s] -- Up-to-date: /home/sanjib28/turtlebot3_ws/install/turtlebot3_gazebo/share/turtlebot3_gazebo//worlds/turtlebot3_dqn_stage1/burger.model
[0.677s] -- Up-to-date: /home/sanjib28/turtlebot3_ws/install/turtlebot3_gazebo/share/turtlebot3_gazebo//worlds/empty_worlds
[0.678s] -- Up-to-date: /home/sanjib28/turtlebot3_ws/install/turtlebot3_gazebo/share/turtlebot3_gazebo//worlds/empty_worlds/waffle_pi.model
[0.679s] -- Up-to-date: /home/sanjib28/turtlebot3_ws/install/turtlebot3_gazebo/share/turtlebot3_gazebo//worlds/empty_worlds/waffle.model
[0.679s] -- Up-to-date: /home/sanjib28/turtlebot3_ws/install/turtlebot3_gazebo/share/turtlebot3_gazebo//worlds/empty_worlds/burger.model
[0.679s] -- Up-to-date: /home/sanjib28/turtlebot3_ws/install/turtlebot3_gazebo/include/
[0.679s] -- Up-to-date: /home/sanjib28/turtlebot3_ws/install/turtlebot3_gazebo/include//turtlebot3_gazebo
[0.679s] -- Up-to-date: /home/sanjib28/turtlebot3_ws/install/turtlebot3_gazebo/include//turtlebot3_gazebo/turtlebot3_drive.hpp
[0.680s] -- Up-to-date: /home/sanjib28/turtlebot3_ws/install/turtlebot3_gazebo/share/ament_index/resource_index/package_run_dependencies/turtlebot3_gazebo
[0.680s] -- Up-to-date: /home/sanjib28/turtlebot3_ws/install/turtlebot3_gazebo/share/ament_index/resource_index/parent_prefix_path/turtlebot3_gazebo
[0.680s] -- Up-to-date: /home/sanjib28/turtlebot3_ws/install/turtlebot3_gazebo/share/turtlebot3_gazebo/environment/ament_prefix_path.sh
[0.681s] -- Up-to-date: /home/sanjib28/turtlebot3_ws/install/turtlebot3_gazebo/share/turtlebot3_gazebo/environment/ament_prefix_path.dsv
[0.681s] -- Up-to-date: /home/sanjib28/turtlebot3_ws/install/turtlebot3_gazebo/share/turtlebot3_gazebo/environment/path.sh
[0.681s] -- Up-to-date: /home/sanjib28/turtlebot3_ws/install/turtlebot3_gazebo/share/turtlebot3_gazebo/environment/path.dsv
[0.681s] -- Up-to-date: /home/sanjib28/turtlebot3_ws/install/turtlebot3_gazebo/share/turtlebot3_gazebo/local_setup.bash
[0.681s] -- Up-to-date: /home/sanjib28/turtlebot3_ws/install/turtlebot3_gazebo/share/turtlebot3_gazebo/local_setup.sh
[0.681s] -- Up-to-date: /home/sanjib28/turtlebot3_ws/install/turtlebot3_gazebo/share/turtlebot3_gazebo/local_setup.zsh
[0.682s] -- Up-to-date: /home/sanjib28/turtlebot3_ws/install/turtlebot3_gazebo/share/turtlebot3_gazebo/local_setup.dsv
[0.682s] -- Installing: /home/sanjib28/turtlebot3_ws/install/turtlebot3_gazebo/share/turtlebot3_gazebo/package.dsv
[0.682s] -- Up-to-date: /home/sanjib28/turtlebot3_ws/install/turtlebot3_gazebo/share/ament_index/resource_index/packages/turtlebot3_gazebo
[0.682s] -- Up-to-date: /home/sanjib28/turtlebot3_ws/install/turtlebot3_gazebo/share/turtlebot3_gazebo/cmake/ament_cmake_export_include_directories-extras.cmake
[0.682s] -- Up-to-date: /home/sanjib28/turtlebot3_ws/install/turtlebot3_gazebo/share/turtlebot3_gazebo/cmake/ament_cmake_export_dependencies-extras.cmake
[0.682s] -- Up-to-date: /home/sanjib28/turtlebot3_ws/install/turtlebot3_gazebo/share/turtlebot3_gazebo/cmake/turtlebot3_gazeboConfig.cmake
[0.683s] -- Up-to-date: /home/sanjib28/turtlebot3_ws/install/turtlebot3_gazebo/share/turtlebot3_gazebo/cmake/turtlebot3_gazeboConfig-version.cmake
[0.683s] -- Up-to-date: /home/sanjib28/turtlebot3_ws/install/turtlebot3_gazebo/share/turtlebot3_gazebo/package.xml
[0.698s] Invoked command in '/home/sanjib28/turtlebot3_ws/build/turtlebot3_gazebo' returned '0': CMAKE_PREFIX_PATH=/home/sanjib28/turtlebot3_ws/install/turtlebot3_description:/home/sanjib28/turtlebot3_ws/install/turtlebot3:/home/sanjib28/turtlebot3_ws/install/turtlebot3_simulations:/home/sanjib28/turtlebot3_ws/install/turtlebot3_bringup:/home/sanjib28/turtlebot3_ws/install/turtlebot3_node:/home/sanjib28/turtlebot3_ws/install/turtlebot3_navigation2:/home/sanjib28/turtlebot3_ws/install/turtlebot3_fake_node:/home/sanjib28/turtlebot3_ws/install/turtlebot3_msgs:/home/sanjib28/turtlebot3_ws/install/turtlebot3_gazebo:/home/sanjib28/turtlebot3_ws/install/turtlebot3_cartographer:/home/sanjib28/turtlebot3_ws/install/turtlebot3_teleop:/home/sanjib28/turtlebot3_ws/install/turtlebot3_example:/opt/ros/foxy /usr/bin/cmake --install /home/sanjib28/turtlebot3_ws/build/turtlebot3_gazebo
