[0.075s] Invoking command in '/home/sanjib28/turtlebot3_ws/build/turtlebot3_description': CMAKE_PREFIX_PATH=/opt/ros/foxy /usr/bin/cmake /home/sanjib28/turtlebot3_ws/src/turtlebot3/turtlebot3_description -DCMAKE_INSTALL_PREFIX=/home/sanjib28/turtlebot3_ws/install/turtlebot3_description
[0.450s] -- The C compiler identification is GNU 9.4.0
[0.682s] -- The CXX compiler identification is GNU 9.4.0
[0.702s] -- Check for working C compiler: /usr/bin/cc
[0.841s] -- Check for working C compiler: /usr/bin/cc -- works
[0.841s] -- Detecting C compiler ABI info
[0.962s] -- Detecting C compiler ABI info - done
[0.975s] -- Detecting C compile features
[0.976s] -- Detecting C compile features - done
[0.981s] -- Check for working CXX compiler: /usr/bin/c++
[1.108s] -- Check for working CXX compiler: /usr/bin/c++ -- works
[1.109s] -- Detecting CXX compiler ABI info
[1.236s] -- Detecting CXX compiler ABI info - done
[1.264s] -- Detecting CXX compile features
[1.265s] -- Detecting CXX compile features - done
[1.270s] -- Found ament_cmake: 0.9.11 (/opt/ros/foxy/share/ament_cmake/cmake)
[1.322s] -- Found PythonInterp: /usr/bin/python3 (found suitable version "3.8.10", minimum required is "3") 
[1.322s] -- Using PYTHON_EXECUTABLE: /usr/bin/python3
[1.663s] -- Found urdf: 2.4.0 (/opt/ros/foxy/share/urdf/cmake)
[1.827s] -- Configuring done
[1.830s] -- Generating done
[1.832s] -- Build files have been written to: /home/sanjib28/turtlebot3_ws/build/turtlebot3_description
[1.843s] Invoked command in '/home/sanjib28/turtlebot3_ws/build/turtlebot3_description' returned '0': CMAKE_PREFIX_PATH=/opt/ros/foxy /usr/bin/cmake /home/sanjib28/turtlebot3_ws/src/turtlebot3/turtlebot3_description -DCMAKE_INSTALL_PREFIX=/home/sanjib28/turtlebot3_ws/install/turtlebot3_description
[1.845s] Invoking command in '/home/sanjib28/turtlebot3_ws/build/turtlebot3_description': CMAKE_PREFIX_PATH=/opt/ros/foxy /usr/bin/cmake --build /home/sanjib28/turtlebot3_ws/build/turtlebot3_description -- -j2 -l2
[1.920s] Invoked command in '/home/sanjib28/turtlebot3_ws/build/turtlebot3_description' returned '0': CMAKE_PREFIX_PATH=/opt/ros/foxy /usr/bin/cmake --build /home/sanjib28/turtlebot3_ws/build/turtlebot3_description -- -j2 -l2
[1.981s] Invoking command in '/home/sanjib28/turtlebot3_ws/build/turtlebot3_description': CMAKE_PREFIX_PATH=/opt/ros/foxy /usr/bin/cmake --install /home/sanjib28/turtlebot3_ws/build/turtlebot3_description
[1.998s] -- Install configuration: ""
[1.999s] -- Installing: /home/sanjib28/turtlebot3_ws/install/turtlebot3_description/share/turtlebot3_description/meshes
[1.999s] -- Installing: /home/sanjib28/turtlebot3_ws/install/turtlebot3_description/share/turtlebot3_description/meshes/sensors
[1.999s] -- Installing: /home/sanjib28/turtlebot3_ws/install/turtlebot3_description/share/turtlebot3_description/meshes/sensors/r200.dae
[2.000s] -- Installing: /home/sanjib28/turtlebot3_ws/install/turtlebot3_description/share/turtlebot3_description/meshes/sensors/lds.stl
[2.002s] -- Installing: /home/sanjib28/turtlebot3_ws/install/turtlebot3_description/share/turtlebot3_description/meshes/sensors/astra.jpg
[2.002s] -- Installing: /home/sanjib28/turtlebot3_ws/install/turtlebot3_description/share/turtlebot3_description/meshes/sensors/astra.dae
[2.017s] -- Installing: /home/sanjib28/turtlebot3_ws/install/turtlebot3_description/share/turtlebot3_description/meshes/sensors/r200.jpg
[2.017s] -- Installing: /home/sanjib28/turtlebot3_ws/install/turtlebot3_description/share/turtlebot3_description/meshes/wheels
[2.018s] -- Installing: /home/sanjib28/turtlebot3_ws/install/turtlebot3_description/share/turtlebot3_description/meshes/wheels/left_tire.stl
[2.021s] -- Installing: /home/sanjib28/turtlebot3_ws/install/turtlebot3_description/share/turtlebot3_description/meshes/wheels/right_tire.stl
[2.024s] -- Installing: /home/sanjib28/turtlebot3_ws/install/turtlebot3_description/share/turtlebot3_description/meshes/bases
[2.025s] -- Installing: /home/sanjib28/turtlebot3_ws/install/turtlebot3_description/share/turtlebot3_description/meshes/bases/waffle_base.stl
[2.049s] -- Installing: /home/sanjib28/turtlebot3_ws/install/turtlebot3_description/share/turtlebot3_description/meshes/bases/burger_base.stl
[2.061s] -- Installing: /home/sanjib28/turtlebot3_ws/install/turtlebot3_description/share/turtlebot3_description/meshes/bases/waffle_pi_base.stl
[2.091s] -- Installing: /home/sanjib28/turtlebot3_ws/install/turtlebot3_description/share/turtlebot3_description/rviz
[2.091s] -- Installing: /home/sanjib28/turtlebot3_ws/install/turtlebot3_description/share/turtlebot3_description/rviz/model.rviz
[2.092s] -- Installing: /home/sanjib28/turtlebot3_ws/install/turtlebot3_description/share/turtlebot3_description/urdf
[2.093s] -- Installing: /home/sanjib28/turtlebot3_ws/install/turtlebot3_description/share/turtlebot3_description/urdf/turtlebot3_waffle.urdf
[2.093s] -- Installing: /home/sanjib28/turtlebot3_ws/install/turtlebot3_description/share/turtlebot3_description/urdf/turtlebot3_waffle_pi.urdf
[2.094s] -- Installing: /home/sanjib28/turtlebot3_ws/install/turtlebot3_description/share/turtlebot3_description/urdf/common_properties.urdf
[2.094s] -- Installing: /home/sanjib28/turtlebot3_ws/install/turtlebot3_description/share/turtlebot3_description/urdf/turtlebot3_burger.urdf
[2.095s] -- Installing: /home/sanjib28/turtlebot3_ws/install/turtlebot3_description/share/ament_index/resource_index/package_run_dependencies/turtlebot3_description
[2.096s] -- Installing: /home/sanjib28/turtlebot3_ws/install/turtlebot3_description/share/ament_index/resource_index/parent_prefix_path/turtlebot3_description
[2.096s] -- Installing: /home/sanjib28/turtlebot3_ws/install/turtlebot3_description/share/turtlebot3_description/environment/ament_prefix_path.sh
[2.097s] -- Installing: /home/sanjib28/turtlebot3_ws/install/turtlebot3_description/share/turtlebot3_description/environment/ament_prefix_path.dsv
[2.097s] -- Installing: /home/sanjib28/turtlebot3_ws/install/turtlebot3_description/share/turtlebot3_description/environment/path.sh
[2.098s] -- Installing: /home/sanjib28/turtlebot3_ws/install/turtlebot3_description/share/turtlebot3_description/environment/path.dsv
[2.099s] -- Installing: /home/sanjib28/turtlebot3_ws/install/turtlebot3_description/share/turtlebot3_description/local_setup.bash
[2.099s] -- Installing: /home/sanjib28/turtlebot3_ws/install/turtlebot3_description/share/turtlebot3_description/local_setup.sh
[2.100s] -- Installing: /home/sanjib28/turtlebot3_ws/install/turtlebot3_description/share/turtlebot3_description/local_setup.zsh
[2.101s] -- Installing: /home/sanjib28/turtlebot3_ws/install/turtlebot3_description/share/turtlebot3_description/local_setup.dsv
[2.102s] -- Installing: /home/sanjib28/turtlebot3_ws/install/turtlebot3_description/share/turtlebot3_description/package.dsv
[2.102s] -- Installing: /home/sanjib28/turtlebot3_ws/install/turtlebot3_description/share/ament_index/resource_index/packages/turtlebot3_description
[2.103s] -- Installing: /home/sanjib28/turtlebot3_ws/install/turtlebot3_description/share/turtlebot3_description/cmake/turtlebot3_descriptionConfig.cmake
[2.103s] -- Installing: /home/sanjib28/turtlebot3_ws/install/turtlebot3_description/share/turtlebot3_description/cmake/turtlebot3_descriptionConfig-version.cmake
[2.104s] -- Installing: /home/sanjib28/turtlebot3_ws/install/turtlebot3_description/share/turtlebot3_description/package.xml
[2.108s] Invoked command in '/home/sanjib28/turtlebot3_ws/build/turtlebot3_description' returned '0': CMAKE_PREFIX_PATH=/opt/ros/foxy /usr/bin/cmake --install /home/sanjib28/turtlebot3_ws/build/turtlebot3_description
