[0.020s] Invoking command in '/home/sanjib28/turtlebot3_ws/build/turtlebot3': AMENT_PREFIX_PATH=/home/sanjib28/turtlebot3_ws/install/turtlebot3_bringup:/home/sanjib28/turtlebot3_ws/install/turtlebot3_node:/home/sanjib28/turtlebot3_ws/install/turtlebot3_example:/home/sanjib28/turtlebot3_ws/install/turtlebot3_teleop:/home/sanjib28/turtlebot3_ws/install/turtlebot3_navigation2:/home/sanjib28/turtlebot3_ws/install/turtlebot3_msgs:/home/sanjib28/turtlebot3_ws/install/turtlebot3_description:/home/sanjib28/turtlebot3_ws/install/turtlebot3_cartographer:${AMENT_PREFIX_PATH} CMAKE_PREFIX_PATH=/home/sanjib28/turtlebot3_ws/install/turtlebot3_bringup:/home/sanjib28/turtlebot3_ws/install/turtlebot3_node:/home/sanjib28/turtlebot3_ws/install/turtlebot3_navigation2:/home/sanjib28/turtlebot3_ws/install/turtlebot3_msgs:/home/sanjib28/turtlebot3_ws/install/turtlebot3_description:/home/sanjib28/turtlebot3_ws/install/turtlebot3_cartographer:/opt/ros/foxy LD_LIBRARY_PATH=/home/sanjib28/turtlebot3_ws/install/turtlebot3_msgs/lib:${LD_LIBRARY_PATH} PYTHONPATH=/home/sanjib28/turtlebot3_ws/install/turtlebot3_example/lib/python3.8/site-packages:/home/sanjib28/turtlebot3_ws/install/turtlebot3_teleop/lib/python3.8/site-packages:/home/sanjib28/turtlebot3_ws/install/turtlebot3_msgs/lib/python3.8/site-packages:${PYTHONPATH} /usr/bin/cmake /home/sanjib28/turtlebot3_ws/src/turtlebot3/turtlebot3 -DCMAKE_INSTALL_PREFIX=/home/sanjib28/turtlebot3_ws/install/turtlebot3
[0.090s] -- The C compiler identification is GNU 9.4.0
[0.174s] -- The CXX compiler identification is GNU 9.4.0
[0.178s] -- Check for working C compiler: /usr/bin/cc
[0.252s] -- Check for working C compiler: /usr/bin/cc -- works
[0.252s] -- Detecting C compiler ABI info
[0.328s] -- Detecting C compiler ABI info - done
[0.338s] -- Detecting C compile features
[0.338s] -- Detecting C compile features - done
[0.340s] -- Check for working CXX compiler: /usr/bin/c++
[0.431s] -- Check for working CXX compiler: /usr/bin/c++ -- works
[0.432s] -- Detecting CXX compiler ABI info
[0.546s] -- Detecting CXX compiler ABI info - done
[0.560s] -- Detecting CXX compile features
[0.561s] -- Detecting CXX compile features - done
[0.564s] -- Found ament_cmake: 0.9.11 (/opt/ros/foxy/share/ament_cmake/cmake)
[0.594s] -- Found PythonInterp: /usr/bin/python3 (found suitable version "3.8.10", minimum required is "3") 
[0.595s] -- Using PYTHON_EXECUTABLE: /usr/bin/python3
[0.906s] -- Configuring done
[0.908s] -- Generating done
[0.910s] -- Build files have been written to: /home/sanjib28/turtlebot3_ws/build/turtlebot3
[0.916s] Invoked command in '/home/sanjib28/turtlebot3_ws/build/turtlebot3' returned '0': AMENT_PREFIX_PATH=/home/sanjib28/turtlebot3_ws/install/turtlebot3_bringup:/home/sanjib28/turtlebot3_ws/install/turtlebot3_node:/home/sanjib28/turtlebot3_ws/install/turtlebot3_example:/home/sanjib28/turtlebot3_ws/install/turtlebot3_teleop:/home/sanjib28/turtlebot3_ws/install/turtlebot3_navigation2:/home/sanjib28/turtlebot3_ws/install/turtlebot3_msgs:/home/sanjib28/turtlebot3_ws/install/turtlebot3_description:/home/sanjib28/turtlebot3_ws/install/turtlebot3_cartographer:${AMENT_PREFIX_PATH} CMAKE_PREFIX_PATH=/home/sanjib28/turtlebot3_ws/install/turtlebot3_bringup:/home/sanjib28/turtlebot3_ws/install/turtlebot3_node:/home/sanjib28/turtlebot3_ws/install/turtlebot3_navigation2:/home/sanjib28/turtlebot3_ws/install/turtlebot3_msgs:/home/sanjib28/turtlebot3_ws/install/turtlebot3_description:/home/sanjib28/turtlebot3_ws/install/turtlebot3_cartographer:/opt/ros/foxy LD_LIBRARY_PATH=/home/sanjib28/turtlebot3_ws/install/turtlebot3_msgs/lib:${LD_LIBRARY_PATH} PYTHONPATH=/home/sanjib28/turtlebot3_ws/install/turtlebot3_example/lib/python3.8/site-packages:/home/sanjib28/turtlebot3_ws/install/turtlebot3_teleop/lib/python3.8/site-packages:/home/sanjib28/turtlebot3_ws/install/turtlebot3_msgs/lib/python3.8/site-packages:${PYTHONPATH} /usr/bin/cmake /home/sanjib28/turtlebot3_ws/src/turtlebot3/turtlebot3 -DCMAKE_INSTALL_PREFIX=/home/sanjib28/turtlebot3_ws/install/turtlebot3
[0.917s] Invoking command in '/home/sanjib28/turtlebot3_ws/build/turtlebot3': AMENT_PREFIX_PATH=/home/sanjib28/turtlebot3_ws/install/turtlebot3_bringup:/home/sanjib28/turtlebot3_ws/install/turtlebot3_node:/home/sanjib28/turtlebot3_ws/install/turtlebot3_example:/home/sanjib28/turtlebot3_ws/install/turtlebot3_teleop:/home/sanjib28/turtlebot3_ws/install/turtlebot3_navigation2:/home/sanjib28/turtlebot3_ws/install/turtlebot3_msgs:/home/sanjib28/turtlebot3_ws/install/turtlebot3_description:/home/sanjib28/turtlebot3_ws/install/turtlebot3_cartographer:${AMENT_PREFIX_PATH} CMAKE_PREFIX_PATH=/home/sanjib28/turtlebot3_ws/install/turtlebot3_bringup:/home/sanjib28/turtlebot3_ws/install/turtlebot3_node:/home/sanjib28/turtlebot3_ws/install/turtlebot3_navigation2:/home/sanjib28/turtlebot3_ws/install/turtlebot3_msgs:/home/sanjib28/turtlebot3_ws/install/turtlebot3_description:/home/sanjib28/turtlebot3_ws/install/turtlebot3_cartographer:/opt/ros/foxy LD_LIBRARY_PATH=/home/sanjib28/turtlebot3_ws/install/turtlebot3_msgs/lib:${LD_LIBRARY_PATH} PYTHONPATH=/home/sanjib28/turtlebot3_ws/install/turtlebot3_example/lib/python3.8/site-packages:/home/sanjib28/turtlebot3_ws/install/turtlebot3_teleop/lib/python3.8/site-packages:/home/sanjib28/turtlebot3_ws/install/turtlebot3_msgs/lib/python3.8/site-packages:${PYTHONPATH} /usr/bin/cmake --build /home/sanjib28/turtlebot3_ws/build/turtlebot3 -- -j2 -l2
[0.961s] Invoked command in '/home/sanjib28/turtlebot3_ws/build/turtlebot3' returned '0': AMENT_PREFIX_PATH=/home/sanjib28/turtlebot3_ws/install/turtlebot3_bringup:/home/sanjib28/turtlebot3_ws/install/turtlebot3_node:/home/sanjib28/turtlebot3_ws/install/turtlebot3_example:/home/sanjib28/turtlebot3_ws/install/turtlebot3_teleop:/home/sanjib28/turtlebot3_ws/install/turtlebot3_navigation2:/home/sanjib28/turtlebot3_ws/install/turtlebot3_msgs:/home/sanjib28/turtlebot3_ws/install/turtlebot3_description:/home/sanjib28/turtlebot3_ws/install/turtlebot3_cartographer:${AMENT_PREFIX_PATH} CMAKE_PREFIX_PATH=/home/sanjib28/turtlebot3_ws/install/turtlebot3_bringup:/home/sanjib28/turtlebot3_ws/install/turtlebot3_node:/home/sanjib28/turtlebot3_ws/install/turtlebot3_navigation2:/home/sanjib28/turtlebot3_ws/install/turtlebot3_msgs:/home/sanjib28/turtlebot3_ws/install/turtlebot3_description:/home/sanjib28/turtlebot3_ws/install/turtlebot3_cartographer:/opt/ros/foxy LD_LIBRARY_PATH=/home/sanjib28/turtlebot3_ws/install/turtlebot3_msgs/lib:${LD_LIBRARY_PATH} PYTHONPATH=/home/sanjib28/turtlebot3_ws/install/turtlebot3_example/lib/python3.8/site-packages:/home/sanjib28/turtlebot3_ws/install/turtlebot3_teleop/lib/python3.8/site-packages:/home/sanjib28/turtlebot3_ws/install/turtlebot3_msgs/lib/python3.8/site-packages:${PYTHONPATH} /usr/bin/cmake --build /home/sanjib28/turtlebot3_ws/build/turtlebot3 -- -j2 -l2
[0.989s] Invoking command in '/home/sanjib28/turtlebot3_ws/build/turtlebot3': AMENT_PREFIX_PATH=/home/sanjib28/turtlebot3_ws/install/turtlebot3_bringup:/home/sanjib28/turtlebot3_ws/install/turtlebot3_node:/home/sanjib28/turtlebot3_ws/install/turtlebot3_example:/home/sanjib28/turtlebot3_ws/install/turtlebot3_teleop:/home/sanjib28/turtlebot3_ws/install/turtlebot3_navigation2:/home/sanjib28/turtlebot3_ws/install/turtlebot3_msgs:/home/sanjib28/turtlebot3_ws/install/turtlebot3_description:/home/sanjib28/turtlebot3_ws/install/turtlebot3_cartographer:${AMENT_PREFIX_PATH} CMAKE_PREFIX_PATH=/home/sanjib28/turtlebot3_ws/install/turtlebot3_bringup:/home/sanjib28/turtlebot3_ws/install/turtlebot3_node:/home/sanjib28/turtlebot3_ws/install/turtlebot3_navigation2:/home/sanjib28/turtlebot3_ws/install/turtlebot3_msgs:/home/sanjib28/turtlebot3_ws/install/turtlebot3_description:/home/sanjib28/turtlebot3_ws/install/turtlebot3_cartographer:/opt/ros/foxy LD_LIBRARY_PATH=/home/sanjib28/turtlebot3_ws/install/turtlebot3_msgs/lib:${LD_LIBRARY_PATH} PYTHONPATH=/home/sanjib28/turtlebot3_ws/install/turtlebot3_example/lib/python3.8/site-packages:/home/sanjib28/turtlebot3_ws/install/turtlebot3_teleop/lib/python3.8/site-packages:/home/sanjib28/turtlebot3_ws/install/turtlebot3_msgs/lib/python3.8/site-packages:${PYTHONPATH} /usr/bin/cmake --install /home/sanjib28/turtlebot3_ws/build/turtlebot3
[1.001s] -- Install configuration: ""
[1.001s] -- Installing: /home/sanjib28/turtlebot3_ws/install/turtlebot3/share/ament_index/resource_index/package_run_dependencies/turtlebot3
[1.002s] -- Installing: /home/sanjib28/turtlebot3_ws/install/turtlebot3/share/ament_index/resource_index/parent_prefix_path/turtlebot3
[1.002s] -- Installing: /home/sanjib28/turtlebot3_ws/install/turtlebot3/share/turtlebot3/environment/ament_prefix_path.sh
[1.003s] -- Installing: /home/sanjib28/turtlebot3_ws/install/turtlebot3/share/turtlebot3/environment/ament_prefix_path.dsv
[1.003s] -- Installing: /home/sanjib28/turtlebot3_ws/install/turtlebot3/share/turtlebot3/environment/path.sh
[1.003s] -- Installing: /home/sanjib28/turtlebot3_ws/install/turtlebot3/share/turtlebot3/environment/path.dsv
[1.003s] -- Installing: /home/sanjib28/turtlebot3_ws/install/turtlebot3/share/turtlebot3/local_setup.bash
[1.004s] -- Installing: /home/sanjib28/turtlebot3_ws/install/turtlebot3/share/turtlebot3/local_setup.sh
[1.004s] -- Installing: /home/sanjib28/turtlebot3_ws/install/turtlebot3/share/turtlebot3/local_setup.zsh
[1.005s] -- Installing: /home/sanjib28/turtlebot3_ws/install/turtlebot3/share/turtlebot3/local_setup.dsv
[1.005s] -- Installing: /home/sanjib28/turtlebot3_ws/install/turtlebot3/share/turtlebot3/package.dsv
[1.006s] -- Installing: /home/sanjib28/turtlebot3_ws/install/turtlebot3/share/ament_index/resource_index/packages/turtlebot3
[1.007s] -- Installing: /home/sanjib28/turtlebot3_ws/install/turtlebot3/share/turtlebot3/cmake/turtlebot3Config.cmake
[1.007s] -- Installing: /home/sanjib28/turtlebot3_ws/install/turtlebot3/share/turtlebot3/cmake/turtlebot3Config-version.cmake
[1.007s] -- Installing: /home/sanjib28/turtlebot3_ws/install/turtlebot3/share/turtlebot3/package.xml
[1.011s] Invoked command in '/home/sanjib28/turtlebot3_ws/build/turtlebot3' returned '0': AMENT_PREFIX_PATH=/home/sanjib28/turtlebot3_ws/install/turtlebot3_bringup:/home/sanjib28/turtlebot3_ws/install/turtlebot3_node:/home/sanjib28/turtlebot3_ws/install/turtlebot3_example:/home/sanjib28/turtlebot3_ws/install/turtlebot3_teleop:/home/sanjib28/turtlebot3_ws/install/turtlebot3_navigation2:/home/sanjib28/turtlebot3_ws/install/turtlebot3_msgs:/home/sanjib28/turtlebot3_ws/install/turtlebot3_description:/home/sanjib28/turtlebot3_ws/install/turtlebot3_cartographer:${AMENT_PREFIX_PATH} CMAKE_PREFIX_PATH=/home/sanjib28/turtlebot3_ws/install/turtlebot3_bringup:/home/sanjib28/turtlebot3_ws/install/turtlebot3_node:/home/sanjib28/turtlebot3_ws/install/turtlebot3_navigation2:/home/sanjib28/turtlebot3_ws/install/turtlebot3_msgs:/home/sanjib28/turtlebot3_ws/install/turtlebot3_description:/home/sanjib28/turtlebot3_ws/install/turtlebot3_cartographer:/opt/ros/foxy LD_LIBRARY_PATH=/home/sanjib28/turtlebot3_ws/install/turtlebot3_msgs/lib:${LD_LIBRARY_PATH} PYTHONPATH=/home/sanjib28/turtlebot3_ws/install/turtlebot3_example/lib/python3.8/site-packages:/home/sanjib28/turtlebot3_ws/install/turtlebot3_teleop/lib/python3.8/site-packages:/home/sanjib28/turtlebot3_ws/install/turtlebot3_msgs/lib/python3.8/site-packages:${PYTHONPATH} /usr/bin/cmake --install /home/sanjib28/turtlebot3_ws/build/turtlebot3
