[0.033s] Invoking command in '/home/sanjib28/turtlebot3_ws/build/turtlebot3_node': CMAKE_PREFIX_PATH=/home/sanjib28/turtlebot3_ws/install/turtlebot3_msgs:/home/sanjib28/turtlebot3_ws/install/turtlebot3:/home/sanjib28/turtlebot3_ws/install/turtlebot3_simulations:/home/sanjib28/turtlebot3_ws/install/turtlebot3_bringup:/home/sanjib28/turtlebot3_ws/install/turtlebot3_node:/home/sanjib28/turtlebot3_ws/install/turtlebot3_navigation2:/home/sanjib28/turtlebot3_ws/install/turtlebot3_fake_node:/home/sanjib28/turtlebot3_ws/install/turtlebot3_gazebo:/home/sanjib28/turtlebot3_ws/install/turtlebot3_description:/home/sanjib28/turtlebot3_ws/install/turtlebot3_cartographer:/home/sanjib28/turtlebot3_ws/install/turtlebot3_teleop:/home/sanjib28/turtlebot3_ws/install/turtlebot3_example:/opt/ros/foxy PYTHONPATH=/home/sanjib28/turtlebot3_ws/install/turtlebot3_msgs/lib/python3.8/site-packages:/home/sanjib28/turtlebot3_ws/install/turtlebot3_teleop/lib/python3.8/site-packages:/home/sanjib28/turtlebot3_ws/install/turtlebot3_example/lib/python3.8/site-packages:/opt/ros/foxy/lib/python3.8/site-packages /usr/bin/cmake --build /home/sanjib28/turtlebot3_ws/build/turtlebot3_node -- -j2 -l2
[0.170s] [ 85%] Built target turtlebot3_node_lib
[0.223s] [100%] Built target turtlebot3_ros
[0.242s] Invoked command in '/home/sanjib28/turtlebot3_ws/build/turtlebot3_node' returned '0': CMAKE_PREFIX_PATH=/home/sanjib28/turtlebot3_ws/install/turtlebot3_msgs:/home/sanjib28/turtlebot3_ws/install/turtlebot3:/home/sanjib28/turtlebot3_ws/install/turtlebot3_simulations:/home/sanjib28/turtlebot3_ws/install/turtlebot3_bringup:/home/sanjib28/turtlebot3_ws/install/turtlebot3_node:/home/sanjib28/turtlebot3_ws/install/turtlebot3_navigation2:/home/sanjib28/turtlebot3_ws/install/turtlebot3_fake_node:/home/sanjib28/turtlebot3_ws/install/turtlebot3_gazebo:/home/sanjib28/turtlebot3_ws/install/turtlebot3_description:/home/sanjib28/turtlebot3_ws/install/turtlebot3_cartographer:/home/sanjib28/turtlebot3_ws/install/turtlebot3_teleop:/home/sanjib28/turtlebot3_ws/install/turtlebot3_example:/opt/ros/foxy PYTHONPATH=/home/sanjib28/turtlebot3_ws/install/turtlebot3_msgs/lib/python3.8/site-packages:/home/sanjib28/turtlebot3_ws/install/turtlebot3_teleop/lib/python3.8/site-packages:/home/sanjib28/turtlebot3_ws/install/turtlebot3_example/lib/python3.8/site-packages:/opt/ros/foxy/lib/python3.8/site-packages /usr/bin/cmake --build /home/sanjib28/turtlebot3_ws/build/turtlebot3_node -- -j2 -l2
[0.326s] Invoking command in '/home/sanjib28/turtlebot3_ws/build/turtlebot3_node': CMAKE_PREFIX_PATH=/home/sanjib28/turtlebot3_ws/install/turtlebot3_msgs:/home/sanjib28/turtlebot3_ws/install/turtlebot3:/home/sanjib28/turtlebot3_ws/install/turtlebot3_simulations:/home/sanjib28/turtlebot3_ws/install/turtlebot3_bringup:/home/sanjib28/turtlebot3_ws/install/turtlebot3_node:/home/sanjib28/turtlebot3_ws/install/turtlebot3_navigation2:/home/sanjib28/turtlebot3_ws/install/turtlebot3_fake_node:/home/sanjib28/turtlebot3_ws/install/turtlebot3_gazebo:/home/sanjib28/turtlebot3_ws/install/turtlebot3_description:/home/sanjib28/turtlebot3_ws/install/turtlebot3_cartographer:/home/sanjib28/turtlebot3_ws/install/turtlebot3_teleop:/home/sanjib28/turtlebot3_ws/install/turtlebot3_example:/opt/ros/foxy PYTHONPATH=/home/sanjib28/turtlebot3_ws/install/turtlebot3_msgs/lib/python3.8/site-packages:/home/sanjib28/turtlebot3_ws/install/turtlebot3_teleop/lib/python3.8/site-packages:/home/sanjib28/turtlebot3_ws/install/turtlebot3_example/lib/python3.8/site-packages:/opt/ros/foxy/lib/python3.8/site-packages /usr/bin/cmake --install /home/sanjib28/turtlebot3_ws/build/turtlebot3_node
[0.354s] -- Install configuration: ""
[0.355s] -- Up-to-date: /home/sanjib28/turtlebot3_ws/install/turtlebot3_node/share/turtlebot3_node/param
[0.357s] -- Up-to-date: /home/sanjib28/turtlebot3_ws/install/turtlebot3_node/share/turtlebot3_node/param/waffle.yaml
[0.357s] -- Up-to-date: /home/sanjib28/turtlebot3_ws/install/turtlebot3_node/share/turtlebot3_node/param/burger.yaml
[0.357s] -- Up-to-date: /home/sanjib28/turtlebot3_ws/install/turtlebot3_node/share/turtlebot3_node/param/waffle_pi.yaml
[0.361s] -- Up-to-date: /home/sanjib28/turtlebot3_ws/install/turtlebot3_node/lib/turtlebot3_node/turtlebot3_ros
[0.362s] -- Up-to-date: /home/sanjib28/turtlebot3_ws/install/turtlebot3_node/share/ament_index/resource_index/package_run_dependencies/turtlebot3_node
[0.363s] -- Up-to-date: /home/sanjib28/turtlebot3_ws/install/turtlebot3_node/share/ament_index/resource_index/parent_prefix_path/turtlebot3_node
[0.364s] -- Up-to-date: /home/sanjib28/turtlebot3_ws/install/turtlebot3_node/share/turtlebot3_node/environment/ament_prefix_path.sh
[0.364s] -- Up-to-date: /home/sanjib28/turtlebot3_ws/install/turtlebot3_node/share/turtlebot3_node/environment/ament_prefix_path.dsv
[0.364s] -- Up-to-date: /home/sanjib28/turtlebot3_ws/install/turtlebot3_node/share/turtlebot3_node/environment/path.sh
[0.365s] -- Up-to-date: /home/sanjib28/turtlebot3_ws/install/turtlebot3_node/share/turtlebot3_node/environment/path.dsv
[0.365s] -- Up-to-date: /home/sanjib28/turtlebot3_ws/install/turtlebot3_node/share/turtlebot3_node/local_setup.bash
[0.365s] -- Up-to-date: /home/sanjib28/turtlebot3_ws/install/turtlebot3_node/share/turtlebot3_node/local_setup.sh
[0.365s] -- Up-to-date: /home/sanjib28/turtlebot3_ws/install/turtlebot3_node/share/turtlebot3_node/local_setup.zsh
[0.366s] -- Up-to-date: /home/sanjib28/turtlebot3_ws/install/turtlebot3_node/share/turtlebot3_node/local_setup.dsv
[0.366s] -- Installing: /home/sanjib28/turtlebot3_ws/install/turtlebot3_node/share/turtlebot3_node/package.dsv
[0.368s] -- Up-to-date: /home/sanjib28/turtlebot3_ws/install/turtlebot3_node/share/ament_index/resource_index/packages/turtlebot3_node
[0.369s] -- Up-to-date: /home/sanjib28/turtlebot3_ws/install/turtlebot3_node/share/turtlebot3_node/cmake/ament_cmake_export_include_directories-extras.cmake
[0.369s] -- Up-to-date: /home/sanjib28/turtlebot3_ws/install/turtlebot3_node/share/turtlebot3_node/cmake/turtlebot3_nodeConfig.cmake
[0.370s] -- Up-to-date: /home/sanjib28/turtlebot3_ws/install/turtlebot3_node/share/turtlebot3_node/cmake/turtlebot3_nodeConfig-version.cmake
[0.370s] -- Up-to-date: /home/sanjib28/turtlebot3_ws/install/turtlebot3_node/share/turtlebot3_node/package.xml
[0.379s] Invoked command in '/home/sanjib28/turtlebot3_ws/build/turtlebot3_node' returned '0': CMAKE_PREFIX_PATH=/home/sanjib28/turtlebot3_ws/install/turtlebot3_msgs:/home/sanjib28/turtlebot3_ws/install/turtlebot3:/home/sanjib28/turtlebot3_ws/install/turtlebot3_simulations:/home/sanjib28/turtlebot3_ws/install/turtlebot3_bringup:/home/sanjib28/turtlebot3_ws/install/turtlebot3_node:/home/sanjib28/turtlebot3_ws/install/turtlebot3_navigation2:/home/sanjib28/turtlebot3_ws/install/turtlebot3_fake_node:/home/sanjib28/turtlebot3_ws/install/turtlebot3_gazebo:/home/sanjib28/turtlebot3_ws/install/turtlebot3_description:/home/sanjib28/turtlebot3_ws/install/turtlebot3_cartographer:/home/sanjib28/turtlebot3_ws/install/turtlebot3_teleop:/home/sanjib28/turtlebot3_ws/install/turtlebot3_example:/opt/ros/foxy PYTHONPATH=/home/sanjib28/turtlebot3_ws/install/turtlebot3_msgs/lib/python3.8/site-packages:/home/sanjib28/turtlebot3_ws/install/turtlebot3_teleop/lib/python3.8/site-packages:/home/sanjib28/turtlebot3_ws/install/turtlebot3_example/lib/python3.8/site-packages:/opt/ros/foxy/lib/python3.8/site-packages /usr/bin/cmake --install /home/sanjib28/turtlebot3_ws/build/turtlebot3_node
