[0.031s] Invoking command in '/home/sanjib28/turtlebot3_ws/build/turtlebot3_fake_node': AMENT_PREFIX_PATH=/home/sanjib28/turtlebot3_ws/install/turtlebot3_msgs:${AMENT_PREFIX_PATH} CMAKE_PREFIX_PATH=/home/sanjib28/turtlebot3_ws/install/turtlebot3_msgs:/opt/ros/foxy LD_LIBRARY_PATH=/home/sanjib28/turtlebot3_ws/install/turtlebot3_msgs/lib:${LD_LIBRARY_PATH} PYTHONPATH=/home/sanjib28/turtlebot3_ws/install/turtlebot3_msgs/lib/python3.8/site-packages:${PYTHONPATH} /usr/bin/cmake /home/sanjib28/turtlebot3_ws/src/turtlebot3_simulations/turtlebot3_fake_node -DCMAKE_INSTALL_PREFIX=/home/sanjib28/turtlebot3_ws/install/turtlebot3_fake_node
[0.117s] -- The C compiler identification is GNU 9.4.0
[0.175s] -- The CXX compiler identification is GNU 9.4.0
[0.180s] -- Check for working C compiler: /usr/bin/cc
[0.259s] -- Check for working C compiler: /usr/bin/cc -- works
[0.259s] -- Detecting C compiler ABI info
[0.328s] -- Detecting C compiler ABI info - done
[0.338s] -- Detecting C compile features
[0.339s] -- Detecting C compile features - done
[0.342s] -- Check for working CXX compiler: /usr/bin/c++
[0.428s] -- Check for working CXX compiler: /usr/bin/c++ -- works
[0.429s] -- Detecting CXX compiler ABI info
[0.549s] -- Detecting CXX compiler ABI info - done
[0.562s] -- Detecting CXX compile features
[0.564s] -- Detecting CXX compile features - done
[0.568s] -- Found ament_cmake: 0.9.11 (/opt/ros/foxy/share/ament_cmake/cmake)
[0.613s] -- Found PythonInterp: /usr/bin/python3 (found suitable version "3.8.10", minimum required is "3") 
[0.613s] -- Using PYTHON_EXECUTABLE: /usr/bin/python3
[0.897s] -- Found geometry_msgs: 2.0.5 (/opt/ros/foxy/share/geometry_msgs/cmake)
[0.938s] -- Using all available rosidl_typesupport_c: rosidl_typesupport_fastrtps_c;rosidl_typesupport_introspection_c
[0.947s] -- Found rosidl_adapter: 1.3.0 (/opt/ros/foxy/share/rosidl_adapter/cmake)
[1.054s] -- Found OpenSSL: /usr/lib/x86_64-linux-gnu/libcrypto.so (found version "1.1.1f")  
[1.091s] -- Found FastRTPS: /opt/ros/foxy/include  
[1.167s] -- Using all available rosidl_typesupport_cpp: rosidl_typesupport_fastrtps_cpp;rosidl_typesupport_introspection_cpp
[1.268s] -- Found nav_msgs: 2.0.5 (/opt/ros/foxy/share/nav_msgs/cmake)
[1.360s] -- Found rclcpp: 2.4.2 (/opt/ros/foxy/share/rclcpp/cmake)
[1.416s] -- Found rmw_implementation_cmake: 1.0.3 (/opt/ros/foxy/share/rmw_implementation_cmake/cmake)
[1.418s] -- Using RMW implementation 'rmw_fastrtps_cpp' as default
[1.419s] -- Looking for pthread.h
[1.508s] -- Looking for pthread.h - found
[1.509s] -- Performing Test CMAKE_HAVE_LIBC_PTHREAD
[1.596s] -- Performing Test CMAKE_HAVE_LIBC_PTHREAD - Failed
[1.596s] -- Looking for pthread_create in pthreads
[1.657s] -- Looking for pthread_create in pthreads - not found
[1.657s] -- Looking for pthread_create in pthread
[1.741s] -- Looking for pthread_create in pthread - found
[1.742s] -- Found Threads: TRUE  
[1.915s] -- Found sensor_msgs: 2.0.5 (/opt/ros/foxy/share/sensor_msgs/cmake)
[2.018s] -- Found tf2: 0.13.13 (/opt/ros/foxy/share/tf2/cmake)
[2.029s] -- Found tf2_msgs: 0.13.13 (/opt/ros/foxy/share/tf2_msgs/cmake)
[2.246s] -- Found turtlebot3_msgs: 2.2.1 (/home/sanjib28/turtlebot3_ws/install/turtlebot3_msgs/share/turtlebot3_msgs/cmake)
[2.440s] -- Configuring done
[2.454s] -- Generating done
[2.456s] -- Build files have been written to: /home/sanjib28/turtlebot3_ws/build/turtlebot3_fake_node
[2.469s] Invoked command in '/home/sanjib28/turtlebot3_ws/build/turtlebot3_fake_node' returned '0': AMENT_PREFIX_PATH=/home/sanjib28/turtlebot3_ws/install/turtlebot3_msgs:${AMENT_PREFIX_PATH} CMAKE_PREFIX_PATH=/home/sanjib28/turtlebot3_ws/install/turtlebot3_msgs:/opt/ros/foxy LD_LIBRARY_PATH=/home/sanjib28/turtlebot3_ws/install/turtlebot3_msgs/lib:${LD_LIBRARY_PATH} PYTHONPATH=/home/sanjib28/turtlebot3_ws/install/turtlebot3_msgs/lib/python3.8/site-packages:${PYTHONPATH} /usr/bin/cmake /home/sanjib28/turtlebot3_ws/src/turtlebot3_simulations/turtlebot3_fake_node -DCMAKE_INSTALL_PREFIX=/home/sanjib28/turtlebot3_ws/install/turtlebot3_fake_node
[2.470s] Invoking command in '/home/sanjib28/turtlebot3_ws/build/turtlebot3_fake_node': AMENT_PREFIX_PATH=/home/sanjib28/turtlebot3_ws/install/turtlebot3_msgs:${AMENT_PREFIX_PATH} CMAKE_PREFIX_PATH=/home/sanjib28/turtlebot3_ws/install/turtlebot3_msgs:/opt/ros/foxy LD_LIBRARY_PATH=/home/sanjib28/turtlebot3_ws/install/turtlebot3_msgs/lib:${LD_LIBRARY_PATH} PYTHONPATH=/home/sanjib28/turtlebot3_ws/install/turtlebot3_msgs/lib/python3.8/site-packages:${PYTHONPATH} /usr/bin/cmake --build /home/sanjib28/turtlebot3_ws/build/turtlebot3_fake_node -- -j2 -l2
[2.522s] [35m[1mScanning dependencies of target turtlebot3_fake_node[0m
[2.569s] [ 50%] [32mBuilding CXX object CMakeFiles/turtlebot3_fake_node.dir/src/turtlebot3_fake_node.cpp.o[0m
[11.717s] [100%] [32m[1mLinking CXX executable turtlebot3_fake_node[0m
[12.226s] [100%] Built target turtlebot3_fake_node
[12.246s] Invoked command in '/home/sanjib28/turtlebot3_ws/build/turtlebot3_fake_node' returned '0': AMENT_PREFIX_PATH=/home/sanjib28/turtlebot3_ws/install/turtlebot3_msgs:${AMENT_PREFIX_PATH} CMAKE_PREFIX_PATH=/home/sanjib28/turtlebot3_ws/install/turtlebot3_msgs:/opt/ros/foxy LD_LIBRARY_PATH=/home/sanjib28/turtlebot3_ws/install/turtlebot3_msgs/lib:${LD_LIBRARY_PATH} PYTHONPATH=/home/sanjib28/turtlebot3_ws/install/turtlebot3_msgs/lib/python3.8/site-packages:${PYTHONPATH} /usr/bin/cmake --build /home/sanjib28/turtlebot3_ws/build/turtlebot3_fake_node -- -j2 -l2
[12.285s] Invoking command in '/home/sanjib28/turtlebot3_ws/build/turtlebot3_fake_node': AMENT_PREFIX_PATH=/home/sanjib28/turtlebot3_ws/install/turtlebot3_msgs:${AMENT_PREFIX_PATH} CMAKE_PREFIX_PATH=/home/sanjib28/turtlebot3_ws/install/turtlebot3_msgs:/opt/ros/foxy LD_LIBRARY_PATH=/home/sanjib28/turtlebot3_ws/install/turtlebot3_msgs/lib:${LD_LIBRARY_PATH} PYTHONPATH=/home/sanjib28/turtlebot3_ws/install/turtlebot3_msgs/lib/python3.8/site-packages:${PYTHONPATH} /usr/bin/cmake --install /home/sanjib28/turtlebot3_ws/build/turtlebot3_fake_node
[12.298s] -- Install configuration: ""
[12.298s] -- Installing: /home/sanjib28/turtlebot3_ws/install/turtlebot3_fake_node/lib/turtlebot3_fake_node/turtlebot3_fake_node
[12.302s] -- Set runtime path of "/home/sanjib28/turtlebot3_ws/install/turtlebot3_fake_node/lib/turtlebot3_fake_node/turtlebot3_fake_node" to ""
[12.303s] -- Installing: /home/sanjib28/turtlebot3_ws/install/turtlebot3_fake_node/share/turtlebot3_fake_node/launch
[12.303s] -- Installing: /home/sanjib28/turtlebot3_ws/install/turtlebot3_fake_node/share/turtlebot3_fake_node/launch/rviz2.launch.py
[12.304s] -- Installing: /home/sanjib28/turtlebot3_ws/install/turtlebot3_fake_node/share/turtlebot3_fake_node/launch/turtlebot3_fake_node.launch.py
[12.304s] -- Installing: /home/sanjib28/turtlebot3_ws/install/turtlebot3_fake_node/share/turtlebot3_fake_node/param
[12.304s] -- Installing: /home/sanjib28/turtlebot3_ws/install/turtlebot3_fake_node/share/turtlebot3_fake_node/param/waffle.yaml
[12.305s] -- Installing: /home/sanjib28/turtlebot3_ws/install/turtlebot3_fake_node/share/turtlebot3_fake_node/param/burger.yaml
[12.306s] -- Installing: /home/sanjib28/turtlebot3_ws/install/turtlebot3_fake_node/share/turtlebot3_fake_node/param/waffle_pi.yaml
[12.306s] -- Installing: /home/sanjib28/turtlebot3_ws/install/turtlebot3_fake_node/share/turtlebot3_fake_node/rviz
[12.306s] -- Installing: /home/sanjib28/turtlebot3_ws/install/turtlebot3_fake_node/share/turtlebot3_fake_node/rviz/model.rviz
[12.307s] -- Installing: /home/sanjib28/turtlebot3_ws/install/turtlebot3_fake_node/include/
[12.308s] -- Installing: /home/sanjib28/turtlebot3_ws/install/turtlebot3_fake_node/include//turtlebot3_fake_node
[12.308s] -- Installing: /home/sanjib28/turtlebot3_ws/install/turtlebot3_fake_node/include//turtlebot3_fake_node/turtlebot3_fake_node.hpp
[12.308s] -- Installing: /home/sanjib28/turtlebot3_ws/install/turtlebot3_fake_node/share/ament_index/resource_index/package_run_dependencies/turtlebot3_fake_node
[12.309s] -- Installing: /home/sanjib28/turtlebot3_ws/install/turtlebot3_fake_node/share/ament_index/resource_index/parent_prefix_path/turtlebot3_fake_node
[12.309s] -- Installing: /home/sanjib28/turtlebot3_ws/install/turtlebot3_fake_node/share/turtlebot3_fake_node/environment/ament_prefix_path.sh
[12.310s] -- Installing: /home/sanjib28/turtlebot3_ws/install/turtlebot3_fake_node/share/turtlebot3_fake_node/environment/ament_prefix_path.dsv
[12.310s] -- Installing: /home/sanjib28/turtlebot3_ws/install/turtlebot3_fake_node/share/turtlebot3_fake_node/environment/path.sh
[12.310s] -- Installing: /home/sanjib28/turtlebot3_ws/install/turtlebot3_fake_node/share/turtlebot3_fake_node/environment/path.dsv
[12.311s] -- Installing: /home/sanjib28/turtlebot3_ws/install/turtlebot3_fake_node/share/turtlebot3_fake_node/local_setup.bash
[12.311s] -- Installing: /home/sanjib28/turtlebot3_ws/install/turtlebot3_fake_node/share/turtlebot3_fake_node/local_setup.sh
[12.311s] -- Installing: /home/sanjib28/turtlebot3_ws/install/turtlebot3_fake_node/share/turtlebot3_fake_node/local_setup.zsh
[12.312s] -- Installing: /home/sanjib28/turtlebot3_ws/install/turtlebot3_fake_node/share/turtlebot3_fake_node/local_setup.dsv
[12.312s] -- Installing: /home/sanjib28/turtlebot3_ws/install/turtlebot3_fake_node/share/turtlebot3_fake_node/package.dsv
[12.312s] -- Installing: /home/sanjib28/turtlebot3_ws/install/turtlebot3_fake_node/share/ament_index/resource_index/packages/turtlebot3_fake_node
[12.313s] -- Installing: /home/sanjib28/turtlebot3_ws/install/turtlebot3_fake_node/share/turtlebot3_fake_node/cmake/ament_cmake_export_include_directories-extras.cmake
[12.313s] -- Installing: /home/sanjib28/turtlebot3_ws/install/turtlebot3_fake_node/share/turtlebot3_fake_node/cmake/ament_cmake_export_dependencies-extras.cmake
[12.314s] -- Installing: /home/sanjib28/turtlebot3_ws/install/turtlebot3_fake_node/share/turtlebot3_fake_node/cmake/turtlebot3_fake_nodeConfig.cmake
[12.314s] -- Installing: /home/sanjib28/turtlebot3_ws/install/turtlebot3_fake_node/share/turtlebot3_fake_node/cmake/turtlebot3_fake_nodeConfig-version.cmake
[12.315s] -- Installing: /home/sanjib28/turtlebot3_ws/install/turtlebot3_fake_node/share/turtlebot3_fake_node/package.xml
[12.325s] Invoked command in '/home/sanjib28/turtlebot3_ws/build/turtlebot3_fake_node' returned '0': AMENT_PREFIX_PATH=/home/sanjib28/turtlebot3_ws/install/turtlebot3_msgs:${AMENT_PREFIX_PATH} CMAKE_PREFIX_PATH=/home/sanjib28/turtlebot3_ws/install/turtlebot3_msgs:/opt/ros/foxy LD_LIBRARY_PATH=/home/sanjib28/turtlebot3_ws/install/turtlebot3_msgs/lib:${LD_LIBRARY_PATH} PYTHONPATH=/home/sanjib28/turtlebot3_ws/install/turtlebot3_msgs/lib/python3.8/site-packages:${PYTHONPATH} /usr/bin/cmake --install /home/sanjib28/turtlebot3_ws/build/turtlebot3_fake_node
