[0.020s] Invoking command in '/home/sanjib28/turtlebot3_ws/build/turtlebot3_navigation2': CMAKE_PREFIX_PATH=/opt/ros/foxy /usr/bin/cmake /home/sanjib28/turtlebot3_ws/src/turtlebot3/turtlebot3_navigation2 -DCMAKE_INSTALL_PREFIX=/home/sanjib28/turtlebot3_ws/install/turtlebot3_navigation2
[0.153s] -- The C compiler identification is GNU 9.4.0
[0.247s] -- The CXX compiler identification is GNU 9.4.0
[0.255s] -- Check for working C compiler: /usr/bin/cc
[0.372s] -- Check for working C compiler: /usr/bin/cc -- works
[0.373s] -- Detecting C compiler ABI info
[0.485s] -- Detecting C compiler ABI info - done
[0.512s] -- Detecting C compile features
[0.513s] -- Detecting C compile features - done
[0.519s] -- Check for working CXX compiler: /usr/bin/c++
[0.650s] -- Check for working CXX compiler: /usr/bin/c++ -- works
[0.653s] -- Detecting CXX compiler ABI info
[0.773s] -- Detecting CXX compiler ABI info - done
[0.814s] -- Detecting CXX compile features
[0.816s] -- Detecting CXX compile features - done
[0.831s] -- Found ament_cmake: 0.9.11 (/opt/ros/foxy/share/ament_cmake/cmake)
[0.898s] -- Found PythonInterp: /usr/bin/python3 (found suitable version "3.8.10", minimum required is "3") 
[0.898s] -- Using PYTHON_EXECUTABLE: /usr/bin/python3
[1.520s] -- Configuring done
[1.531s] -- Generating done
[1.535s] -- Build files have been written to: /home/sanjib28/turtlebot3_ws/build/turtlebot3_navigation2
[1.545s] Invoked command in '/home/sanjib28/turtlebot3_ws/build/turtlebot3_navigation2' returned '0': CMAKE_PREFIX_PATH=/opt/ros/foxy /usr/bin/cmake /home/sanjib28/turtlebot3_ws/src/turtlebot3/turtlebot3_navigation2 -DCMAKE_INSTALL_PREFIX=/home/sanjib28/turtlebot3_ws/install/turtlebot3_navigation2
[1.546s] Invoking command in '/home/sanjib28/turtlebot3_ws/build/turtlebot3_navigation2': CMAKE_PREFIX_PATH=/opt/ros/foxy /usr/bin/cmake --build /home/sanjib28/turtlebot3_ws/build/turtlebot3_navigation2 -- -j2 -l2
[1.710s] Invoked command in '/home/sanjib28/turtlebot3_ws/build/turtlebot3_navigation2' returned '0': CMAKE_PREFIX_PATH=/opt/ros/foxy /usr/bin/cmake --build /home/sanjib28/turtlebot3_ws/build/turtlebot3_navigation2 -- -j2 -l2
[1.885s] Invoking command in '/home/sanjib28/turtlebot3_ws/build/turtlebot3_navigation2': CMAKE_PREFIX_PATH=/opt/ros/foxy /usr/bin/cmake --install /home/sanjib28/turtlebot3_ws/build/turtlebot3_navigation2
[1.899s] -- Install configuration: ""
[1.899s] -- Installing: /home/sanjib28/turtlebot3_ws/install/turtlebot3_navigation2/share/turtlebot3_navigation2/launch
[1.900s] -- Installing: /home/sanjib28/turtlebot3_ws/install/turtlebot3_navigation2/share/turtlebot3_navigation2/launch/navigation2.launch.py
[1.900s] -- Installing: /home/sanjib28/turtlebot3_ws/install/turtlebot3_navigation2/share/turtlebot3_navigation2/map
[1.900s] -- Installing: /home/sanjib28/turtlebot3_ws/install/turtlebot3_navigation2/share/turtlebot3_navigation2/map/turtlebot3_world.yaml
[1.900s] -- Installing: /home/sanjib28/turtlebot3_ws/install/turtlebot3_navigation2/share/turtlebot3_navigation2/map/turtlebot3_world.pgm
[1.900s] -- Installing: /home/sanjib28/turtlebot3_ws/install/turtlebot3_navigation2/share/turtlebot3_navigation2/param
[1.900s] -- Installing: /home/sanjib28/turtlebot3_ws/install/turtlebot3_navigation2/share/turtlebot3_navigation2/param/waffle.yaml
[1.901s] -- Installing: /home/sanjib28/turtlebot3_ws/install/turtlebot3_navigation2/share/turtlebot3_navigation2/param/burger.yaml
[1.901s] -- Installing: /home/sanjib28/turtlebot3_ws/install/turtlebot3_navigation2/share/turtlebot3_navigation2/param/waffle_pi.yaml
[1.901s] -- Installing: /home/sanjib28/turtlebot3_ws/install/turtlebot3_navigation2/share/turtlebot3_navigation2/rviz
[1.901s] -- Installing: /home/sanjib28/turtlebot3_ws/install/turtlebot3_navigation2/share/turtlebot3_navigation2/rviz/tb3_navigation2.rviz
[1.901s] -- Installing: /home/sanjib28/turtlebot3_ws/install/turtlebot3_navigation2/share/ament_index/resource_index/package_run_dependencies/turtlebot3_navigation2
[1.902s] -- Installing: /home/sanjib28/turtlebot3_ws/install/turtlebot3_navigation2/share/ament_index/resource_index/parent_prefix_path/turtlebot3_navigation2
[1.902s] -- Installing: /home/sanjib28/turtlebot3_ws/install/turtlebot3_navigation2/share/turtlebot3_navigation2/environment/ament_prefix_path.sh
[1.902s] -- Installing: /home/sanjib28/turtlebot3_ws/install/turtlebot3_navigation2/share/turtlebot3_navigation2/environment/ament_prefix_path.dsv
[1.902s] -- Installing: /home/sanjib28/turtlebot3_ws/install/turtlebot3_navigation2/share/turtlebot3_navigation2/environment/path.sh
[1.902s] -- Installing: /home/sanjib28/turtlebot3_ws/install/turtlebot3_navigation2/share/turtlebot3_navigation2/environment/path.dsv
[1.903s] -- Installing: /home/sanjib28/turtlebot3_ws/install/turtlebot3_navigation2/share/turtlebot3_navigation2/local_setup.bash
[1.903s] -- Installing: /home/sanjib28/turtlebot3_ws/install/turtlebot3_navigation2/share/turtlebot3_navigation2/local_setup.sh
[1.903s] -- Installing: /home/sanjib28/turtlebot3_ws/install/turtlebot3_navigation2/share/turtlebot3_navigation2/local_setup.zsh
[1.903s] -- Installing: /home/sanjib28/turtlebot3_ws/install/turtlebot3_navigation2/share/turtlebot3_navigation2/local_setup.dsv
[1.903s] -- Installing: /home/sanjib28/turtlebot3_ws/install/turtlebot3_navigation2/share/turtlebot3_navigation2/package.dsv
[1.904s] -- Installing: /home/sanjib28/turtlebot3_ws/install/turtlebot3_navigation2/share/ament_index/resource_index/packages/turtlebot3_navigation2
[1.904s] -- Installing: /home/sanjib28/turtlebot3_ws/install/turtlebot3_navigation2/share/turtlebot3_navigation2/cmake/turtlebot3_navigation2Config.cmake
[1.904s] -- Installing: /home/sanjib28/turtlebot3_ws/install/turtlebot3_navigation2/share/turtlebot3_navigation2/cmake/turtlebot3_navigation2Config-version.cmake
[1.904s] -- Installing: /home/sanjib28/turtlebot3_ws/install/turtlebot3_navigation2/share/turtlebot3_navigation2/package.xml
[1.920s] Invoked command in '/home/sanjib28/turtlebot3_ws/build/turtlebot3_navigation2' returned '0': CMAKE_PREFIX_PATH=/opt/ros/foxy /usr/bin/cmake --install /home/sanjib28/turtlebot3_ws/build/turtlebot3_navigation2
