[1.283s] Invoking command in '/home/sanjib28/turtlebot3_ws/src/turtlebot3/turtlebot3_teleop': PYTHONPATH=/home/sanjib28/turtlebot3_ws/build/turtlebot3_teleop/prefix_override:/home/sanjib28/turtlebot3_ws/install/turtlebot3_teleop/lib/python3.8/site-packages:${PYTHONPATH} /usr/bin/python3 setup.py egg_info --egg-base ../../../build/turtlebot3_teleop build --build-base /home/sanjib28/turtlebot3_ws/build/turtlebot3_teleop/build install --record /home/sanjib28/turtlebot3_ws/build/turtlebot3_teleop/install.log --single-version-externally-managed
[1.644s] running egg_info
[1.645s] writing ../../../build/turtlebot3_teleop/turtlebot3_teleop.egg-info/PKG-INFO
[1.648s] writing dependency_links to ../../../build/turtlebot3_teleop/turtlebot3_teleop.egg-info/dependency_links.txt
[1.649s] writing entry points to ../../../build/turtlebot3_teleop/turtlebot3_teleop.egg-info/entry_points.txt
[1.650s] writing requirements to ../../../build/turtlebot3_teleop/turtlebot3_teleop.egg-info/requires.txt
[1.650s] writing top-level names to ../../../build/turtlebot3_teleop/turtlebot3_teleop.egg-info/top_level.txt
[1.708s] reading manifest file '../../../build/turtlebot3_teleop/turtlebot3_teleop.egg-info/SOURCES.txt'
[1.710s] writing manifest file '../../../build/turtlebot3_teleop/turtlebot3_teleop.egg-info/SOURCES.txt'
[1.710s] running build
[1.710s] running build_py
[1.713s] running install
[1.716s] running install_lib
[1.721s] running install_data
[1.721s] running install_egg_info
[1.723s] removing '/home/sanjib28/turtlebot3_ws/install/turtlebot3_teleop/lib/python3.8/site-packages/turtlebot3_teleop-2.1.4-py3.8.egg-info' (and everything under it)
[1.725s] Copying ../../../build/turtlebot3_teleop/turtlebot3_teleop.egg-info to /home/sanjib28/turtlebot3_ws/install/turtlebot3_teleop/lib/python3.8/site-packages/turtlebot3_teleop-2.1.4-py3.8.egg-info
[1.728s] running install_scripts
[1.752s] Installing teleop_keyboard script to /home/sanjib28/turtlebot3_ws/install/turtlebot3_teleop/lib/turtlebot3_teleop
[1.754s] writing list of installed files to '/home/sanjib28/turtlebot3_ws/build/turtlebot3_teleop/install.log'
[1.812s] Invoked command in '/home/sanjib28/turtlebot3_ws/src/turtlebot3/turtlebot3_teleop' returned '0': PYTHONPATH=/home/sanjib28/turtlebot3_ws/build/turtlebot3_teleop/prefix_override:/home/sanjib28/turtlebot3_ws/install/turtlebot3_teleop/lib/python3.8/site-packages:${PYTHONPATH} /usr/bin/python3 setup.py egg_info --egg-base ../../../build/turtlebot3_teleop build --build-base /home/sanjib28/turtlebot3_ws/build/turtlebot3_teleop/build install --record /home/sanjib28/turtlebot3_ws/build/turtlebot3_teleop/install.log --single-version-externally-managed
