[0.044s] Invoking command in '/home/sanjib28/turtlebot3_ws/build/turtlebot3_bringup': CMAKE_PREFIX_PATH=/home/sanjib28/turtlebot3_ws/install/turtlebot3_node:/home/sanjib28/turtlebot3_ws/install/turtlebot3_msgs:/home/sanjib28/turtlebot3_ws/install/turtlebot3_description:/home/sanjib28/turtlebot3_ws/install/turtlebot3:/home/sanjib28/turtlebot3_ws/install/turtlebot3_simulations:/home/sanjib28/turtlebot3_ws/install/turtlebot3_bringup:/home/sanjib28/turtlebot3_ws/install/turtlebot3_navigation2:/home/sanjib28/turtlebot3_ws/install/turtlebot3_fake_node:/home/sanjib28/turtlebot3_ws/install/turtlebot3_gazebo:/home/sanjib28/turtlebot3_ws/install/turtlebot3_cartographer:/home/sanjib28/turtlebot3_ws/install/turtlebot3_teleop:/home/sanjib28/turtlebot3_ws/install/turtlebot3_example:/opt/ros/foxy PYTHONPATH=/home/sanjib28/turtlebot3_ws/install/turtlebot3_msgs/lib/python3.8/site-packages:/home/sanjib28/turtlebot3_ws/install/turtlebot3_teleop/lib/python3.8/site-packages:/home/sanjib28/turtlebot3_ws/install/turtlebot3_example/lib/python3.8/site-packages:/opt/ros/foxy/lib/python3.8/site-packages /usr/bin/cmake --build /home/sanjib28/turtlebot3_ws/build/turtlebot3_bringup -- -j2 -l2
[0.140s] Invoked command in '/home/sanjib28/turtlebot3_ws/build/turtlebot3_bringup' returned '0': CMAKE_PREFIX_PATH=/home/sanjib28/turtlebot3_ws/install/turtlebot3_node:/home/sanjib28/turtlebot3_ws/install/turtlebot3_msgs:/home/sanjib28/turtlebot3_ws/install/turtlebot3_description:/home/sanjib28/turtlebot3_ws/install/turtlebot3:/home/sanjib28/turtlebot3_ws/install/turtlebot3_simulations:/home/sanjib28/turtlebot3_ws/install/turtlebot3_bringup:/home/sanjib28/turtlebot3_ws/install/turtlebot3_navigation2:/home/sanjib28/turtlebot3_ws/install/turtlebot3_fake_node:/home/sanjib28/turtlebot3_ws/install/turtlebot3_gazebo:/home/sanjib28/turtlebot3_ws/install/turtlebot3_cartographer:/home/sanjib28/turtlebot3_ws/install/turtlebot3_teleop:/home/sanjib28/turtlebot3_ws/install/turtlebot3_example:/opt/ros/foxy PYTHONPATH=/home/sanjib28/turtlebot3_ws/install/turtlebot3_msgs/lib/python3.8/site-packages:/home/sanjib28/turtlebot3_ws/install/turtlebot3_teleop/lib/python3.8/site-packages:/home/sanjib28/turtlebot3_ws/install/turtlebot3_example/lib/python3.8/site-packages:/opt/ros/foxy/lib/python3.8/site-packages /usr/bin/cmake --build /home/sanjib28/turtlebot3_ws/build/turtlebot3_bringup -- -j2 -l2
[0.187s] Invoking command in '/home/sanjib28/turtlebot3_ws/build/turtlebot3_bringup': CMAKE_PREFIX_PATH=/home/sanjib28/turtlebot3_ws/install/turtlebot3_node:/home/sanjib28/turtlebot3_ws/install/turtlebot3_msgs:/home/sanjib28/turtlebot3_ws/install/turtlebot3_description:/home/sanjib28/turtlebot3_ws/install/turtlebot3:/home/sanjib28/turtlebot3_ws/install/turtlebot3_simulations:/home/sanjib28/turtlebot3_ws/install/turtlebot3_bringup:/home/sanjib28/turtlebot3_ws/install/turtlebot3_navigation2:/home/sanjib28/turtlebot3_ws/install/turtlebot3_fake_node:/home/sanjib28/turtlebot3_ws/install/turtlebot3_gazebo:/home/sanjib28/turtlebot3_ws/install/turtlebot3_cartographer:/home/sanjib28/turtlebot3_ws/install/turtlebot3_teleop:/home/sanjib28/turtlebot3_ws/install/turtlebot3_example:/opt/ros/foxy PYTHONPATH=/home/sanjib28/turtlebot3_ws/install/turtlebot3_msgs/lib/python3.8/site-packages:/home/sanjib28/turtlebot3_ws/install/turtlebot3_teleop/lib/python3.8/site-packages:/home/sanjib28/turtlebot3_ws/install/turtlebot3_example/lib/python3.8/site-packages:/opt/ros/foxy/lib/python3.8/site-packages /usr/bin/cmake --install /home/sanjib28/turtlebot3_ws/build/turtlebot3_bringup
[0.222s] -- Install configuration: ""
[0.222s] -- Up-to-date: /home/sanjib28/turtlebot3_ws/install/turtlebot3_bringup/share/turtlebot3_bringup/launch
[0.228s] -- Up-to-date: /home/sanjib28/turtlebot3_ws/install/turtlebot3_bringup/share/turtlebot3_bringup/launch/rviz2.launch.py
[0.229s] -- Up-to-date: /home/sanjib28/turtlebot3_ws/install/turtlebot3_bringup/share/turtlebot3_bringup/launch/turtlebot3_state_publisher.launch.py
[0.229s] -- Up-to-date: /home/sanjib28/turtlebot3_ws/install/turtlebot3_bringup/share/turtlebot3_bringup/launch/robot.launch.py
[0.229s] -- Up-to-date: /home/sanjib28/turtlebot3_ws/install/turtlebot3_bringup/share/turtlebot3_bringup/param
[0.240s] -- Up-to-date: /home/sanjib28/turtlebot3_ws/install/turtlebot3_bringup/share/turtlebot3_bringup/param/waffle.yaml
[0.240s] -- Up-to-date: /home/sanjib28/turtlebot3_ws/install/turtlebot3_bringup/share/turtlebot3_bringup/param/burger.yaml
[0.240s] -- Up-to-date: /home/sanjib28/turtlebot3_ws/install/turtlebot3_bringup/share/turtlebot3_bringup/param/waffle_pi.yaml
[0.240s] -- Up-to-date: /home/sanjib28/turtlebot3_ws/install/turtlebot3_bringup/share/turtlebot3_bringup/script
[0.241s] -- Up-to-date: /home/sanjib28/turtlebot3_ws/install/turtlebot3_bringup/share/turtlebot3_bringup/script/99-turtlebot3-cdc.rules
[0.241s] -- Up-to-date: /home/sanjib28/turtlebot3_ws/install/turtlebot3_bringup/share/turtlebot3_bringup/script/create_udev_rules
[0.241s] -- Up-to-date: /home/sanjib28/turtlebot3_ws/install/turtlebot3_bringup/share/ament_index/resource_index/package_run_dependencies/turtlebot3_bringup
[0.242s] -- Up-to-date: /home/sanjib28/turtlebot3_ws/install/turtlebot3_bringup/share/ament_index/resource_index/parent_prefix_path/turtlebot3_bringup
[0.245s] -- Up-to-date: /home/sanjib28/turtlebot3_ws/install/turtlebot3_bringup/share/turtlebot3_bringup/environment/ament_prefix_path.sh
[0.245s] -- Up-to-date: /home/sanjib28/turtlebot3_ws/install/turtlebot3_bringup/share/turtlebot3_bringup/environment/ament_prefix_path.dsv
[0.245s] -- Up-to-date: /home/sanjib28/turtlebot3_ws/install/turtlebot3_bringup/share/turtlebot3_bringup/environment/path.sh
[0.245s] -- Up-to-date: /home/sanjib28/turtlebot3_ws/install/turtlebot3_bringup/share/turtlebot3_bringup/environment/path.dsv
[0.245s] -- Up-to-date: /home/sanjib28/turtlebot3_ws/install/turtlebot3_bringup/share/turtlebot3_bringup/local_setup.bash
[0.246s] -- Up-to-date: /home/sanjib28/turtlebot3_ws/install/turtlebot3_bringup/share/turtlebot3_bringup/local_setup.sh
[0.246s] -- Up-to-date: /home/sanjib28/turtlebot3_ws/install/turtlebot3_bringup/share/turtlebot3_bringup/local_setup.zsh
[0.247s] -- Up-to-date: /home/sanjib28/turtlebot3_ws/install/turtlebot3_bringup/share/turtlebot3_bringup/local_setup.dsv
[0.247s] -- Up-to-date: /home/sanjib28/turtlebot3_ws/install/turtlebot3_bringup/share/turtlebot3_bringup/package.dsv
[0.247s] -- Up-to-date: /home/sanjib28/turtlebot3_ws/install/turtlebot3_bringup/share/ament_index/resource_index/packages/turtlebot3_bringup
[0.255s] -- Up-to-date: /home/sanjib28/turtlebot3_ws/install/turtlebot3_bringup/share/turtlebot3_bringup/cmake/turtlebot3_bringupConfig.cmake
[0.255s] -- Up-to-date: /home/sanjib28/turtlebot3_ws/install/turtlebot3_bringup/share/turtlebot3_bringup/cmake/turtlebot3_bringupConfig-version.cmake
[0.255s] -- Up-to-date: /home/sanjib28/turtlebot3_ws/install/turtlebot3_bringup/share/turtlebot3_bringup/package.xml
[0.256s] Invoked command in '/home/sanjib28/turtlebot3_ws/build/turtlebot3_bringup' returned '0': CMAKE_PREFIX_PATH=/home/sanjib28/turtlebot3_ws/install/turtlebot3_node:/home/sanjib28/turtlebot3_ws/install/turtlebot3_msgs:/home/sanjib28/turtlebot3_ws/install/turtlebot3_description:/home/sanjib28/turtlebot3_ws/install/turtlebot3:/home/sanjib28/turtlebot3_ws/install/turtlebot3_simulations:/home/sanjib28/turtlebot3_ws/install/turtlebot3_bringup:/home/sanjib28/turtlebot3_ws/install/turtlebot3_navigation2:/home/sanjib28/turtlebot3_ws/install/turtlebot3_fake_node:/home/sanjib28/turtlebot3_ws/install/turtlebot3_gazebo:/home/sanjib28/turtlebot3_ws/install/turtlebot3_cartographer:/home/sanjib28/turtlebot3_ws/install/turtlebot3_teleop:/home/sanjib28/turtlebot3_ws/install/turtlebot3_example:/opt/ros/foxy PYTHONPATH=/home/sanjib28/turtlebot3_ws/install/turtlebot3_msgs/lib/python3.8/site-packages:/home/sanjib28/turtlebot3_ws/install/turtlebot3_teleop/lib/python3.8/site-packages:/home/sanjib28/turtlebot3_ws/install/turtlebot3_example/lib/python3.8/site-packages:/opt/ros/foxy/lib/python3.8/site-packages /usr/bin/cmake --install /home/sanjib28/turtlebot3_ws/build/turtlebot3_bringup
