[0.066s] Invoking command in '/home/sanjib28/turtlebot3_ws/build/turtlebot3_msgs': CMAKE_PREFIX_PATH=${CMAKE_PREFIX_PATH}:/home/sanjib28/turtlebot3_ws/install/turtlebot3_teleop:/home/sanjib28/turtlebot3_ws/install/turtlebot3_example:/opt/ros/foxy /usr/bin/cmake --build /home/sanjib28/turtlebot3_ws/build/turtlebot3_msgs -- -j2 -l2
[0.238s] [  1%] Built target turtlebot3_msgs__cpp
[0.264s] [ 12%] Built target turtlebot3_msgs__rosidl_generator_c
[0.318s] [ 23%] Built target turtlebot3_msgs__rosidl_typesupport_cpp
[0.408s] [ 35%] Built target turtlebot3_msgs__rosidl_typesupport_fastrtps_cpp
[0.466s] [ 46%] Built target turtlebot3_msgs__rosidl_typesupport_introspection_cpp
[0.487s] [ 57%] Built target turtlebot3_msgs__rosidl_typesupport_c
[0.565s] [ 69%] Built target turtlebot3_msgs__rosidl_typesupport_introspection_c
[0.591s] [ 80%] Built target turtlebot3_msgs__rosidl_typesupport_fastrtps_c
[0.676s] [ 80%] Built target turtlebot3_msgs
[0.719s] [ 81%] Built target turtlebot3_msgs__py
[0.786s] [ 91%] Built target turtlebot3_msgs__python
[0.848s] [ 94%] Built target turtlebot3_msgs__rosidl_typesupport_fastrtps_c__pyext
[0.853s] [ 97%] Built target turtlebot3_msgs__rosidl_typesupport_introspection_c__pyext
[0.914s] [100%] Built target turtlebot3_msgs__rosidl_typesupport_c__pyext
[0.939s] Invoked command in '/home/sanjib28/turtlebot3_ws/build/turtlebot3_msgs' returned '0': CMAKE_PREFIX_PATH=${CMAKE_PREFIX_PATH}:/home/sanjib28/turtlebot3_ws/install/turtlebot3_teleop:/home/sanjib28/turtlebot3_ws/install/turtlebot3_example:/opt/ros/foxy /usr/bin/cmake --build /home/sanjib28/turtlebot3_ws/build/turtlebot3_msgs -- -j2 -l2
[1.267s] Invoking command in '/home/sanjib28/turtlebot3_ws/build/turtlebot3_msgs': CMAKE_PREFIX_PATH=${CMAKE_PREFIX_PATH}:/home/sanjib28/turtlebot3_ws/install/turtlebot3_teleop:/home/sanjib28/turtlebot3_ws/install/turtlebot3_example:/opt/ros/foxy /usr/bin/cmake --install /home/sanjib28/turtlebot3_ws/build/turtlebot3_msgs
[1.286s] -- Install configuration: ""
[1.287s] -- Up-to-date: /home/sanjib28/turtlebot3_ws/install/turtlebot3_msgs/share/ament_index/resource_index/rosidl_interfaces/turtlebot3_msgs
[1.287s] -- Up-to-date: /home/sanjib28/turtlebot3_ws/install/turtlebot3_msgs/include/turtlebot3_msgs
[1.287s] -- Up-to-date: /home/sanjib28/turtlebot3_ws/install/turtlebot3_msgs/include/turtlebot3_msgs/msg
[1.287s] -- Up-to-date: /home/sanjib28/turtlebot3_ws/install/turtlebot3_msgs/include/turtlebot3_msgs/msg/rosidl_generator_c__visibility_control.h
[1.287s] -- Up-to-date: /home/sanjib28/turtlebot3_ws/install/turtlebot3_msgs/include/turtlebot3_msgs/msg/sensor_state.h
[1.288s] -- Up-to-date: /home/sanjib28/turtlebot3_ws/install/turtlebot3_msgs/include/turtlebot3_msgs/msg/detail
[1.288s] -- Up-to-date: /home/sanjib28/turtlebot3_ws/install/turtlebot3_msgs/include/turtlebot3_msgs/msg/detail/version_info__functions.h
[1.288s] -- Up-to-date: /home/sanjib28/turtlebot3_ws/install/turtlebot3_msgs/include/turtlebot3_msgs/msg/detail/sensor_state__functions.h
[1.288s] -- Up-to-date: /home/sanjib28/turtlebot3_ws/install/turtlebot3_msgs/include/turtlebot3_msgs/msg/detail/sound__type_support.h
[1.289s] -- Up-to-date: /home/sanjib28/turtlebot3_ws/install/turtlebot3_msgs/include/turtlebot3_msgs/msg/detail/sound__functions.c
[1.289s] -- Up-to-date: /home/sanjib28/turtlebot3_ws/install/turtlebot3_msgs/include/turtlebot3_msgs/msg/detail/sound__struct.h
[1.289s] -- Up-to-date: /home/sanjib28/turtlebot3_ws/install/turtlebot3_msgs/include/turtlebot3_msgs/msg/detail/sensor_state__functions.c
[1.289s] -- Up-to-date: /home/sanjib28/turtlebot3_ws/install/turtlebot3_msgs/include/turtlebot3_msgs/msg/detail/version_info__struct.h
[1.289s] -- Up-to-date: /home/sanjib28/turtlebot3_ws/install/turtlebot3_msgs/include/turtlebot3_msgs/msg/detail/version_info__functions.c
[1.289s] -- Up-to-date: /home/sanjib28/turtlebot3_ws/install/turtlebot3_msgs/include/turtlebot3_msgs/msg/detail/sensor_state__struct.h
[1.289s] -- Up-to-date: /home/sanjib28/turtlebot3_ws/install/turtlebot3_msgs/include/turtlebot3_msgs/msg/detail/sound__functions.h
[1.290s] -- Up-to-date: /home/sanjib28/turtlebot3_ws/install/turtlebot3_msgs/include/turtlebot3_msgs/msg/detail/sensor_state__type_support.h
[1.290s] -- Up-to-date: /home/sanjib28/turtlebot3_ws/install/turtlebot3_msgs/include/turtlebot3_msgs/msg/detail/version_info__type_support.h
[1.290s] -- Up-to-date: /home/sanjib28/turtlebot3_ws/install/turtlebot3_msgs/include/turtlebot3_msgs/msg/version_info.h
[1.290s] -- Up-to-date: /home/sanjib28/turtlebot3_ws/install/turtlebot3_msgs/include/turtlebot3_msgs/msg/sound.h
[1.291s] -- Up-to-date: /home/sanjib28/turtlebot3_ws/install/turtlebot3_msgs/include/turtlebot3_msgs/action
[1.291s] -- Up-to-date: /home/sanjib28/turtlebot3_ws/install/turtlebot3_msgs/include/turtlebot3_msgs/action/patrol.h
[1.291s] -- Up-to-date: /home/sanjib28/turtlebot3_ws/install/turtlebot3_msgs/include/turtlebot3_msgs/action/detail
[1.292s] -- Up-to-date: /home/sanjib28/turtlebot3_ws/install/turtlebot3_msgs/include/turtlebot3_msgs/action/detail/patrol__functions.h
[1.292s] -- Up-to-date: /home/sanjib28/turtlebot3_ws/install/turtlebot3_msgs/include/turtlebot3_msgs/action/detail/patrol__functions.c
[1.292s] -- Up-to-date: /home/sanjib28/turtlebot3_ws/install/turtlebot3_msgs/include/turtlebot3_msgs/action/detail/patrol__type_support.h
[1.292s] -- Up-to-date: /home/sanjib28/turtlebot3_ws/install/turtlebot3_msgs/include/turtlebot3_msgs/action/detail/patrol__struct.h
[1.292s] -- Up-to-date: /home/sanjib28/turtlebot3_ws/install/turtlebot3_msgs/include/turtlebot3_msgs/srv
[1.292s] -- Up-to-date: /home/sanjib28/turtlebot3_ws/install/turtlebot3_msgs/include/turtlebot3_msgs/srv/detail
[1.292s] -- Up-to-date: /home/sanjib28/turtlebot3_ws/install/turtlebot3_msgs/include/turtlebot3_msgs/srv/detail/sound__type_support.h
[1.292s] -- Up-to-date: /home/sanjib28/turtlebot3_ws/install/turtlebot3_msgs/include/turtlebot3_msgs/srv/detail/sound__functions.c
[1.293s] -- Up-to-date: /home/sanjib28/turtlebot3_ws/install/turtlebot3_msgs/include/turtlebot3_msgs/srv/detail/sound__struct.h
[1.293s] -- Up-to-date: /home/sanjib28/turtlebot3_ws/install/turtlebot3_msgs/include/turtlebot3_msgs/srv/detail/dqn__functions.c
[1.294s] -- Up-to-date: /home/sanjib28/turtlebot3_ws/install/turtlebot3_msgs/include/turtlebot3_msgs/srv/detail/dqn__struct.h
[1.294s] -- Up-to-date: /home/sanjib28/turtlebot3_ws/install/turtlebot3_msgs/include/turtlebot3_msgs/srv/detail/dqn__type_support.h
[1.295s] -- Up-to-date: /home/sanjib28/turtlebot3_ws/install/turtlebot3_msgs/include/turtlebot3_msgs/srv/detail/dqn__functions.h
[1.295s] -- Up-to-date: /home/sanjib28/turtlebot3_ws/install/turtlebot3_msgs/include/turtlebot3_msgs/srv/detail/sound__functions.h
[1.295s] -- Up-to-date: /home/sanjib28/turtlebot3_ws/install/turtlebot3_msgs/include/turtlebot3_msgs/srv/sound.h
[1.296s] -- Up-to-date: /home/sanjib28/turtlebot3_ws/install/turtlebot3_msgs/include/turtlebot3_msgs/srv/dqn.h
[1.296s] -- Up-to-date: /home/sanjib28/turtlebot3_ws/install/turtlebot3_msgs/share/turtlebot3_msgs/environment/library_path.sh
[1.297s] -- Up-to-date: /home/sanjib28/turtlebot3_ws/install/turtlebot3_msgs/share/turtlebot3_msgs/environment/library_path.dsv
[1.297s] -- Up-to-date: /home/sanjib28/turtlebot3_ws/install/turtlebot3_msgs/lib/libturtlebot3_msgs__rosidl_generator_c.so
[1.297s] -- Up-to-date: /home/sanjib28/turtlebot3_ws/install/turtlebot3_msgs/include/turtlebot3_msgs
[1.297s] -- Up-to-date: /home/sanjib28/turtlebot3_ws/install/turtlebot3_msgs/include/turtlebot3_msgs/msg
[1.297s] -- Up-to-date: /home/sanjib28/turtlebot3_ws/install/turtlebot3_msgs/include/turtlebot3_msgs/msg/rosidl_typesupport_fastrtps_c__visibility_control.h
[1.297s] -- Up-to-date: /home/sanjib28/turtlebot3_ws/install/turtlebot3_msgs/include/turtlebot3_msgs/msg/detail
[1.297s] -- Up-to-date: /home/sanjib28/turtlebot3_ws/install/turtlebot3_msgs/include/turtlebot3_msgs/msg/detail/sound__rosidl_typesupport_fastrtps_c.h
[1.298s] -- Up-to-date: /home/sanjib28/turtlebot3_ws/install/turtlebot3_msgs/include/turtlebot3_msgs/msg/detail/version_info__rosidl_typesupport_fastrtps_c.h
[1.298s] -- Up-to-date: /home/sanjib28/turtlebot3_ws/install/turtlebot3_msgs/include/turtlebot3_msgs/msg/detail/sensor_state__rosidl_typesupport_fastrtps_c.h
[1.298s] -- Up-to-date: /home/sanjib28/turtlebot3_ws/install/turtlebot3_msgs/include/turtlebot3_msgs/action
[1.298s] -- Up-to-date: /home/sanjib28/turtlebot3_ws/install/turtlebot3_msgs/include/turtlebot3_msgs/action/detail
[1.298s] -- Up-to-date: /home/sanjib28/turtlebot3_ws/install/turtlebot3_msgs/include/turtlebot3_msgs/action/detail/patrol__rosidl_typesupport_fastrtps_c.h
[1.298s] -- Up-to-date: /home/sanjib28/turtlebot3_ws/install/turtlebot3_msgs/include/turtlebot3_msgs/srv
[1.298s] -- Up-to-date: /home/sanjib28/turtlebot3_ws/install/turtlebot3_msgs/include/turtlebot3_msgs/srv/detail
[1.298s] -- Up-to-date: /home/sanjib28/turtlebot3_ws/install/turtlebot3_msgs/include/turtlebot3_msgs/srv/detail/sound__rosidl_typesupport_fastrtps_c.h
[1.298s] -- Up-to-date: /home/sanjib28/turtlebot3_ws/install/turtlebot3_msgs/include/turtlebot3_msgs/srv/detail/dqn__rosidl_typesupport_fastrtps_c.h
[1.298s] -- Up-to-date: /home/sanjib28/turtlebot3_ws/install/turtlebot3_msgs/lib/libturtlebot3_msgs__rosidl_typesupport_fastrtps_c.so
[1.298s] -- Up-to-date: /home/sanjib28/turtlebot3_ws/install/turtlebot3_msgs/include/turtlebot3_msgs
[1.298s] -- Up-to-date: /home/sanjib28/turtlebot3_ws/install/turtlebot3_msgs/include/turtlebot3_msgs/msg
[1.299s] -- Up-to-date: /home/sanjib28/turtlebot3_ws/install/turtlebot3_msgs/include/turtlebot3_msgs/msg/rosidl_typesupport_fastrtps_cpp__visibility_control.h
[1.299s] -- Up-to-date: /home/sanjib28/turtlebot3_ws/install/turtlebot3_msgs/include/turtlebot3_msgs/msg/detail
[1.299s] -- Up-to-date: /home/sanjib28/turtlebot3_ws/install/turtlebot3_msgs/include/turtlebot3_msgs/msg/detail/dds_fastrtps
[1.299s] -- Up-to-date: /home/sanjib28/turtlebot3_ws/install/turtlebot3_msgs/include/turtlebot3_msgs/msg/detail/sound__rosidl_typesupport_fastrtps_cpp.hpp
[1.299s] -- Up-to-date: /home/sanjib28/turtlebot3_ws/install/turtlebot3_msgs/include/turtlebot3_msgs/msg/detail/sensor_state__rosidl_typesupport_fastrtps_cpp.hpp
[1.299s] -- Up-to-date: /home/sanjib28/turtlebot3_ws/install/turtlebot3_msgs/include/turtlebot3_msgs/msg/detail/version_info__rosidl_typesupport_fastrtps_cpp.hpp
[1.299s] -- Up-to-date: /home/sanjib28/turtlebot3_ws/install/turtlebot3_msgs/include/turtlebot3_msgs/action
[1.299s] -- Up-to-date: /home/sanjib28/turtlebot3_ws/install/turtlebot3_msgs/include/turtlebot3_msgs/action/detail
[1.299s] -- Up-to-date: /home/sanjib28/turtlebot3_ws/install/turtlebot3_msgs/include/turtlebot3_msgs/action/detail/patrol__rosidl_typesupport_fastrtps_cpp.hpp
[1.299s] -- Up-to-date: /home/sanjib28/turtlebot3_ws/install/turtlebot3_msgs/include/turtlebot3_msgs/action/detail/dds_fastrtps
[1.299s] -- Up-to-date: /home/sanjib28/turtlebot3_ws/install/turtlebot3_msgs/include/turtlebot3_msgs/srv
[1.300s] -- Up-to-date: /home/sanjib28/turtlebot3_ws/install/turtlebot3_msgs/include/turtlebot3_msgs/srv/detail
[1.300s] -- Up-to-date: /home/sanjib28/turtlebot3_ws/install/turtlebot3_msgs/include/turtlebot3_msgs/srv/detail/dds_fastrtps
[1.300s] -- Up-to-date: /home/sanjib28/turtlebot3_ws/install/turtlebot3_msgs/include/turtlebot3_msgs/srv/detail/sound__rosidl_typesupport_fastrtps_cpp.hpp
[1.300s] -- Up-to-date: /home/sanjib28/turtlebot3_ws/install/turtlebot3_msgs/include/turtlebot3_msgs/srv/detail/dqn__rosidl_typesupport_fastrtps_cpp.hpp
[1.300s] -- Up-to-date: /home/sanjib28/turtlebot3_ws/install/turtlebot3_msgs/lib/libturtlebot3_msgs__rosidl_typesupport_fastrtps_cpp.so
[1.300s] -- Up-to-date: /home/sanjib28/turtlebot3_ws/install/turtlebot3_msgs/include/turtlebot3_msgs
[1.300s] -- Up-to-date: /home/sanjib28/turtlebot3_ws/install/turtlebot3_msgs/include/turtlebot3_msgs/msg
[1.300s] -- Up-to-date: /home/sanjib28/turtlebot3_ws/install/turtlebot3_msgs/include/turtlebot3_msgs/msg/detail
[1.300s] -- Up-to-date: /home/sanjib28/turtlebot3_ws/install/turtlebot3_msgs/include/turtlebot3_msgs/msg/detail/sensor_state__type_support.c
[1.300s] -- Up-to-date: /home/sanjib28/turtlebot3_ws/install/turtlebot3_msgs/include/turtlebot3_msgs/msg/detail/sensor_state__rosidl_typesupport_introspection_c.h
[1.300s] -- Up-to-date: /home/sanjib28/turtlebot3_ws/install/turtlebot3_msgs/include/turtlebot3_msgs/msg/detail/version_info__rosidl_typesupport_introspection_c.h
[1.300s] -- Up-to-date: /home/sanjib28/turtlebot3_ws/install/turtlebot3_msgs/include/turtlebot3_msgs/msg/detail/version_info__type_support.c
[1.301s] -- Up-to-date: /home/sanjib28/turtlebot3_ws/install/turtlebot3_msgs/include/turtlebot3_msgs/msg/detail/sound__type_support.c
[1.301s] -- Up-to-date: /home/sanjib28/turtlebot3_ws/install/turtlebot3_msgs/include/turtlebot3_msgs/msg/detail/sound__rosidl_typesupport_introspection_c.h
[1.301s] -- Up-to-date: /home/sanjib28/turtlebot3_ws/install/turtlebot3_msgs/include/turtlebot3_msgs/msg/rosidl_typesupport_introspection_c__visibility_control.h
[1.301s] -- Up-to-date: /home/sanjib28/turtlebot3_ws/install/turtlebot3_msgs/include/turtlebot3_msgs/action
[1.301s] -- Up-to-date: /home/sanjib28/turtlebot3_ws/install/turtlebot3_msgs/include/turtlebot3_msgs/action/detail
[1.301s] -- Up-to-date: /home/sanjib28/turtlebot3_ws/install/turtlebot3_msgs/include/turtlebot3_msgs/action/detail/patrol__rosidl_typesupport_introspection_c.h
[1.301s] -- Up-to-date: /home/sanjib28/turtlebot3_ws/install/turtlebot3_msgs/include/turtlebot3_msgs/action/detail/patrol__type_support.c
[1.301s] -- Up-to-date: /home/sanjib28/turtlebot3_ws/install/turtlebot3_msgs/include/turtlebot3_msgs/srv
[1.301s] -- Up-to-date: /home/sanjib28/turtlebot3_ws/install/turtlebot3_msgs/include/turtlebot3_msgs/srv/detail
[1.301s] -- Up-to-date: /home/sanjib28/turtlebot3_ws/install/turtlebot3_msgs/include/turtlebot3_msgs/srv/detail/dqn__type_support.c
[1.301s] -- Up-to-date: /home/sanjib28/turtlebot3_ws/install/turtlebot3_msgs/include/turtlebot3_msgs/srv/detail/dqn__rosidl_typesupport_introspection_c.h
[1.301s] -- Up-to-date: /home/sanjib28/turtlebot3_ws/install/turtlebot3_msgs/include/turtlebot3_msgs/srv/detail/sound__type_support.c
[1.302s] -- Up-to-date: /home/sanjib28/turtlebot3_ws/install/turtlebot3_msgs/include/turtlebot3_msgs/srv/detail/sound__rosidl_typesupport_introspection_c.h
[1.302s] -- Up-to-date: /home/sanjib28/turtlebot3_ws/install/turtlebot3_msgs/lib/libturtlebot3_msgs__rosidl_typesupport_introspection_c.so
[1.302s] -- Up-to-date: /home/sanjib28/turtlebot3_ws/install/turtlebot3_msgs/lib/libturtlebot3_msgs__rosidl_typesupport_c.so
[1.302s] -- Up-to-date: /home/sanjib28/turtlebot3_ws/install/turtlebot3_msgs/include/turtlebot3_msgs
[1.302s] -- Up-to-date: /home/sanjib28/turtlebot3_ws/install/turtlebot3_msgs/include/turtlebot3_msgs/msg
[1.302s] -- Up-to-date: /home/sanjib28/turtlebot3_ws/install/turtlebot3_msgs/include/turtlebot3_msgs/msg/version_info.hpp
[1.302s] -- Up-to-date: /home/sanjib28/turtlebot3_ws/install/turtlebot3_msgs/include/turtlebot3_msgs/msg/detail
[1.302s] -- Up-to-date: /home/sanjib28/turtlebot3_ws/install/turtlebot3_msgs/include/turtlebot3_msgs/msg/detail/version_info__builder.hpp
[1.302s] -- Up-to-date: /home/sanjib28/turtlebot3_ws/install/turtlebot3_msgs/include/turtlebot3_msgs/msg/detail/sensor_state__traits.hpp
[1.302s] -- Up-to-date: /home/sanjib28/turtlebot3_ws/install/turtlebot3_msgs/include/turtlebot3_msgs/msg/detail/sound__traits.hpp
[1.302s] -- Up-to-date: /home/sanjib28/turtlebot3_ws/install/turtlebot3_msgs/include/turtlebot3_msgs/msg/detail/sensor_state__struct.hpp
[1.303s] -- Up-to-date: /home/sanjib28/turtlebot3_ws/install/turtlebot3_msgs/include/turtlebot3_msgs/msg/detail/sound__struct.hpp
[1.303s] -- Up-to-date: /home/sanjib28/turtlebot3_ws/install/turtlebot3_msgs/include/turtlebot3_msgs/msg/detail/version_info__struct.hpp
[1.303s] -- Up-to-date: /home/sanjib28/turtlebot3_ws/install/turtlebot3_msgs/include/turtlebot3_msgs/msg/detail/sensor_state__builder.hpp
[1.303s] -- Up-to-date: /home/sanjib28/turtlebot3_ws/install/turtlebot3_msgs/include/turtlebot3_msgs/msg/detail/sound__builder.hpp
[1.303s] -- Up-to-date: /home/sanjib28/turtlebot3_ws/install/turtlebot3_msgs/include/turtlebot3_msgs/msg/detail/version_info__traits.hpp
[1.303s] -- Up-to-date: /home/sanjib28/turtlebot3_ws/install/turtlebot3_msgs/include/turtlebot3_msgs/msg/sensor_state.hpp
[1.303s] -- Up-to-date: /home/sanjib28/turtlebot3_ws/install/turtlebot3_msgs/include/turtlebot3_msgs/msg/sound.hpp
[1.303s] -- Up-to-date: /home/sanjib28/turtlebot3_ws/install/turtlebot3_msgs/include/turtlebot3_msgs/action
[1.303s] -- Up-to-date: /home/sanjib28/turtlebot3_ws/install/turtlebot3_msgs/include/turtlebot3_msgs/action/detail
[1.303s] -- Up-to-date: /home/sanjib28/turtlebot3_ws/install/turtlebot3_msgs/include/turtlebot3_msgs/action/detail/patrol__traits.hpp
[1.303s] -- Up-to-date: /home/sanjib28/turtlebot3_ws/install/turtlebot3_msgs/include/turtlebot3_msgs/action/detail/patrol__struct.hpp
[1.303s] -- Up-to-date: /home/sanjib28/turtlebot3_ws/install/turtlebot3_msgs/include/turtlebot3_msgs/action/detail/patrol__builder.hpp
[1.304s] -- Up-to-date: /home/sanjib28/turtlebot3_ws/install/turtlebot3_msgs/include/turtlebot3_msgs/action/patrol.hpp
[1.304s] -- Up-to-date: /home/sanjib28/turtlebot3_ws/install/turtlebot3_msgs/include/turtlebot3_msgs/srv
[1.304s] -- Up-to-date: /home/sanjib28/turtlebot3_ws/install/turtlebot3_msgs/include/turtlebot3_msgs/srv/detail
[1.304s] -- Up-to-date: /home/sanjib28/turtlebot3_ws/install/turtlebot3_msgs/include/turtlebot3_msgs/srv/detail/dqn__traits.hpp
[1.304s] -- Up-to-date: /home/sanjib28/turtlebot3_ws/install/turtlebot3_msgs/include/turtlebot3_msgs/srv/detail/sound__traits.hpp
[1.304s] -- Up-to-date: /home/sanjib28/turtlebot3_ws/install/turtlebot3_msgs/include/turtlebot3_msgs/srv/detail/sound__struct.hpp
[1.304s] -- Up-to-date: /home/sanjib28/turtlebot3_ws/install/turtlebot3_msgs/include/turtlebot3_msgs/srv/detail/dqn__builder.hpp
[1.304s] -- Up-to-date: /home/sanjib28/turtlebot3_ws/install/turtlebot3_msgs/include/turtlebot3_msgs/srv/detail/dqn__struct.hpp
[1.304s] -- Up-to-date: /home/sanjib28/turtlebot3_ws/install/turtlebot3_msgs/include/turtlebot3_msgs/srv/detail/sound__builder.hpp
[1.304s] -- Up-to-date: /home/sanjib28/turtlebot3_ws/install/turtlebot3_msgs/include/turtlebot3_msgs/srv/sound.hpp
[1.304s] -- Up-to-date: /home/sanjib28/turtlebot3_ws/install/turtlebot3_msgs/include/turtlebot3_msgs/srv/dqn.hpp
[1.305s] -- Up-to-date: /home/sanjib28/turtlebot3_ws/install/turtlebot3_msgs/include/turtlebot3_msgs
[1.305s] -- Up-to-date: /home/sanjib28/turtlebot3_ws/install/turtlebot3_msgs/include/turtlebot3_msgs/msg
[1.305s] -- Up-to-date: /home/sanjib28/turtlebot3_ws/install/turtlebot3_msgs/include/turtlebot3_msgs/msg/detail
[1.305s] -- Up-to-date: /home/sanjib28/turtlebot3_ws/install/turtlebot3_msgs/include/turtlebot3_msgs/msg/detail/sensor_state__rosidl_typesupport_introspection_cpp.hpp
[1.305s] -- Up-to-date: /home/sanjib28/turtlebot3_ws/install/turtlebot3_msgs/include/turtlebot3_msgs/msg/detail/sensor_state__type_support.cpp
[1.305s] -- Up-to-date: /home/sanjib28/turtlebot3_ws/install/turtlebot3_msgs/include/turtlebot3_msgs/msg/detail/version_info__type_support.cpp
[1.305s] -- Up-to-date: /home/sanjib28/turtlebot3_ws/install/turtlebot3_msgs/include/turtlebot3_msgs/msg/detail/sound__type_support.cpp
[1.305s] -- Up-to-date: /home/sanjib28/turtlebot3_ws/install/turtlebot3_msgs/include/turtlebot3_msgs/msg/detail/version_info__rosidl_typesupport_introspection_cpp.hpp
[1.305s] -- Up-to-date: /home/sanjib28/turtlebot3_ws/install/turtlebot3_msgs/include/turtlebot3_msgs/msg/detail/sound__rosidl_typesupport_introspection_cpp.hpp
[1.305s] -- Up-to-date: /home/sanjib28/turtlebot3_ws/install/turtlebot3_msgs/include/turtlebot3_msgs/action
[1.306s] -- Up-to-date: /home/sanjib28/turtlebot3_ws/install/turtlebot3_msgs/include/turtlebot3_msgs/action/detail
[1.307s] -- Up-to-date: /home/sanjib28/turtlebot3_ws/install/turtlebot3_msgs/include/turtlebot3_msgs/action/detail/patrol__type_support.cpp
[1.307s] -- Up-to-date: /home/sanjib28/turtlebot3_ws/install/turtlebot3_msgs/include/turtlebot3_msgs/action/detail/patrol__rosidl_typesupport_introspection_cpp.hpp
[1.307s] -- Up-to-date: /home/sanjib28/turtlebot3_ws/install/turtlebot3_msgs/include/turtlebot3_msgs/srv
[1.307s] -- Up-to-date: /home/sanjib28/turtlebot3_ws/install/turtlebot3_msgs/include/turtlebot3_msgs/srv/detail
[1.307s] -- Up-to-date: /home/sanjib28/turtlebot3_ws/install/turtlebot3_msgs/include/turtlebot3_msgs/srv/detail/dqn__rosidl_typesupport_introspection_cpp.hpp
[1.308s] -- Up-to-date: /home/sanjib28/turtlebot3_ws/install/turtlebot3_msgs/include/turtlebot3_msgs/srv/detail/dqn__type_support.cpp
[1.308s] -- Up-to-date: /home/sanjib28/turtlebot3_ws/install/turtlebot3_msgs/include/turtlebot3_msgs/srv/detail/sound__type_support.cpp
[1.308s] -- Up-to-date: /home/sanjib28/turtlebot3_ws/install/turtlebot3_msgs/include/turtlebot3_msgs/srv/detail/sound__rosidl_typesupport_introspection_cpp.hpp
[1.308s] -- Up-to-date: /home/sanjib28/turtlebot3_ws/install/turtlebot3_msgs/lib/libturtlebot3_msgs__rosidl_typesupport_introspection_cpp.so
[1.308s] -- Up-to-date: /home/sanjib28/turtlebot3_ws/install/turtlebot3_msgs/lib/libturtlebot3_msgs__rosidl_typesupport_cpp.so
[1.309s] -- Up-to-date: /home/sanjib28/turtlebot3_ws/install/turtlebot3_msgs/share/turtlebot3_msgs/environment/pythonpath.sh
[1.309s] -- Up-to-date: /home/sanjib28/turtlebot3_ws/install/turtlebot3_msgs/share/turtlebot3_msgs/environment/pythonpath.dsv
[1.309s] -- Up-to-date: /home/sanjib28/turtlebot3_ws/install/turtlebot3_msgs/lib/python3.8/site-packages/turtlebot3_msgs/__init__.py
[1.352s] -- Up-to-date: /home/sanjib28/turtlebot3_ws/install/turtlebot3_msgs/lib/python3.8/site-packages/turtlebot3_msgs/msg
[1.352s] -- Up-to-date: /home/sanjib28/turtlebot3_ws/install/turtlebot3_msgs/lib/python3.8/site-packages/turtlebot3_msgs/msg/_sound_s.c
[1.352s] -- Up-to-date: /home/sanjib28/turtlebot3_ws/install/turtlebot3_msgs/lib/python3.8/site-packages/turtlebot3_msgs/msg/_sensor_state_s.c
[1.352s] -- Up-to-date: /home/sanjib28/turtlebot3_ws/install/turtlebot3_msgs/lib/python3.8/site-packages/turtlebot3_msgs/msg/_version_info.py
[1.352s] -- Up-to-date: /home/sanjib28/turtlebot3_ws/install/turtlebot3_msgs/lib/python3.8/site-packages/turtlebot3_msgs/msg/_sensor_state.py
[1.353s] -- Up-to-date: /home/sanjib28/turtlebot3_ws/install/turtlebot3_msgs/lib/python3.8/site-packages/turtlebot3_msgs/msg/_sound.py
[1.353s] -- Up-to-date: /home/sanjib28/turtlebot3_ws/install/turtlebot3_msgs/lib/python3.8/site-packages/turtlebot3_msgs/msg/_version_info_s.c
[1.353s] -- Up-to-date: /home/sanjib28/turtlebot3_ws/install/turtlebot3_msgs/lib/python3.8/site-packages/turtlebot3_msgs/msg/__init__.py
[1.353s] -- Up-to-date: /home/sanjib28/turtlebot3_ws/install/turtlebot3_msgs/lib/python3.8/site-packages/turtlebot3_msgs/srv
[1.353s] -- Up-to-date: /home/sanjib28/turtlebot3_ws/install/turtlebot3_msgs/lib/python3.8/site-packages/turtlebot3_msgs/srv/_sound_s.c
[1.353s] -- Up-to-date: /home/sanjib28/turtlebot3_ws/install/turtlebot3_msgs/lib/python3.8/site-packages/turtlebot3_msgs/srv/_dqn.py
[1.353s] -- Up-to-date: /home/sanjib28/turtlebot3_ws/install/turtlebot3_msgs/lib/python3.8/site-packages/turtlebot3_msgs/srv/_dqn_s.c
[1.353s] -- Up-to-date: /home/sanjib28/turtlebot3_ws/install/turtlebot3_msgs/lib/python3.8/site-packages/turtlebot3_msgs/srv/_sound.py
[1.353s] -- Up-to-date: /home/sanjib28/turtlebot3_ws/install/turtlebot3_msgs/lib/python3.8/site-packages/turtlebot3_msgs/srv/__init__.py
[1.353s] -- Up-to-date: /home/sanjib28/turtlebot3_ws/install/turtlebot3_msgs/lib/python3.8/site-packages/turtlebot3_msgs/action
[1.353s] -- Up-to-date: /home/sanjib28/turtlebot3_ws/install/turtlebot3_msgs/lib/python3.8/site-packages/turtlebot3_msgs/action/_patrol.py
[1.354s] -- Up-to-date: /home/sanjib28/turtlebot3_ws/install/turtlebot3_msgs/lib/python3.8/site-packages/turtlebot3_msgs/action/__init__.py
[1.354s] -- Up-to-date: /home/sanjib28/turtlebot3_ws/install/turtlebot3_msgs/lib/python3.8/site-packages/turtlebot3_msgs/action/_patrol_s.c
[1.354s] -- Up-to-date: /home/sanjib28/turtlebot3_ws/install/turtlebot3_msgs/lib/python3.8/site-packages/turtlebot3_msgs/turtlebot3_msgs_s__rosidl_typesupport_fastrtps_c.cpython-38-x86_64-linux-gnu.so
[1.354s] -- Up-to-date: /home/sanjib28/turtlebot3_ws/install/turtlebot3_msgs/lib/python3.8/site-packages/turtlebot3_msgs/turtlebot3_msgs_s__rosidl_typesupport_introspection_c.cpython-38-x86_64-linux-gnu.so
[1.354s] -- Up-to-date: /home/sanjib28/turtlebot3_ws/install/turtlebot3_msgs/lib/python3.8/site-packages/turtlebot3_msgs/turtlebot3_msgs_s__rosidl_typesupport_c.cpython-38-x86_64-linux-gnu.so
[1.355s] -- Up-to-date: /home/sanjib28/turtlebot3_ws/install/turtlebot3_msgs/lib/libturtlebot3_msgs__python.so
[1.355s] -- Up-to-date: /home/sanjib28/turtlebot3_ws/install/turtlebot3_msgs/share/turtlebot3_msgs/msg/SensorState.idl
[1.356s] -- Up-to-date: /home/sanjib28/turtlebot3_ws/install/turtlebot3_msgs/share/turtlebot3_msgs/msg/Sound.idl
[1.356s] -- Up-to-date: /home/sanjib28/turtlebot3_ws/install/turtlebot3_msgs/share/turtlebot3_msgs/msg/VersionInfo.idl
[1.356s] -- Up-to-date: /home/sanjib28/turtlebot3_ws/install/turtlebot3_msgs/share/turtlebot3_msgs/srv/Sound.idl
[1.356s] -- Up-to-date: /home/sanjib28/turtlebot3_ws/install/turtlebot3_msgs/share/turtlebot3_msgs/srv/Dqn.idl
[1.357s] -- Up-to-date: /home/sanjib28/turtlebot3_ws/install/turtlebot3_msgs/share/turtlebot3_msgs/action/Patrol.idl
[1.357s] -- Up-to-date: /home/sanjib28/turtlebot3_ws/install/turtlebot3_msgs/share/turtlebot3_msgs/msg/SensorState.msg
[1.357s] -- Up-to-date: /home/sanjib28/turtlebot3_ws/install/turtlebot3_msgs/share/turtlebot3_msgs/msg/Sound.msg
[1.357s] -- Up-to-date: /home/sanjib28/turtlebot3_ws/install/turtlebot3_msgs/share/turtlebot3_msgs/msg/VersionInfo.msg
[1.358s] -- Up-to-date: /home/sanjib28/turtlebot3_ws/install/turtlebot3_msgs/share/turtlebot3_msgs/srv/Sound.srv
[1.358s] -- Up-to-date: /home/sanjib28/turtlebot3_ws/install/turtlebot3_msgs/share/turtlebot3_msgs/srv/Sound_Request.msg
[1.358s] -- Up-to-date: /home/sanjib28/turtlebot3_ws/install/turtlebot3_msgs/share/turtlebot3_msgs/srv/Sound_Response.msg
[1.358s] -- Up-to-date: /home/sanjib28/turtlebot3_ws/install/turtlebot3_msgs/share/turtlebot3_msgs/srv/Dqn.srv
[1.358s] -- Up-to-date: /home/sanjib28/turtlebot3_ws/install/turtlebot3_msgs/share/turtlebot3_msgs/srv/Dqn_Request.msg
[1.358s] -- Up-to-date: /home/sanjib28/turtlebot3_ws/install/turtlebot3_msgs/share/turtlebot3_msgs/srv/Dqn_Response.msg
[1.358s] -- Up-to-date: /home/sanjib28/turtlebot3_ws/install/turtlebot3_msgs/share/turtlebot3_msgs/action/Patrol.action
[1.359s] -- Up-to-date: /home/sanjib28/turtlebot3_ws/install/turtlebot3_msgs/share/ament_index/resource_index/package_run_dependencies/turtlebot3_msgs
[1.359s] -- Up-to-date: /home/sanjib28/turtlebot3_ws/install/turtlebot3_msgs/share/ament_index/resource_index/parent_prefix_path/turtlebot3_msgs
[1.359s] -- Up-to-date: /home/sanjib28/turtlebot3_ws/install/turtlebot3_msgs/share/turtlebot3_msgs/environment/ament_prefix_path.sh
[1.359s] -- Up-to-date: /home/sanjib28/turtlebot3_ws/install/turtlebot3_msgs/share/turtlebot3_msgs/environment/ament_prefix_path.dsv
[1.359s] -- Up-to-date: /home/sanjib28/turtlebot3_ws/install/turtlebot3_msgs/share/turtlebot3_msgs/environment/path.sh
[1.359s] -- Up-to-date: /home/sanjib28/turtlebot3_ws/install/turtlebot3_msgs/share/turtlebot3_msgs/environment/path.dsv
[1.359s] -- Up-to-date: /home/sanjib28/turtlebot3_ws/install/turtlebot3_msgs/share/turtlebot3_msgs/local_setup.bash
[1.360s] -- Up-to-date: /home/sanjib28/turtlebot3_ws/install/turtlebot3_msgs/share/turtlebot3_msgs/local_setup.sh
[1.360s] -- Up-to-date: /home/sanjib28/turtlebot3_ws/install/turtlebot3_msgs/share/turtlebot3_msgs/local_setup.zsh
[1.360s] -- Up-to-date: /home/sanjib28/turtlebot3_ws/install/turtlebot3_msgs/share/turtlebot3_msgs/local_setup.dsv
[1.360s] -- Installing: /home/sanjib28/turtlebot3_ws/install/turtlebot3_msgs/share/turtlebot3_msgs/package.dsv
[1.361s] -- Up-to-date: /home/sanjib28/turtlebot3_ws/install/turtlebot3_msgs/share/ament_index/resource_index/packages/turtlebot3_msgs
[1.361s] -- Up-to-date: /home/sanjib28/turtlebot3_ws/install/turtlebot3_msgs/share/turtlebot3_msgs/cmake/turtlebot3_msgs__rosidl_generator_cExport.cmake
[1.361s] -- Up-to-date: /home/sanjib28/turtlebot3_ws/install/turtlebot3_msgs/share/turtlebot3_msgs/cmake/turtlebot3_msgs__rosidl_generator_cExport-noconfig.cmake
[1.361s] -- Up-to-date: /home/sanjib28/turtlebot3_ws/install/turtlebot3_msgs/share/turtlebot3_msgs/cmake/turtlebot3_msgs__rosidl_typesupport_introspection_cExport.cmake
[1.361s] -- Up-to-date: /home/sanjib28/turtlebot3_ws/install/turtlebot3_msgs/share/turtlebot3_msgs/cmake/turtlebot3_msgs__rosidl_typesupport_introspection_cExport-noconfig.cmake
[1.361s] -- Up-to-date: /home/sanjib28/turtlebot3_ws/install/turtlebot3_msgs/share/turtlebot3_msgs/cmake/turtlebot3_msgs__rosidl_typesupport_cExport.cmake
[1.361s] -- Up-to-date: /home/sanjib28/turtlebot3_ws/install/turtlebot3_msgs/share/turtlebot3_msgs/cmake/turtlebot3_msgs__rosidl_typesupport_cExport-noconfig.cmake
[1.361s] -- Up-to-date: /home/sanjib28/turtlebot3_ws/install/turtlebot3_msgs/share/turtlebot3_msgs/cmake/turtlebot3_msgs__rosidl_generator_cppExport.cmake
[1.362s] -- Up-to-date: /home/sanjib28/turtlebot3_ws/install/turtlebot3_msgs/share/turtlebot3_msgs/cmake/turtlebot3_msgs__rosidl_typesupport_introspection_cppExport.cmake
[1.362s] -- Up-to-date: /home/sanjib28/turtlebot3_ws/install/turtlebot3_msgs/share/turtlebot3_msgs/cmake/turtlebot3_msgs__rosidl_typesupport_introspection_cppExport-noconfig.cmake
[1.362s] -- Up-to-date: /home/sanjib28/turtlebot3_ws/install/turtlebot3_msgs/share/turtlebot3_msgs/cmake/turtlebot3_msgs__rosidl_typesupport_cppExport.cmake
[1.362s] -- Up-to-date: /home/sanjib28/turtlebot3_ws/install/turtlebot3_msgs/share/turtlebot3_msgs/cmake/turtlebot3_msgs__rosidl_typesupport_cppExport-noconfig.cmake
[1.362s] -- Up-to-date: /home/sanjib28/turtlebot3_ws/install/turtlebot3_msgs/share/turtlebot3_msgs/cmake/rosidl_cmake-extras.cmake
[1.362s] -- Up-to-date: /home/sanjib28/turtlebot3_ws/install/turtlebot3_msgs/share/turtlebot3_msgs/cmake/ament_cmake_export_dependencies-extras.cmake
[1.362s] -- Up-to-date: /home/sanjib28/turtlebot3_ws/install/turtlebot3_msgs/share/turtlebot3_msgs/cmake/ament_cmake_export_libraries-extras.cmake
[1.362s] -- Up-to-date: /home/sanjib28/turtlebot3_ws/install/turtlebot3_msgs/share/turtlebot3_msgs/cmake/ament_cmake_export_targets-extras.cmake
[1.362s] -- Up-to-date: /home/sanjib28/turtlebot3_ws/install/turtlebot3_msgs/share/turtlebot3_msgs/cmake/ament_cmake_export_include_directories-extras.cmake
[1.362s] -- Up-to-date: /home/sanjib28/turtlebot3_ws/install/turtlebot3_msgs/share/turtlebot3_msgs/cmake/rosidl_cmake_export_typesupport_libraries-extras.cmake
[1.363s] -- Up-to-date: /home/sanjib28/turtlebot3_ws/install/turtlebot3_msgs/share/turtlebot3_msgs/cmake/rosidl_cmake_export_typesupport_targets-extras.cmake
[1.363s] -- Up-to-date: /home/sanjib28/turtlebot3_ws/install/turtlebot3_msgs/share/turtlebot3_msgs/cmake/turtlebot3_msgsConfig.cmake
[1.363s] -- Up-to-date: /home/sanjib28/turtlebot3_ws/install/turtlebot3_msgs/share/turtlebot3_msgs/cmake/turtlebot3_msgsConfig-version.cmake
[1.363s] -- Up-to-date: /home/sanjib28/turtlebot3_ws/install/turtlebot3_msgs/share/turtlebot3_msgs/package.xml
[1.376s] Invoked command in '/home/sanjib28/turtlebot3_ws/build/turtlebot3_msgs' returned '0': CMAKE_PREFIX_PATH=${CMAKE_PREFIX_PATH}:/home/sanjib28/turtlebot3_ws/install/turtlebot3_teleop:/home/sanjib28/turtlebot3_ws/install/turtlebot3_example:/opt/ros/foxy /usr/bin/cmake --install /home/sanjib28/turtlebot3_ws/build/turtlebot3_msgs
