[0.082s] Invoking command in '/home/sanjib28/turtlebot3_ws/build/turtlebot3_msgs': CMAKE_PREFIX_PATH=${CMAKE_PREFIX_PATH}:/home/sanjib28/turtlebot3_ws/install/turtlebot3_teleop:/home/sanjib28/turtlebot3_ws/install/turtlebot3_example:/opt/ros/foxy /usr/bin/cmake --build /home/sanjib28/turtlebot3_ws/build/turtlebot3_msgs -- -j2 -l2
[0.295s] [  1%] Built target turtlebot3_msgs__cpp
[0.359s] [ 12%] Built target turtlebot3_msgs__rosidl_typesupport_cpp
[0.369s] [ 23%] Built target turtlebot3_msgs__rosidl_generator_c
[0.429s] [ 35%] Built target turtlebot3_msgs__rosidl_typesupport_introspection_cpp
[0.481s] [ 46%] Built target turtlebot3_msgs__rosidl_typesupport_fastrtps_cpp
[0.540s] [ 57%] Built target turtlebot3_msgs__rosidl_typesupport_c
[0.548s] [ 69%] Built target turtlebot3_msgs__rosidl_typesupport_introspection_c
[0.609s] [ 80%] Built target turtlebot3_msgs__rosidl_typesupport_fastrtps_c
[0.659s] [ 80%] Built target turtlebot3_msgs
[0.707s] [ 81%] Built target turtlebot3_msgs__py
[0.776s] [ 91%] Built target turtlebot3_msgs__python
[0.846s] [ 94%] Built target turtlebot3_msgs__rosidl_typesupport_introspection_c__pyext
[0.851s] [ 97%] Built target turtlebot3_msgs__rosidl_typesupport_fastrtps_c__pyext
[0.922s] [100%] Built target turtlebot3_msgs__rosidl_typesupport_c__pyext
[0.952s] Invoked command in '/home/sanjib28/turtlebot3_ws/build/turtlebot3_msgs' returned '0': CMAKE_PREFIX_PATH=${CMAKE_PREFIX_PATH}:/home/sanjib28/turtlebot3_ws/install/turtlebot3_teleop:/home/sanjib28/turtlebot3_ws/install/turtlebot3_example:/opt/ros/foxy /usr/bin/cmake --build /home/sanjib28/turtlebot3_ws/build/turtlebot3_msgs -- -j2 -l2
[1.219s] Invoking command in '/home/sanjib28/turtlebot3_ws/build/turtlebot3_msgs': CMAKE_PREFIX_PATH=${CMAKE_PREFIX_PATH}:/home/sanjib28/turtlebot3_ws/install/turtlebot3_teleop:/home/sanjib28/turtlebot3_ws/install/turtlebot3_example:/opt/ros/foxy /usr/bin/cmake --install /home/sanjib28/turtlebot3_ws/build/turtlebot3_msgs
[1.239s] -- Install configuration: ""
[1.240s] -- Up-to-date: /home/sanjib28/turtlebot3_ws/install/turtlebot3_msgs/share/ament_index/resource_index/rosidl_interfaces/turtlebot3_msgs
[1.241s] -- Up-to-date: /home/sanjib28/turtlebot3_ws/install/turtlebot3_msgs/include/turtlebot3_msgs
[1.241s] -- Up-to-date: /home/sanjib28/turtlebot3_ws/install/turtlebot3_msgs/include/turtlebot3_msgs/msg
[1.242s] -- Up-to-date: /home/sanjib28/turtlebot3_ws/install/turtlebot3_msgs/include/turtlebot3_msgs/msg/rosidl_generator_c__visibility_control.h
[1.242s] -- Up-to-date: /home/sanjib28/turtlebot3_ws/install/turtlebot3_msgs/include/turtlebot3_msgs/msg/sensor_state.h
[1.242s] -- Up-to-date: /home/sanjib28/turtlebot3_ws/install/turtlebot3_msgs/include/turtlebot3_msgs/msg/detail
[1.242s] -- Up-to-date: /home/sanjib28/turtlebot3_ws/install/turtlebot3_msgs/include/turtlebot3_msgs/msg/detail/version_info__functions.h
[1.243s] -- Up-to-date: /home/sanjib28/turtlebot3_ws/install/turtlebot3_msgs/include/turtlebot3_msgs/msg/detail/sensor_state__functions.h
[1.243s] -- Up-to-date: /home/sanjib28/turtlebot3_ws/install/turtlebot3_msgs/include/turtlebot3_msgs/msg/detail/sound__type_support.h
[1.243s] -- Up-to-date: /home/sanjib28/turtlebot3_ws/install/turtlebot3_msgs/include/turtlebot3_msgs/msg/detail/sound__functions.c
[1.243s] -- Up-to-date: /home/sanjib28/turtlebot3_ws/install/turtlebot3_msgs/include/turtlebot3_msgs/msg/detail/sound__struct.h
[1.243s] -- Up-to-date: /home/sanjib28/turtlebot3_ws/install/turtlebot3_msgs/include/turtlebot3_msgs/msg/detail/sensor_state__functions.c
[1.243s] -- Up-to-date: /home/sanjib28/turtlebot3_ws/install/turtlebot3_msgs/include/turtlebot3_msgs/msg/detail/version_info__struct.h
[1.243s] -- Up-to-date: /home/sanjib28/turtlebot3_ws/install/turtlebot3_msgs/include/turtlebot3_msgs/msg/detail/version_info__functions.c
[1.244s] -- Up-to-date: /home/sanjib28/turtlebot3_ws/install/turtlebot3_msgs/include/turtlebot3_msgs/msg/detail/sensor_state__struct.h
[1.244s] -- Up-to-date: /home/sanjib28/turtlebot3_ws/install/turtlebot3_msgs/include/turtlebot3_msgs/msg/detail/sound__functions.h
[1.244s] -- Up-to-date: /home/sanjib28/turtlebot3_ws/install/turtlebot3_msgs/include/turtlebot3_msgs/msg/detail/sensor_state__type_support.h
[1.244s] -- Up-to-date: /home/sanjib28/turtlebot3_ws/install/turtlebot3_msgs/include/turtlebot3_msgs/msg/detail/version_info__type_support.h
[1.244s] -- Up-to-date: /home/sanjib28/turtlebot3_ws/install/turtlebot3_msgs/include/turtlebot3_msgs/msg/version_info.h
[1.244s] -- Up-to-date: /home/sanjib28/turtlebot3_ws/install/turtlebot3_msgs/include/turtlebot3_msgs/msg/sound.h
[1.244s] -- Up-to-date: /home/sanjib28/turtlebot3_ws/install/turtlebot3_msgs/include/turtlebot3_msgs/action
[1.244s] -- Up-to-date: /home/sanjib28/turtlebot3_ws/install/turtlebot3_msgs/include/turtlebot3_msgs/action/patrol.h
[1.245s] -- Up-to-date: /home/sanjib28/turtlebot3_ws/install/turtlebot3_msgs/include/turtlebot3_msgs/action/detail
[1.246s] -- Up-to-date: /home/sanjib28/turtlebot3_ws/install/turtlebot3_msgs/include/turtlebot3_msgs/action/detail/patrol__functions.h
[1.246s] -- Up-to-date: /home/sanjib28/turtlebot3_ws/install/turtlebot3_msgs/include/turtlebot3_msgs/action/detail/patrol__functions.c
[1.247s] -- Up-to-date: /home/sanjib28/turtlebot3_ws/install/turtlebot3_msgs/include/turtlebot3_msgs/action/detail/patrol__type_support.h
[1.252s] -- Up-to-date: /home/sanjib28/turtlebot3_ws/install/turtlebot3_msgs/include/turtlebot3_msgs/action/detail/patrol__struct.h
[1.252s] -- Up-to-date: /home/sanjib28/turtlebot3_ws/install/turtlebot3_msgs/include/turtlebot3_msgs/srv
[1.252s] -- Up-to-date: /home/sanjib28/turtlebot3_ws/install/turtlebot3_msgs/include/turtlebot3_msgs/srv/detail
[1.253s] -- Up-to-date: /home/sanjib28/turtlebot3_ws/install/turtlebot3_msgs/include/turtlebot3_msgs/srv/detail/sound__type_support.h
[1.254s] -- Up-to-date: /home/sanjib28/turtlebot3_ws/install/turtlebot3_msgs/include/turtlebot3_msgs/srv/detail/sound__functions.c
[1.254s] -- Up-to-date: /home/sanjib28/turtlebot3_ws/install/turtlebot3_msgs/include/turtlebot3_msgs/srv/detail/sound__struct.h
[1.254s] -- Up-to-date: /home/sanjib28/turtlebot3_ws/install/turtlebot3_msgs/include/turtlebot3_msgs/srv/detail/dqn__functions.c
[1.254s] -- Up-to-date: /home/sanjib28/turtlebot3_ws/install/turtlebot3_msgs/include/turtlebot3_msgs/srv/detail/dqn__struct.h
[1.255s] -- Up-to-date: /home/sanjib28/turtlebot3_ws/install/turtlebot3_msgs/include/turtlebot3_msgs/srv/detail/dqn__type_support.h
[1.255s] -- Up-to-date: /home/sanjib28/turtlebot3_ws/install/turtlebot3_msgs/include/turtlebot3_msgs/srv/detail/dqn__functions.h
[1.255s] -- Up-to-date: /home/sanjib28/turtlebot3_ws/install/turtlebot3_msgs/include/turtlebot3_msgs/srv/detail/sound__functions.h
[1.255s] -- Up-to-date: /home/sanjib28/turtlebot3_ws/install/turtlebot3_msgs/include/turtlebot3_msgs/srv/sound.h
[1.255s] -- Up-to-date: /home/sanjib28/turtlebot3_ws/install/turtlebot3_msgs/include/turtlebot3_msgs/srv/dqn.h
[1.255s] -- Up-to-date: /home/sanjib28/turtlebot3_ws/install/turtlebot3_msgs/share/turtlebot3_msgs/environment/library_path.sh
[1.255s] -- Up-to-date: /home/sanjib28/turtlebot3_ws/install/turtlebot3_msgs/share/turtlebot3_msgs/environment/library_path.dsv
[1.257s] -- Up-to-date: /home/sanjib28/turtlebot3_ws/install/turtlebot3_msgs/lib/libturtlebot3_msgs__rosidl_generator_c.so
[1.257s] -- Up-to-date: /home/sanjib28/turtlebot3_ws/install/turtlebot3_msgs/include/turtlebot3_msgs
[1.258s] -- Up-to-date: /home/sanjib28/turtlebot3_ws/install/turtlebot3_msgs/include/turtlebot3_msgs/msg
[1.258s] -- Up-to-date: /home/sanjib28/turtlebot3_ws/install/turtlebot3_msgs/include/turtlebot3_msgs/msg/rosidl_typesupport_fastrtps_c__visibility_control.h
[1.258s] -- Up-to-date: /home/sanjib28/turtlebot3_ws/install/turtlebot3_msgs/include/turtlebot3_msgs/msg/detail
[1.258s] -- Up-to-date: /home/sanjib28/turtlebot3_ws/install/turtlebot3_msgs/include/turtlebot3_msgs/msg/detail/sound__rosidl_typesupport_fastrtps_c.h
[1.259s] -- Up-to-date: /home/sanjib28/turtlebot3_ws/install/turtlebot3_msgs/include/turtlebot3_msgs/msg/detail/version_info__rosidl_typesupport_fastrtps_c.h
[1.260s] -- Up-to-date: /home/sanjib28/turtlebot3_ws/install/turtlebot3_msgs/include/turtlebot3_msgs/msg/detail/sensor_state__rosidl_typesupport_fastrtps_c.h
[1.260s] -- Up-to-date: /home/sanjib28/turtlebot3_ws/install/turtlebot3_msgs/include/turtlebot3_msgs/action
[1.260s] -- Up-to-date: /home/sanjib28/turtlebot3_ws/install/turtlebot3_msgs/include/turtlebot3_msgs/action/detail
[1.260s] -- Up-to-date: /home/sanjib28/turtlebot3_ws/install/turtlebot3_msgs/include/turtlebot3_msgs/action/detail/patrol__rosidl_typesupport_fastrtps_c.h
[1.261s] -- Up-to-date: /home/sanjib28/turtlebot3_ws/install/turtlebot3_msgs/include/turtlebot3_msgs/srv
[1.261s] -- Up-to-date: /home/sanjib28/turtlebot3_ws/install/turtlebot3_msgs/include/turtlebot3_msgs/srv/detail
[1.261s] -- Up-to-date: /home/sanjib28/turtlebot3_ws/install/turtlebot3_msgs/include/turtlebot3_msgs/srv/detail/sound__rosidl_typesupport_fastrtps_c.h
[1.262s] -- Up-to-date: /home/sanjib28/turtlebot3_ws/install/turtlebot3_msgs/include/turtlebot3_msgs/srv/detail/dqn__rosidl_typesupport_fastrtps_c.h
[1.264s] -- Up-to-date: /home/sanjib28/turtlebot3_ws/install/turtlebot3_msgs/lib/libturtlebot3_msgs__rosidl_typesupport_fastrtps_c.so
[1.265s] -- Up-to-date: /home/sanjib28/turtlebot3_ws/install/turtlebot3_msgs/include/turtlebot3_msgs
[1.265s] -- Up-to-date: /home/sanjib28/turtlebot3_ws/install/turtlebot3_msgs/include/turtlebot3_msgs/msg
[1.266s] -- Up-to-date: /home/sanjib28/turtlebot3_ws/install/turtlebot3_msgs/include/turtlebot3_msgs/msg/rosidl_typesupport_fastrtps_cpp__visibility_control.h
[1.266s] -- Up-to-date: /home/sanjib28/turtlebot3_ws/install/turtlebot3_msgs/include/turtlebot3_msgs/msg/detail
[1.266s] -- Up-to-date: /home/sanjib28/turtlebot3_ws/install/turtlebot3_msgs/include/turtlebot3_msgs/msg/detail/dds_fastrtps
[1.267s] -- Up-to-date: /home/sanjib28/turtlebot3_ws/install/turtlebot3_msgs/include/turtlebot3_msgs/msg/detail/sound__rosidl_typesupport_fastrtps_cpp.hpp
[1.267s] -- Up-to-date: /home/sanjib28/turtlebot3_ws/install/turtlebot3_msgs/include/turtlebot3_msgs/msg/detail/sensor_state__rosidl_typesupport_fastrtps_cpp.hpp
[1.267s] -- Up-to-date: /home/sanjib28/turtlebot3_ws/install/turtlebot3_msgs/include/turtlebot3_msgs/msg/detail/version_info__rosidl_typesupport_fastrtps_cpp.hpp
[1.267s] -- Up-to-date: /home/sanjib28/turtlebot3_ws/install/turtlebot3_msgs/include/turtlebot3_msgs/action
[1.268s] -- Up-to-date: /home/sanjib28/turtlebot3_ws/install/turtlebot3_msgs/include/turtlebot3_msgs/action/detail
[1.268s] -- Up-to-date: /home/sanjib28/turtlebot3_ws/install/turtlebot3_msgs/include/turtlebot3_msgs/action/detail/patrol__rosidl_typesupport_fastrtps_cpp.hpp
[1.268s] -- Up-to-date: /home/sanjib28/turtlebot3_ws/install/turtlebot3_msgs/include/turtlebot3_msgs/action/detail/dds_fastrtps
[1.269s] -- Up-to-date: /home/sanjib28/turtlebot3_ws/install/turtlebot3_msgs/include/turtlebot3_msgs/srv
[1.269s] -- Up-to-date: /home/sanjib28/turtlebot3_ws/install/turtlebot3_msgs/include/turtlebot3_msgs/srv/detail
[1.269s] -- Up-to-date: /home/sanjib28/turtlebot3_ws/install/turtlebot3_msgs/include/turtlebot3_msgs/srv/detail/dds_fastrtps
[1.269s] -- Up-to-date: /home/sanjib28/turtlebot3_ws/install/turtlebot3_msgs/include/turtlebot3_msgs/srv/detail/sound__rosidl_typesupport_fastrtps_cpp.hpp
[1.269s] -- Up-to-date: /home/sanjib28/turtlebot3_ws/install/turtlebot3_msgs/include/turtlebot3_msgs/srv/detail/dqn__rosidl_typesupport_fastrtps_cpp.hpp
[1.272s] -- Up-to-date: /home/sanjib28/turtlebot3_ws/install/turtlebot3_msgs/lib/libturtlebot3_msgs__rosidl_typesupport_fastrtps_cpp.so
[1.273s] -- Up-to-date: /home/sanjib28/turtlebot3_ws/install/turtlebot3_msgs/include/turtlebot3_msgs
[1.273s] -- Up-to-date: /home/sanjib28/turtlebot3_ws/install/turtlebot3_msgs/include/turtlebot3_msgs/msg
[1.273s] -- Up-to-date: /home/sanjib28/turtlebot3_ws/install/turtlebot3_msgs/include/turtlebot3_msgs/msg/detail
[1.274s] -- Up-to-date: /home/sanjib28/turtlebot3_ws/install/turtlebot3_msgs/include/turtlebot3_msgs/msg/detail/sensor_state__type_support.c
[1.274s] -- Up-to-date: /home/sanjib28/turtlebot3_ws/install/turtlebot3_msgs/include/turtlebot3_msgs/msg/detail/sensor_state__rosidl_typesupport_introspection_c.h
[1.274s] -- Up-to-date: /home/sanjib28/turtlebot3_ws/install/turtlebot3_msgs/include/turtlebot3_msgs/msg/detail/version_info__rosidl_typesupport_introspection_c.h
[1.274s] -- Up-to-date: /home/sanjib28/turtlebot3_ws/install/turtlebot3_msgs/include/turtlebot3_msgs/msg/detail/version_info__type_support.c
[1.275s] -- Up-to-date: /home/sanjib28/turtlebot3_ws/install/turtlebot3_msgs/include/turtlebot3_msgs/msg/detail/sound__type_support.c
[1.275s] -- Up-to-date: /home/sanjib28/turtlebot3_ws/install/turtlebot3_msgs/include/turtlebot3_msgs/msg/detail/sound__rosidl_typesupport_introspection_c.h
[1.275s] -- Up-to-date: /home/sanjib28/turtlebot3_ws/install/turtlebot3_msgs/include/turtlebot3_msgs/msg/rosidl_typesupport_introspection_c__visibility_control.h
[1.275s] -- Up-to-date: /home/sanjib28/turtlebot3_ws/install/turtlebot3_msgs/include/turtlebot3_msgs/action
[1.276s] -- Up-to-date: /home/sanjib28/turtlebot3_ws/install/turtlebot3_msgs/include/turtlebot3_msgs/action/detail
[1.276s] -- Up-to-date: /home/sanjib28/turtlebot3_ws/install/turtlebot3_msgs/include/turtlebot3_msgs/action/detail/patrol__rosidl_typesupport_introspection_c.h
[1.276s] -- Up-to-date: /home/sanjib28/turtlebot3_ws/install/turtlebot3_msgs/include/turtlebot3_msgs/action/detail/patrol__type_support.c
[1.277s] -- Up-to-date: /home/sanjib28/turtlebot3_ws/install/turtlebot3_msgs/include/turtlebot3_msgs/srv
[1.277s] -- Up-to-date: /home/sanjib28/turtlebot3_ws/install/turtlebot3_msgs/include/turtlebot3_msgs/srv/detail
[1.277s] -- Up-to-date: /home/sanjib28/turtlebot3_ws/install/turtlebot3_msgs/include/turtlebot3_msgs/srv/detail/dqn__type_support.c
[1.277s] -- Up-to-date: /home/sanjib28/turtlebot3_ws/install/turtlebot3_msgs/include/turtlebot3_msgs/srv/detail/dqn__rosidl_typesupport_introspection_c.h
[1.278s] -- Up-to-date: /home/sanjib28/turtlebot3_ws/install/turtlebot3_msgs/include/turtlebot3_msgs/srv/detail/sound__type_support.c
[1.278s] -- Up-to-date: /home/sanjib28/turtlebot3_ws/install/turtlebot3_msgs/include/turtlebot3_msgs/srv/detail/sound__rosidl_typesupport_introspection_c.h
[1.280s] -- Up-to-date: /home/sanjib28/turtlebot3_ws/install/turtlebot3_msgs/lib/libturtlebot3_msgs__rosidl_typesupport_introspection_c.so
[1.282s] -- Up-to-date: /home/sanjib28/turtlebot3_ws/install/turtlebot3_msgs/lib/libturtlebot3_msgs__rosidl_typesupport_c.so
[1.283s] -- Up-to-date: /home/sanjib28/turtlebot3_ws/install/turtlebot3_msgs/include/turtlebot3_msgs
[1.283s] -- Up-to-date: /home/sanjib28/turtlebot3_ws/install/turtlebot3_msgs/include/turtlebot3_msgs/msg
[1.284s] -- Up-to-date: /home/sanjib28/turtlebot3_ws/install/turtlebot3_msgs/include/turtlebot3_msgs/msg/version_info.hpp
[1.284s] -- Up-to-date: /home/sanjib28/turtlebot3_ws/install/turtlebot3_msgs/include/turtlebot3_msgs/msg/detail
[1.284s] -- Up-to-date: /home/sanjib28/turtlebot3_ws/install/turtlebot3_msgs/include/turtlebot3_msgs/msg/detail/version_info__builder.hpp
[1.284s] -- Up-to-date: /home/sanjib28/turtlebot3_ws/install/turtlebot3_msgs/include/turtlebot3_msgs/msg/detail/sensor_state__traits.hpp
[1.285s] -- Up-to-date: /home/sanjib28/turtlebot3_ws/install/turtlebot3_msgs/include/turtlebot3_msgs/msg/detail/sound__traits.hpp
[1.285s] -- Up-to-date: /home/sanjib28/turtlebot3_ws/install/turtlebot3_msgs/include/turtlebot3_msgs/msg/detail/sensor_state__struct.hpp
[1.285s] -- Up-to-date: /home/sanjib28/turtlebot3_ws/install/turtlebot3_msgs/include/turtlebot3_msgs/msg/detail/sound__struct.hpp
[1.285s] -- Up-to-date: /home/sanjib28/turtlebot3_ws/install/turtlebot3_msgs/include/turtlebot3_msgs/msg/detail/version_info__struct.hpp
[1.286s] -- Up-to-date: /home/sanjib28/turtlebot3_ws/install/turtlebot3_msgs/include/turtlebot3_msgs/msg/detail/sensor_state__builder.hpp
[1.286s] -- Up-to-date: /home/sanjib28/turtlebot3_ws/install/turtlebot3_msgs/include/turtlebot3_msgs/msg/detail/sound__builder.hpp
[1.286s] -- Up-to-date: /home/sanjib28/turtlebot3_ws/install/turtlebot3_msgs/include/turtlebot3_msgs/msg/detail/version_info__traits.hpp
[1.286s] -- Up-to-date: /home/sanjib28/turtlebot3_ws/install/turtlebot3_msgs/include/turtlebot3_msgs/msg/sensor_state.hpp
[1.287s] -- Up-to-date: /home/sanjib28/turtlebot3_ws/install/turtlebot3_msgs/include/turtlebot3_msgs/msg/sound.hpp
[1.287s] -- Up-to-date: /home/sanjib28/turtlebot3_ws/install/turtlebot3_msgs/include/turtlebot3_msgs/action
[1.287s] -- Up-to-date: /home/sanjib28/turtlebot3_ws/install/turtlebot3_msgs/include/turtlebot3_msgs/action/detail
[1.287s] -- Up-to-date: /home/sanjib28/turtlebot3_ws/install/turtlebot3_msgs/include/turtlebot3_msgs/action/detail/patrol__traits.hpp
[1.288s] -- Up-to-date: /home/sanjib28/turtlebot3_ws/install/turtlebot3_msgs/include/turtlebot3_msgs/action/detail/patrol__struct.hpp
[1.288s] -- Up-to-date: /home/sanjib28/turtlebot3_ws/install/turtlebot3_msgs/include/turtlebot3_msgs/action/detail/patrol__builder.hpp
[1.288s] -- Up-to-date: /home/sanjib28/turtlebot3_ws/install/turtlebot3_msgs/include/turtlebot3_msgs/action/patrol.hpp
[1.288s] -- Up-to-date: /home/sanjib28/turtlebot3_ws/install/turtlebot3_msgs/include/turtlebot3_msgs/srv
[1.289s] -- Up-to-date: /home/sanjib28/turtlebot3_ws/install/turtlebot3_msgs/include/turtlebot3_msgs/srv/detail
[1.289s] -- Up-to-date: /home/sanjib28/turtlebot3_ws/install/turtlebot3_msgs/include/turtlebot3_msgs/srv/detail/dqn__traits.hpp
[1.289s] -- Up-to-date: /home/sanjib28/turtlebot3_ws/install/turtlebot3_msgs/include/turtlebot3_msgs/srv/detail/sound__traits.hpp
[1.289s] -- Up-to-date: /home/sanjib28/turtlebot3_ws/install/turtlebot3_msgs/include/turtlebot3_msgs/srv/detail/sound__struct.hpp
[1.290s] -- Up-to-date: /home/sanjib28/turtlebot3_ws/install/turtlebot3_msgs/include/turtlebot3_msgs/srv/detail/dqn__builder.hpp
[1.290s] -- Up-to-date: /home/sanjib28/turtlebot3_ws/install/turtlebot3_msgs/include/turtlebot3_msgs/srv/detail/dqn__struct.hpp
[1.290s] -- Up-to-date: /home/sanjib28/turtlebot3_ws/install/turtlebot3_msgs/include/turtlebot3_msgs/srv/detail/sound__builder.hpp
[1.290s] -- Up-to-date: /home/sanjib28/turtlebot3_ws/install/turtlebot3_msgs/include/turtlebot3_msgs/srv/sound.hpp
[1.291s] -- Up-to-date: /home/sanjib28/turtlebot3_ws/install/turtlebot3_msgs/include/turtlebot3_msgs/srv/dqn.hpp
[1.291s] -- Up-to-date: /home/sanjib28/turtlebot3_ws/install/turtlebot3_msgs/include/turtlebot3_msgs
[1.292s] -- Up-to-date: /home/sanjib28/turtlebot3_ws/install/turtlebot3_msgs/include/turtlebot3_msgs/msg
[1.292s] -- Up-to-date: /home/sanjib28/turtlebot3_ws/install/turtlebot3_msgs/include/turtlebot3_msgs/msg/detail
[1.292s] -- Up-to-date: /home/sanjib28/turtlebot3_ws/install/turtlebot3_msgs/include/turtlebot3_msgs/msg/detail/sensor_state__rosidl_typesupport_introspection_cpp.hpp
[1.293s] -- Up-to-date: /home/sanjib28/turtlebot3_ws/install/turtlebot3_msgs/include/turtlebot3_msgs/msg/detail/sensor_state__type_support.cpp
[1.293s] -- Up-to-date: /home/sanjib28/turtlebot3_ws/install/turtlebot3_msgs/include/turtlebot3_msgs/msg/detail/version_info__type_support.cpp
[1.293s] -- Up-to-date: /home/sanjib28/turtlebot3_ws/install/turtlebot3_msgs/include/turtlebot3_msgs/msg/detail/sound__type_support.cpp
[1.294s] -- Up-to-date: /home/sanjib28/turtlebot3_ws/install/turtlebot3_msgs/include/turtlebot3_msgs/msg/detail/version_info__rosidl_typesupport_introspection_cpp.hpp
[1.294s] -- Up-to-date: /home/sanjib28/turtlebot3_ws/install/turtlebot3_msgs/include/turtlebot3_msgs/msg/detail/sound__rosidl_typesupport_introspection_cpp.hpp
[1.294s] -- Up-to-date: /home/sanjib28/turtlebot3_ws/install/turtlebot3_msgs/include/turtlebot3_msgs/action
[1.295s] -- Up-to-date: /home/sanjib28/turtlebot3_ws/install/turtlebot3_msgs/include/turtlebot3_msgs/action/detail
[1.295s] -- Up-to-date: /home/sanjib28/turtlebot3_ws/install/turtlebot3_msgs/include/turtlebot3_msgs/action/detail/patrol__type_support.cpp
[1.296s] -- Up-to-date: /home/sanjib28/turtlebot3_ws/install/turtlebot3_msgs/include/turtlebot3_msgs/action/detail/patrol__rosidl_typesupport_introspection_cpp.hpp
[1.296s] -- Up-to-date: /home/sanjib28/turtlebot3_ws/install/turtlebot3_msgs/include/turtlebot3_msgs/srv
[1.296s] -- Up-to-date: /home/sanjib28/turtlebot3_ws/install/turtlebot3_msgs/include/turtlebot3_msgs/srv/detail
[1.297s] -- Up-to-date: /home/sanjib28/turtlebot3_ws/install/turtlebot3_msgs/include/turtlebot3_msgs/srv/detail/dqn__rosidl_typesupport_introspection_cpp.hpp
[1.297s] -- Up-to-date: /home/sanjib28/turtlebot3_ws/install/turtlebot3_msgs/include/turtlebot3_msgs/srv/detail/dqn__type_support.cpp
[1.297s] -- Up-to-date: /home/sanjib28/turtlebot3_ws/install/turtlebot3_msgs/include/turtlebot3_msgs/srv/detail/sound__type_support.cpp
[1.297s] -- Up-to-date: /home/sanjib28/turtlebot3_ws/install/turtlebot3_msgs/include/turtlebot3_msgs/srv/detail/sound__rosidl_typesupport_introspection_cpp.hpp
[1.301s] -- Up-to-date: /home/sanjib28/turtlebot3_ws/install/turtlebot3_msgs/lib/libturtlebot3_msgs__rosidl_typesupport_introspection_cpp.so
[1.303s] -- Up-to-date: /home/sanjib28/turtlebot3_ws/install/turtlebot3_msgs/lib/libturtlebot3_msgs__rosidl_typesupport_cpp.so
[1.303s] -- Up-to-date: /home/sanjib28/turtlebot3_ws/install/turtlebot3_msgs/share/turtlebot3_msgs/environment/pythonpath.sh
[1.303s] -- Up-to-date: /home/sanjib28/turtlebot3_ws/install/turtlebot3_msgs/share/turtlebot3_msgs/environment/pythonpath.dsv
[1.304s] -- Up-to-date: /home/sanjib28/turtlebot3_ws/install/turtlebot3_msgs/lib/python3.8/site-packages/turtlebot3_msgs/__init__.py
[1.364s] -- Up-to-date: /home/sanjib28/turtlebot3_ws/install/turtlebot3_msgs/lib/python3.8/site-packages/turtlebot3_msgs/msg
[1.365s] -- Up-to-date: /home/sanjib28/turtlebot3_ws/install/turtlebot3_msgs/lib/python3.8/site-packages/turtlebot3_msgs/msg/_sound_s.c
[1.365s] -- Up-to-date: /home/sanjib28/turtlebot3_ws/install/turtlebot3_msgs/lib/python3.8/site-packages/turtlebot3_msgs/msg/_sensor_state_s.c
[1.365s] -- Up-to-date: /home/sanjib28/turtlebot3_ws/install/turtlebot3_msgs/lib/python3.8/site-packages/turtlebot3_msgs/msg/_version_info.py
[1.365s] -- Up-to-date: /home/sanjib28/turtlebot3_ws/install/turtlebot3_msgs/lib/python3.8/site-packages/turtlebot3_msgs/msg/_sensor_state.py
[1.365s] -- Up-to-date: /home/sanjib28/turtlebot3_ws/install/turtlebot3_msgs/lib/python3.8/site-packages/turtlebot3_msgs/msg/_sound.py
[1.365s] -- Up-to-date: /home/sanjib28/turtlebot3_ws/install/turtlebot3_msgs/lib/python3.8/site-packages/turtlebot3_msgs/msg/_version_info_s.c
[1.366s] -- Up-to-date: /home/sanjib28/turtlebot3_ws/install/turtlebot3_msgs/lib/python3.8/site-packages/turtlebot3_msgs/msg/__init__.py
[1.366s] -- Up-to-date: /home/sanjib28/turtlebot3_ws/install/turtlebot3_msgs/lib/python3.8/site-packages/turtlebot3_msgs/srv
[1.367s] -- Up-to-date: /home/sanjib28/turtlebot3_ws/install/turtlebot3_msgs/lib/python3.8/site-packages/turtlebot3_msgs/srv/_sound_s.c
[1.367s] -- Up-to-date: /home/sanjib28/turtlebot3_ws/install/turtlebot3_msgs/lib/python3.8/site-packages/turtlebot3_msgs/srv/_dqn.py
[1.367s] -- Up-to-date: /home/sanjib28/turtlebot3_ws/install/turtlebot3_msgs/lib/python3.8/site-packages/turtlebot3_msgs/srv/_dqn_s.c
[1.367s] -- Up-to-date: /home/sanjib28/turtlebot3_ws/install/turtlebot3_msgs/lib/python3.8/site-packages/turtlebot3_msgs/srv/_sound.py
[1.367s] -- Up-to-date: /home/sanjib28/turtlebot3_ws/install/turtlebot3_msgs/lib/python3.8/site-packages/turtlebot3_msgs/srv/__init__.py
[1.367s] -- Up-to-date: /home/sanjib28/turtlebot3_ws/install/turtlebot3_msgs/lib/python3.8/site-packages/turtlebot3_msgs/action
[1.368s] -- Up-to-date: /home/sanjib28/turtlebot3_ws/install/turtlebot3_msgs/lib/python3.8/site-packages/turtlebot3_msgs/action/_patrol.py
[1.368s] -- Up-to-date: /home/sanjib28/turtlebot3_ws/install/turtlebot3_msgs/lib/python3.8/site-packages/turtlebot3_msgs/action/__init__.py
[1.368s] -- Up-to-date: /home/sanjib28/turtlebot3_ws/install/turtlebot3_msgs/lib/python3.8/site-packages/turtlebot3_msgs/action/_patrol_s.c
[1.369s] -- Up-to-date: /home/sanjib28/turtlebot3_ws/install/turtlebot3_msgs/lib/python3.8/site-packages/turtlebot3_msgs/turtlebot3_msgs_s__rosidl_typesupport_fastrtps_c.cpython-38-x86_64-linux-gnu.so
[1.372s] -- Up-to-date: /home/sanjib28/turtlebot3_ws/install/turtlebot3_msgs/lib/python3.8/site-packages/turtlebot3_msgs/turtlebot3_msgs_s__rosidl_typesupport_introspection_c.cpython-38-x86_64-linux-gnu.so
[1.374s] -- Up-to-date: /home/sanjib28/turtlebot3_ws/install/turtlebot3_msgs/lib/python3.8/site-packages/turtlebot3_msgs/turtlebot3_msgs_s__rosidl_typesupport_c.cpython-38-x86_64-linux-gnu.so
[1.376s] -- Up-to-date: /home/sanjib28/turtlebot3_ws/install/turtlebot3_msgs/lib/libturtlebot3_msgs__python.so
[1.377s] -- Up-to-date: /home/sanjib28/turtlebot3_ws/install/turtlebot3_msgs/share/turtlebot3_msgs/msg/SensorState.idl
[1.377s] -- Up-to-date: /home/sanjib28/turtlebot3_ws/install/turtlebot3_msgs/share/turtlebot3_msgs/msg/Sound.idl
[1.378s] -- Up-to-date: /home/sanjib28/turtlebot3_ws/install/turtlebot3_msgs/share/turtlebot3_msgs/msg/VersionInfo.idl
[1.378s] -- Up-to-date: /home/sanjib28/turtlebot3_ws/install/turtlebot3_msgs/share/turtlebot3_msgs/srv/Sound.idl
[1.378s] -- Up-to-date: /home/sanjib28/turtlebot3_ws/install/turtlebot3_msgs/share/turtlebot3_msgs/srv/Dqn.idl
[1.379s] -- Up-to-date: /home/sanjib28/turtlebot3_ws/install/turtlebot3_msgs/share/turtlebot3_msgs/action/Patrol.idl
[1.379s] -- Up-to-date: /home/sanjib28/turtlebot3_ws/install/turtlebot3_msgs/share/turtlebot3_msgs/msg/SensorState.msg
[1.379s] -- Up-to-date: /home/sanjib28/turtlebot3_ws/install/turtlebot3_msgs/share/turtlebot3_msgs/msg/Sound.msg
[1.379s] -- Up-to-date: /home/sanjib28/turtlebot3_ws/install/turtlebot3_msgs/share/turtlebot3_msgs/msg/VersionInfo.msg
[1.380s] -- Up-to-date: /home/sanjib28/turtlebot3_ws/install/turtlebot3_msgs/share/turtlebot3_msgs/srv/Sound.srv
[1.380s] -- Up-to-date: /home/sanjib28/turtlebot3_ws/install/turtlebot3_msgs/share/turtlebot3_msgs/srv/Sound_Request.msg
[1.380s] -- Up-to-date: /home/sanjib28/turtlebot3_ws/install/turtlebot3_msgs/share/turtlebot3_msgs/srv/Sound_Response.msg
[1.380s] -- Up-to-date: /home/sanjib28/turtlebot3_ws/install/turtlebot3_msgs/share/turtlebot3_msgs/srv/Dqn.srv
[1.380s] -- Up-to-date: /home/sanjib28/turtlebot3_ws/install/turtlebot3_msgs/share/turtlebot3_msgs/srv/Dqn_Request.msg
[1.380s] -- Up-to-date: /home/sanjib28/turtlebot3_ws/install/turtlebot3_msgs/share/turtlebot3_msgs/srv/Dqn_Response.msg
[1.380s] -- Up-to-date: /home/sanjib28/turtlebot3_ws/install/turtlebot3_msgs/share/turtlebot3_msgs/action/Patrol.action
[1.380s] -- Up-to-date: /home/sanjib28/turtlebot3_ws/install/turtlebot3_msgs/share/ament_index/resource_index/package_run_dependencies/turtlebot3_msgs
[1.380s] -- Up-to-date: /home/sanjib28/turtlebot3_ws/install/turtlebot3_msgs/share/ament_index/resource_index/parent_prefix_path/turtlebot3_msgs
[1.381s] -- Up-to-date: /home/sanjib28/turtlebot3_ws/install/turtlebot3_msgs/share/turtlebot3_msgs/environment/ament_prefix_path.sh
[1.381s] -- Up-to-date: /home/sanjib28/turtlebot3_ws/install/turtlebot3_msgs/share/turtlebot3_msgs/environment/ament_prefix_path.dsv
[1.381s] -- Up-to-date: /home/sanjib28/turtlebot3_ws/install/turtlebot3_msgs/share/turtlebot3_msgs/environment/path.sh
[1.381s] -- Up-to-date: /home/sanjib28/turtlebot3_ws/install/turtlebot3_msgs/share/turtlebot3_msgs/environment/path.dsv
[1.381s] -- Up-to-date: /home/sanjib28/turtlebot3_ws/install/turtlebot3_msgs/share/turtlebot3_msgs/local_setup.bash
[1.382s] -- Up-to-date: /home/sanjib28/turtlebot3_ws/install/turtlebot3_msgs/share/turtlebot3_msgs/local_setup.sh
[1.382s] -- Up-to-date: /home/sanjib28/turtlebot3_ws/install/turtlebot3_msgs/share/turtlebot3_msgs/local_setup.zsh
[1.382s] -- Up-to-date: /home/sanjib28/turtlebot3_ws/install/turtlebot3_msgs/share/turtlebot3_msgs/local_setup.dsv
[1.382s] -- Installing: /home/sanjib28/turtlebot3_ws/install/turtlebot3_msgs/share/turtlebot3_msgs/package.dsv
[1.382s] -- Up-to-date: /home/sanjib28/turtlebot3_ws/install/turtlebot3_msgs/share/ament_index/resource_index/packages/turtlebot3_msgs
[1.386s] -- Up-to-date: /home/sanjib28/turtlebot3_ws/install/turtlebot3_msgs/share/turtlebot3_msgs/cmake/turtlebot3_msgs__rosidl_generator_cExport.cmake
[1.386s] -- Up-to-date: /home/sanjib28/turtlebot3_ws/install/turtlebot3_msgs/share/turtlebot3_msgs/cmake/turtlebot3_msgs__rosidl_generator_cExport-noconfig.cmake
[1.387s] -- Up-to-date: /home/sanjib28/turtlebot3_ws/install/turtlebot3_msgs/share/turtlebot3_msgs/cmake/turtlebot3_msgs__rosidl_typesupport_introspection_cExport.cmake
[1.387s] -- Up-to-date: /home/sanjib28/turtlebot3_ws/install/turtlebot3_msgs/share/turtlebot3_msgs/cmake/turtlebot3_msgs__rosidl_typesupport_introspection_cExport-noconfig.cmake
[1.388s] -- Up-to-date: /home/sanjib28/turtlebot3_ws/install/turtlebot3_msgs/share/turtlebot3_msgs/cmake/turtlebot3_msgs__rosidl_typesupport_cExport.cmake
[1.389s] -- Up-to-date: /home/sanjib28/turtlebot3_ws/install/turtlebot3_msgs/share/turtlebot3_msgs/cmake/turtlebot3_msgs__rosidl_typesupport_cExport-noconfig.cmake
[1.390s] -- Up-to-date: /home/sanjib28/turtlebot3_ws/install/turtlebot3_msgs/share/turtlebot3_msgs/cmake/turtlebot3_msgs__rosidl_generator_cppExport.cmake
[1.391s] -- Up-to-date: /home/sanjib28/turtlebot3_ws/install/turtlebot3_msgs/share/turtlebot3_msgs/cmake/turtlebot3_msgs__rosidl_typesupport_introspection_cppExport.cmake
[1.391s] -- Up-to-date: /home/sanjib28/turtlebot3_ws/install/turtlebot3_msgs/share/turtlebot3_msgs/cmake/turtlebot3_msgs__rosidl_typesupport_introspection_cppExport-noconfig.cmake
[1.393s] -- Up-to-date: /home/sanjib28/turtlebot3_ws/install/turtlebot3_msgs/share/turtlebot3_msgs/cmake/turtlebot3_msgs__rosidl_typesupport_cppExport.cmake
[1.393s] -- Up-to-date: /home/sanjib28/turtlebot3_ws/install/turtlebot3_msgs/share/turtlebot3_msgs/cmake/turtlebot3_msgs__rosidl_typesupport_cppExport-noconfig.cmake
[1.393s] -- Up-to-date: /home/sanjib28/turtlebot3_ws/install/turtlebot3_msgs/share/turtlebot3_msgs/cmake/rosidl_cmake-extras.cmake
[1.393s] -- Up-to-date: /home/sanjib28/turtlebot3_ws/install/turtlebot3_msgs/share/turtlebot3_msgs/cmake/ament_cmake_export_dependencies-extras.cmake
[1.393s] -- Up-to-date: /home/sanjib28/turtlebot3_ws/install/turtlebot3_msgs/share/turtlebot3_msgs/cmake/ament_cmake_export_libraries-extras.cmake
[1.393s] -- Up-to-date: /home/sanjib28/turtlebot3_ws/install/turtlebot3_msgs/share/turtlebot3_msgs/cmake/ament_cmake_export_targets-extras.cmake
[1.393s] -- Up-to-date: /home/sanjib28/turtlebot3_ws/install/turtlebot3_msgs/share/turtlebot3_msgs/cmake/ament_cmake_export_include_directories-extras.cmake
[1.394s] -- Up-to-date: /home/sanjib28/turtlebot3_ws/install/turtlebot3_msgs/share/turtlebot3_msgs/cmake/rosidl_cmake_export_typesupport_libraries-extras.cmake
[1.394s] -- Up-to-date: /home/sanjib28/turtlebot3_ws/install/turtlebot3_msgs/share/turtlebot3_msgs/cmake/rosidl_cmake_export_typesupport_targets-extras.cmake
[1.394s] -- Up-to-date: /home/sanjib28/turtlebot3_ws/install/turtlebot3_msgs/share/turtlebot3_msgs/cmake/turtlebot3_msgsConfig.cmake
[1.394s] -- Up-to-date: /home/sanjib28/turtlebot3_ws/install/turtlebot3_msgs/share/turtlebot3_msgs/cmake/turtlebot3_msgsConfig-version.cmake
[1.394s] -- Up-to-date: /home/sanjib28/turtlebot3_ws/install/turtlebot3_msgs/share/turtlebot3_msgs/package.xml
[1.398s] Invoked command in '/home/sanjib28/turtlebot3_ws/build/turtlebot3_msgs' returned '0': CMAKE_PREFIX_PATH=${CMAKE_PREFIX_PATH}:/home/sanjib28/turtlebot3_ws/install/turtlebot3_teleop:/home/sanjib28/turtlebot3_ws/install/turtlebot3_example:/opt/ros/foxy /usr/bin/cmake --install /home/sanjib28/turtlebot3_ws/build/turtlebot3_msgs
